13:15:15.599  INFO  manager.AppManager - Start in browser CHROME
13:15:16.598  INFO  tests.TestBase - Start method -->addContactTestCSV
13:15:16.598  INFO  tests.TestBase - ==================================================================
13:15:16.599  INFO  manager.MyListener - Start find element by -->By.xpath: //button[text()='Sign Out']
13:15:26.625  INFO  manager.MyListener - The element -->By.xpath: //button[text()='Sign Out']was found
13:15:26.626  INFO  manager.MyListener - Start find element by -->By.xpath: //a[.='LOGIN']
13:15:26.641  INFO  manager.MyListener - The element -->By.xpath: //a[.='LOGIN']was found
13:15:26.692  INFO  manager.MyListener - Start find element by -->By.xpath: //input[1]
13:15:26.719  INFO  manager.MyListener - The element -->By.xpath: //input[1]was found
13:15:26.830  INFO  manager.MyListener - Start find element by -->By.xpath: //input[2]
13:15:26.844  INFO  manager.MyListener - The element -->By.xpath: //input[2]was found
13:15:26.958  INFO  manager.MyListener - Start find element by -->By.xpath: //button[1]
13:15:26.983  INFO  manager.MyListener - The element -->By.xpath: //button[1]was found
13:15:29.035  INFO  manager.MyListener - Start find element by -->By.xpath: //a[.='ADD']
13:15:29.062  INFO  manager.MyListener - The element -->By.xpath: //a[.='ADD']was found
13:15:29.120  INFO  manager.MyListener - Start find element by -->By.cssSelector: [placeholder='Name']
13:15:29.144  INFO  manager.MyListener - The element -->By.cssSelector: [placeholder='Name']was found
13:15:29.244  INFO  manager.MyListener - Start find element by -->By.cssSelector: [placeholder='Last Name']
13:15:29.266  INFO  manager.MyListener - The element -->By.cssSelector: [placeholder='Last Name']was found
13:15:29.371  INFO  manager.MyListener - Start find element by -->By.cssSelector: [placeholder='Phone']
13:15:29.393  INFO  manager.MyListener - The element -->By.cssSelector: [placeholder='Phone']was found
13:15:29.496  INFO  manager.MyListener - Start find element by -->By.cssSelector: [placeholder='email']
13:15:29.515  INFO  manager.MyListener - The element -->By.cssSelector: [placeholder='email']was found
13:15:29.610  INFO  manager.MyListener - Start find element by -->By.cssSelector: [placeholder='Address']
13:15:29.630  INFO  manager.MyListener - The element -->By.cssSelector: [placeholder='Address']was found
13:15:29.733  INFO  manager.MyListener - Start find element by -->By.cssSelector: [placeholder='description']
13:15:29.749  INFO  manager.MyListener - The element -->By.cssSelector: [placeholder='description']was found
13:15:29.848  INFO  manager.MyListener - Start find element by -->By.xpath: //button/b
13:15:29.874  INFO  manager.MyListener - The element -->By.xpath: //button/bwas found
13:15:29.905  INFO  manager.MyListener - Start find element by -->By.xpath: //h3
13:15:30.350  INFO  manager.MyListener - The element -->By.xpath: //h3was found
13:15:30.370  INFO  tests.TestBase - End of method -->addContactTestCSV
13:15:30.370  INFO  tests.TestBase - Start method -->addContactTestCSV
13:15:30.370  INFO  tests.TestBase - ==================================================================
13:15:30.371  INFO  manager.MyListener - Start find element by -->By.xpath: //button[text()='Sign Out']
13:15:30.384  INFO  manager.MyListener - The element -->By.xpath: //button[text()='Sign Out']was found
13:15:30.385  INFO  manager.MyListener - Start find element by -->By.xpath: //a[.='ADD']
13:15:30.398  INFO  manager.MyListener - The element -->By.xpath: //a[.='ADD']was found
13:15:30.439  INFO  manager.MyListener - Start find element by -->By.cssSelector: [placeholder='Name']
13:15:30.464  INFO  manager.MyListener - The element -->By.cssSelector: [placeholder='Name']was found
13:15:30.572  INFO  manager.MyListener - Start find element by -->By.cssSelector: [placeholder='Last Name']
13:15:30.588  INFO  manager.MyListener - The element -->By.cssSelector: [placeholder='Last Name']was found
13:15:30.691  INFO  manager.MyListener - Start find element by -->By.cssSelector: [placeholder='Phone']
13:15:30.712  INFO  manager.MyListener - The element -->By.cssSelector: [placeholder='Phone']was found
13:15:30.807  INFO  manager.MyListener - Start find element by -->By.cssSelector: [placeholder='email']
13:15:30.820  INFO  manager.MyListener - The element -->By.cssSelector: [placeholder='email']was found
13:15:30.919  INFO  manager.MyListener - Start find element by -->By.cssSelector: [placeholder='Address']
13:15:30.931  INFO  manager.MyListener - The element -->By.cssSelector: [placeholder='Address']was found
13:15:31.026  INFO  manager.MyListener - Start find element by -->By.cssSelector: [placeholder='description']
13:15:31.039  INFO  manager.MyListener - The element -->By.cssSelector: [placeholder='description']was found
13:15:31.138  INFO  manager.MyListener - Start find element by -->By.xpath: //button/b
13:15:31.148  INFO  manager.MyListener - The element -->By.xpath: //button/bwas found
13:15:31.180  INFO  manager.MyListener - Start find element by -->By.xpath: //h3
13:15:31.443  INFO  manager.MyListener - The element -->By.xpath: //h3was found
13:15:31.466  INFO  tests.TestBase - End of method -->addContactTestCSV
13:25:49.416  INFO  manager.AppManager - Start in browser CHROME
13:25:50.142  INFO  tests.TestBase - Start method -->addContactTestDataProvider
13:25:50.142  INFO  tests.TestBase - ==================================================================
13:25:50.144  INFO  manager.MyListener - Start find element by -->By.xpath: //button[text()='Sign Out']
13:26:00.191  INFO  manager.MyListener - The element -->By.xpath: //button[text()='Sign Out']was found
13:26:00.192  INFO  manager.MyListener - Start find element by -->By.xpath: //a[.='LOGIN']
13:26:00.205  INFO  manager.MyListener - The element -->By.xpath: //a[.='LOGIN']was found
13:26:00.274  INFO  manager.MyListener - Start find element by -->By.xpath: //input[1]
13:26:00.296  INFO  manager.MyListener - The element -->By.xpath: //input[1]was found
13:26:00.392  INFO  manager.MyListener - Start find element by -->By.xpath: //input[2]
13:26:00.407  INFO  manager.MyListener - The element -->By.xpath: //input[2]was found
13:26:00.516  INFO  manager.MyListener - Start find element by -->By.xpath: //button[1]
13:26:00.530  INFO  manager.MyListener - The element -->By.xpath: //button[1]was found
13:26:02.574  INFO  manager.MyListener - Start find element by -->By.xpath: //a[.='ADD']
13:26:02.598  INFO  manager.MyListener - The element -->By.xpath: //a[.='ADD']was found
13:26:02.633  INFO  manager.MyListener - Start find element by -->By.cssSelector: [placeholder='Name']
13:26:02.659  INFO  manager.MyListener - The element -->By.cssSelector: [placeholder='Name']was found
13:26:02.762  INFO  manager.MyListener - Start find element by -->By.cssSelector: [placeholder='Last Name']
13:26:02.783  INFO  manager.MyListener - The element -->By.cssSelector: [placeholder='Last Name']was found
13:26:02.871  INFO  manager.MyListener - Start find element by -->By.cssSelector: [placeholder='Phone']
13:26:02.892  INFO  manager.MyListener - The element -->By.cssSelector: [placeholder='Phone']was found
13:26:02.982  INFO  manager.MyListener - Start find element by -->By.cssSelector: [placeholder='email']
13:26:03.000  INFO  manager.MyListener - The element -->By.cssSelector: [placeholder='email']was found
13:26:03.099  INFO  manager.MyListener - Start find element by -->By.cssSelector: [placeholder='Address']
13:26:03.110  INFO  manager.MyListener - The element -->By.cssSelector: [placeholder='Address']was found
13:26:03.217  INFO  manager.MyListener - Start find element by -->By.cssSelector: [placeholder='description']
13:26:03.234  INFO  manager.MyListener - The element -->By.cssSelector: [placeholder='description']was found
13:26:03.325  INFO  manager.MyListener - Start find element by -->By.xpath: //button/b
13:26:03.345  INFO  manager.MyListener - The element -->By.xpath: //button/bwas found
13:26:03.378  INFO  manager.MyListener - Start find element by -->By.xpath: //h3
13:26:03.699  INFO  manager.MyListener - The element -->By.xpath: //h3was found
13:26:03.737  INFO  tests.TestBase - End of method -->addContactTestDataProvider
13:26:03.737  INFO  tests.TestBase - Start method -->addContactTestDataProvider
13:26:03.737  INFO  tests.TestBase - ==================================================================
13:26:03.738  INFO  manager.MyListener - Start find element by -->By.xpath: //button[text()='Sign Out']
13:26:03.747  INFO  manager.MyListener - The element -->By.xpath: //button[text()='Sign Out']was found
13:26:03.749  INFO  manager.MyListener - Start find element by -->By.xpath: //a[.='ADD']
13:26:03.762  INFO  manager.MyListener - The element -->By.xpath: //a[.='ADD']was found
13:26:03.804  INFO  manager.MyListener - Start find element by -->By.cssSelector: [placeholder='Name']
13:26:03.824  INFO  manager.MyListener - The element -->By.cssSelector: [placeholder='Name']was found
13:26:03.931  INFO  manager.MyListener - Start find element by -->By.cssSelector: [placeholder='Last Name']
13:26:03.950  INFO  manager.MyListener - The element -->By.cssSelector: [placeholder='Last Name']was found
13:26:04.056  INFO  manager.MyListener - Start find element by -->By.cssSelector: [placeholder='Phone']
13:26:04.075  INFO  manager.MyListener - The element -->By.cssSelector: [placeholder='Phone']was found
13:26:04.168  INFO  manager.MyListener - Start find element by -->By.cssSelector: [placeholder='email']
13:26:04.183  INFO  manager.MyListener - The element -->By.cssSelector: [placeholder='email']was found
13:26:04.308  INFO  manager.MyListener - Start find element by -->By.cssSelector: [placeholder='Address']
13:26:04.321  INFO  manager.MyListener - The element -->By.cssSelector: [placeholder='Address']was found
13:26:04.412  INFO  manager.MyListener - Start find element by -->By.cssSelector: [placeholder='description']
13:26:04.428  INFO  manager.MyListener - The element -->By.cssSelector: [placeholder='description']was found
13:26:04.520  INFO  manager.MyListener - Start find element by -->By.xpath: //button/b
13:26:04.540  INFO  manager.MyListener - The element -->By.xpath: //button/bwas found
13:26:04.573  INFO  manager.MyListener - Start find element by -->By.xpath: //h3
13:26:14.638  INFO  manager.MyListener - The element -->By.xpath: //h3was found
13:26:14.640  INFO  tests.TestBase - End of method -->addContactTestDataProvider
13:26:14.640  INFO  tests.TestBase - Start method -->addContactTestDataProvider
13:26:14.640  INFO  tests.TestBase - ==================================================================
13:26:14.641  INFO  manager.MyListener - Start find element by -->By.xpath: //button[text()='Sign Out']
13:26:14.655  INFO  manager.MyListener - The element -->By.xpath: //button[text()='Sign Out']was found
13:26:14.655  INFO  manager.MyListener - Start find element by -->By.xpath: //a[.='ADD']
13:26:14.673  INFO  manager.MyListener - The element -->By.xpath: //a[.='ADD']was found
13:26:14.707  INFO  manager.MyListener - Start find element by -->By.cssSelector: [placeholder='Name']
13:26:14.717  INFO  manager.MyListener - The element -->By.cssSelector: [placeholder='Name']was found
13:26:14.805  INFO  manager.MyListener - Start find element by -->By.cssSelector: [placeholder='Last Name']
13:26:14.827  INFO  manager.MyListener - The element -->By.cssSelector: [placeholder='Last Name']was found
13:26:14.926  INFO  manager.MyListener - Start find element by -->By.cssSelector: [placeholder='Phone']
13:26:14.936  INFO  manager.MyListener - The element -->By.cssSelector: [placeholder='Phone']was found
13:26:15.041  INFO  manager.MyListener - Start find element by -->By.cssSelector: [placeholder='email']
13:26:15.062  INFO  manager.MyListener - The element -->By.cssSelector: [placeholder='email']was found
13:26:15.169  INFO  manager.MyListener - Start find element by -->By.cssSelector: [placeholder='Address']
13:26:15.183  INFO  manager.MyListener - The element -->By.cssSelector: [placeholder='Address']was found
13:26:15.280  INFO  manager.MyListener - Start find element by -->By.cssSelector: [placeholder='description']
13:26:15.292  INFO  manager.MyListener - The element -->By.cssSelector: [placeholder='description']was found
13:26:15.392  INFO  manager.MyListener - Start find element by -->By.xpath: //button/b
13:26:15.401  INFO  manager.MyListener - The element -->By.xpath: //button/bwas found
13:26:15.427  INFO  manager.MyListener - Start find element by -->By.xpath: //h3
13:26:25.475  INFO  manager.MyListener - The element -->By.xpath: //h3was found
13:26:25.476  INFO  tests.TestBase - End of method -->addContactTestDataProvider
13:26:58.665  INFO  manager.AppManager - Start in browser CHROME
13:26:59.414  INFO  tests.TestBase - Start method -->addContactTestDataProvider
13:26:59.414  INFO  tests.TestBase - ==================================================================
13:26:59.415  INFO  manager.MyListener - Start find element by -->By.xpath: //button[text()='Sign Out']
13:27:09.482  INFO  manager.MyListener - The element -->By.xpath: //button[text()='Sign Out']was found
13:27:09.483  INFO  manager.MyListener - Start find element by -->By.xpath: //a[.='LOGIN']
13:27:09.498  INFO  manager.MyListener - The element -->By.xpath: //a[.='LOGIN']was found
13:27:09.553  INFO  manager.MyListener - Start find element by -->By.xpath: //input[1]
13:27:09.579  INFO  manager.MyListener - The element -->By.xpath: //input[1]was found
13:27:09.692  INFO  manager.MyListener - Start find element by -->By.xpath: //input[2]
13:27:09.704  INFO  manager.MyListener - The element -->By.xpath: //input[2]was found
13:27:09.813  INFO  manager.MyListener - Start find element by -->By.xpath: //button[1]
13:27:09.827  INFO  manager.MyListener - The element -->By.xpath: //button[1]was found
13:27:11.870  INFO  manager.MyListener - Start find element by -->By.xpath: //a[.='ADD']
13:27:11.892  INFO  manager.MyListener - The element -->By.xpath: //a[.='ADD']was found
13:27:11.930  INFO  manager.MyListener - Start find element by -->By.cssSelector: [placeholder='Name']
13:27:11.953  INFO  manager.MyListener - The element -->By.cssSelector: [placeholder='Name']was found
13:27:12.057  INFO  manager.MyListener - Start find element by -->By.cssSelector: [placeholder='Last Name']
13:27:12.078  INFO  manager.MyListener - The element -->By.cssSelector: [placeholder='Last Name']was found
13:27:12.167  INFO  manager.MyListener - Start find element by -->By.cssSelector: [placeholder='Phone']
13:27:12.189  INFO  manager.MyListener - The element -->By.cssSelector: [placeholder='Phone']was found
13:27:12.280  INFO  manager.MyListener - Start find element by -->By.cssSelector: [placeholder='email']
13:27:12.299  INFO  manager.MyListener - The element -->By.cssSelector: [placeholder='email']was found
13:27:12.394  INFO  manager.MyListener - Start find element by -->By.cssSelector: [placeholder='Address']
13:27:12.408  INFO  manager.MyListener - The element -->By.cssSelector: [placeholder='Address']was found
13:27:12.494  INFO  manager.MyListener - Start find element by -->By.cssSelector: [placeholder='description']
13:27:12.515  INFO  manager.MyListener - The element -->By.cssSelector: [placeholder='description']was found
13:27:12.605  INFO  manager.MyListener - Start find element by -->By.xpath: //button/b
13:27:12.625  INFO  manager.MyListener - The element -->By.xpath: //button/bwas found
13:27:12.656  INFO  manager.MyListener - Start find element by -->By.xpath: //h3
13:27:22.721  INFO  manager.MyListener - The element -->By.xpath: //h3was found
13:27:22.725  INFO  tests.TestBase - End of method -->addContactTestDataProvider
13:27:22.726  INFO  tests.TestBase - Start method -->addContactTestDataProvider
13:27:22.726  INFO  tests.TestBase - ==================================================================
13:27:22.726  INFO  manager.MyListener - Start find element by -->By.xpath: //button[text()='Sign Out']
13:27:22.739  INFO  manager.MyListener - The element -->By.xpath: //button[text()='Sign Out']was found
13:27:22.740  INFO  manager.MyListener - Start find element by -->By.xpath: //a[.='ADD']
13:27:22.755  INFO  manager.MyListener - The element -->By.xpath: //a[.='ADD']was found
13:27:22.790  INFO  manager.MyListener - Start find element by -->By.cssSelector: [placeholder='Name']
13:27:22.800  INFO  manager.MyListener - The element -->By.cssSelector: [placeholder='Name']was found
13:27:22.900  INFO  manager.MyListener - Start find element by -->By.cssSelector: [placeholder='Last Name']
13:27:22.911  INFO  manager.MyListener - The element -->By.cssSelector: [placeholder='Last Name']was found
13:27:23.007  INFO  manager.MyListener - Start find element by -->By.cssSelector: [placeholder='Phone']
13:27:23.017  INFO  manager.MyListener - The element -->By.cssSelector: [placeholder='Phone']was found
13:27:23.119  INFO  manager.MyListener - Start find element by -->By.cssSelector: [placeholder='email']
13:27:23.126  INFO  manager.MyListener - The element -->By.cssSelector: [placeholder='email']was found
13:27:23.234  INFO  manager.MyListener - Start find element by -->By.cssSelector: [placeholder='Address']
13:27:23.252  INFO  manager.MyListener - The element -->By.cssSelector: [placeholder='Address']was found
13:27:23.351  INFO  manager.MyListener - Start find element by -->By.cssSelector: [placeholder='description']
13:27:23.361  INFO  manager.MyListener - The element -->By.cssSelector: [placeholder='description']was found
13:27:23.462  INFO  manager.MyListener - Start find element by -->By.xpath: //button/b
13:27:23.485  INFO  manager.MyListener - The element -->By.xpath: //button/bwas found
13:27:23.512  INFO  manager.MyListener - Start find element by -->By.xpath: //h3
13:27:33.581  INFO  manager.MyListener - The element -->By.xpath: //h3was found
13:27:33.582  INFO  tests.TestBase - End of method -->addContactTestDataProvider
13:27:33.583  INFO  tests.TestBase - Start method -->addContactTestDataProvider
13:27:33.583  INFO  tests.TestBase - ==================================================================
13:27:33.584  INFO  manager.MyListener - Start find element by -->By.xpath: //button[text()='Sign Out']
13:27:33.599  INFO  manager.MyListener - The element -->By.xpath: //button[text()='Sign Out']was found
13:27:33.599  INFO  manager.MyListener - Start find element by -->By.xpath: //a[.='ADD']
13:27:33.613  INFO  manager.MyListener - The element -->By.xpath: //a[.='ADD']was found
13:27:33.648  INFO  manager.MyListener - Start find element by -->By.cssSelector: [placeholder='Name']
13:27:33.663  INFO  manager.MyListener - The element -->By.cssSelector: [placeholder='Name']was found
13:27:33.759  INFO  manager.MyListener - Start find element by -->By.cssSelector: [placeholder='Last Name']
13:27:33.769  INFO  manager.MyListener - The element -->By.cssSelector: [placeholder='Last Name']was found
13:27:33.865  INFO  manager.MyListener - Start find element by -->By.cssSelector: [placeholder='Phone']
13:27:33.877  INFO  manager.MyListener - The element -->By.cssSelector: [placeholder='Phone']was found
13:27:33.975  INFO  manager.MyListener - Start find element by -->By.cssSelector: [placeholder='email']
13:27:33.985  INFO  manager.MyListener - The element -->By.cssSelector: [placeholder='email']was found
13:27:34.079  INFO  manager.MyListener - Start find element by -->By.cssSelector: [placeholder='Address']
13:27:34.096  INFO  manager.MyListener - The element -->By.cssSelector: [placeholder='Address']was found
13:27:34.195  INFO  manager.MyListener - Start find element by -->By.cssSelector: [placeholder='description']
13:27:34.220  INFO  manager.MyListener - The element -->By.cssSelector: [placeholder='description']was found
13:27:34.336  INFO  manager.MyListener - Start find element by -->By.xpath: //button/b
13:27:34.360  INFO  manager.MyListener - The element -->By.xpath: //button/bwas found
13:27:34.390  INFO  manager.MyListener - Start find element by -->By.xpath: //h3
13:27:44.456  INFO  manager.MyListener - The element -->By.xpath: //h3was found
13:27:44.457  INFO  tests.TestBase - End of method -->addContactTestDataProvider
13:28:23.299  INFO  manager.AppManager - Start in browser CHROME
13:28:24.040  INFO  tests.TestBase - Start method -->addContactTestDataProvider
13:28:24.041  INFO  tests.TestBase - ==================================================================
13:28:24.042  INFO  manager.MyListener - Start find element by -->By.xpath: //button[text()='Sign Out']
13:28:34.062  INFO  manager.MyListener - The element -->By.xpath: //button[text()='Sign Out']was found
13:28:34.062  INFO  manager.MyListener - Start find element by -->By.xpath: //a[.='LOGIN']
13:28:34.077  INFO  manager.MyListener - The element -->By.xpath: //a[.='LOGIN']was found
13:28:34.129  INFO  manager.MyListener - Start find element by -->By.xpath: //input[1]
13:28:34.156  INFO  manager.MyListener - The element -->By.xpath: //input[1]was found
13:28:34.272  INFO  manager.MyListener - Start find element by -->By.xpath: //input[2]
13:28:34.299  INFO  manager.MyListener - The element -->By.xpath: //input[2]was found
13:28:34.407  INFO  manager.MyListener - Start find element by -->By.xpath: //button[1]
13:28:34.420  INFO  manager.MyListener - The element -->By.xpath: //button[1]was found
13:28:36.458  INFO  manager.MyListener - Start find element by -->By.xpath: //a[.='ADD']
13:28:36.478  INFO  manager.MyListener - The element -->By.xpath: //a[.='ADD']was found
13:28:36.514  INFO  manager.MyListener - Start find element by -->By.cssSelector: [placeholder='Name']
13:28:36.527  INFO  manager.MyListener - The element -->By.cssSelector: [placeholder='Name']was found
13:28:36.628  INFO  manager.MyListener - Start find element by -->By.cssSelector: [placeholder='Last Name']
13:28:36.650  INFO  manager.MyListener - The element -->By.cssSelector: [placeholder='Last Name']was found
13:28:36.754  INFO  manager.MyListener - Start find element by -->By.cssSelector: [placeholder='Phone']
13:28:36.773  INFO  manager.MyListener - The element -->By.cssSelector: [placeholder='Phone']was found
13:28:36.867  INFO  manager.MyListener - Start find element by -->By.cssSelector: [placeholder='email']
13:28:36.882  INFO  manager.MyListener - The element -->By.cssSelector: [placeholder='email']was found
13:28:36.978  INFO  manager.MyListener - Start find element by -->By.cssSelector: [placeholder='Address']
13:28:36.989  INFO  manager.MyListener - The element -->By.cssSelector: [placeholder='Address']was found
13:28:37.079  INFO  manager.MyListener - Start find element by -->By.cssSelector: [placeholder='description']
13:28:37.100  INFO  manager.MyListener - The element -->By.cssSelector: [placeholder='description']was found
13:28:37.190  INFO  manager.MyListener - Start find element by -->By.xpath: //button/b
13:28:37.209  INFO  manager.MyListener - The element -->By.xpath: //button/bwas found
13:28:37.239  INFO  manager.MyListener - Start find element by -->By.xpath: //h3
13:28:37.562  INFO  manager.MyListener - The element -->By.xpath: //h3was found
13:28:37.608  INFO  tests.TestBase - End of method -->addContactTestDataProvider
13:28:37.608  INFO  tests.TestBase - Start method -->addContactTestDataProvider
13:28:37.608  INFO  tests.TestBase - ==================================================================
13:28:37.609  INFO  manager.MyListener - Start find element by -->By.xpath: //button[text()='Sign Out']
13:28:37.625  INFO  manager.MyListener - The element -->By.xpath: //button[text()='Sign Out']was found
13:28:37.626  INFO  manager.MyListener - Start find element by -->By.xpath: //a[.='ADD']
13:28:37.641  INFO  manager.MyListener - The element -->By.xpath: //a[.='ADD']was found
13:28:37.674  INFO  manager.MyListener - Start find element by -->By.cssSelector: [placeholder='Name']
13:28:37.686  INFO  manager.MyListener - The element -->By.cssSelector: [placeholder='Name']was found
13:28:37.778  INFO  manager.MyListener - Start find element by -->By.cssSelector: [placeholder='Last Name']
13:28:37.796  INFO  manager.MyListener - The element -->By.cssSelector: [placeholder='Last Name']was found
13:28:37.884  INFO  manager.MyListener - Start find element by -->By.cssSelector: [placeholder='Phone']
13:28:37.902  INFO  manager.MyListener - The element -->By.cssSelector: [placeholder='Phone']was found
13:28:38.013  INFO  manager.MyListener - Start find element by -->By.cssSelector: [placeholder='email']
13:28:38.028  INFO  manager.MyListener - The element -->By.cssSelector: [placeholder='email']was found
13:28:38.140  INFO  manager.MyListener - Start find element by -->By.cssSelector: [placeholder='Address']
13:28:38.150  INFO  manager.MyListener - The element -->By.cssSelector: [placeholder='Address']was found
13:28:38.257  INFO  manager.MyListener - Start find element by -->By.cssSelector: [placeholder='description']
13:28:38.273  INFO  manager.MyListener - The element -->By.cssSelector: [placeholder='description']was found
13:28:38.368  INFO  manager.MyListener - Start find element by -->By.xpath: //button/b
13:28:38.384  INFO  manager.MyListener - The element -->By.xpath: //button/bwas found
13:28:38.416  INFO  manager.MyListener - Start find element by -->By.xpath: //h3
13:28:38.677  INFO  manager.MyListener - The element -->By.xpath: //h3was found
13:28:38.725  INFO  tests.TestBase - End of method -->addContactTestDataProvider
13:28:38.726  INFO  tests.TestBase - Start method -->addContactTestDataProvider
13:28:38.726  INFO  tests.TestBase - ==================================================================
13:28:38.726  INFO  manager.MyListener - Start find element by -->By.xpath: //button[text()='Sign Out']
13:28:38.741  INFO  manager.MyListener - The element -->By.xpath: //button[text()='Sign Out']was found
13:28:38.742  INFO  manager.MyListener - Start find element by -->By.xpath: //a[.='ADD']
13:28:38.756  INFO  manager.MyListener - The element -->By.xpath: //a[.='ADD']was found
13:28:38.789  INFO  manager.MyListener - Start find element by -->By.cssSelector: [placeholder='Name']
13:28:38.802  INFO  manager.MyListener - The element -->By.cssSelector: [placeholder='Name']was found
13:28:38.908  INFO  manager.MyListener - Start find element by -->By.cssSelector: [placeholder='Last Name']
13:28:38.925  INFO  manager.MyListener - The element -->By.cssSelector: [placeholder='Last Name']was found
13:28:39.016  INFO  manager.MyListener - Start find element by -->By.cssSelector: [placeholder='Phone']
13:28:39.035  INFO  manager.MyListener - The element -->By.cssSelector: [placeholder='Phone']was found
13:28:39.130  INFO  manager.MyListener - Start find element by -->By.cssSelector: [placeholder='email']
13:28:39.145  INFO  manager.MyListener - The element -->By.cssSelector: [placeholder='email']was found
13:28:39.245  INFO  manager.MyListener - Start find element by -->By.cssSelector: [placeholder='Address']
13:28:39.255  INFO  manager.MyListener - The element -->By.cssSelector: [placeholder='Address']was found
13:28:39.345  INFO  manager.MyListener - Start find element by -->By.cssSelector: [placeholder='description']
13:28:39.362  INFO  manager.MyListener - The element -->By.cssSelector: [placeholder='description']was found
13:28:39.452  INFO  manager.MyListener - Start find element by -->By.xpath: //button/b
13:28:39.470  INFO  manager.MyListener - The element -->By.xpath: //button/bwas found
13:28:39.503  INFO  manager.MyListener - Start find element by -->By.xpath: //h3
13:28:39.762  INFO  manager.MyListener - The element -->By.xpath: //h3was found
13:28:39.823  INFO  tests.TestBase - End of method -->addContactTestDataProvider
13:33:24.413  INFO  manager.AppManager - Start in browser CHROME
13:33:25.214  INFO  tests.TestBase - Start method -->addContactTestBase
13:33:25.215  INFO  tests.TestBase - Test Start with Data -->[]
13:33:25.215  INFO  tests.TestBase - ==================================================================
13:33:25.216  INFO  manager.MyListener - Start find element by -->By.xpath: //button[text()='Sign Out']
13:33:35.245  INFO  manager.MyListener - The element -->By.xpath: //button[text()='Sign Out']was found
13:33:35.246  INFO  manager.MyListener - Start find element by -->By.xpath: //a[.='LOGIN']
13:33:35.260  INFO  manager.MyListener - The element -->By.xpath: //a[.='LOGIN']was found
13:33:35.314  INFO  manager.MyListener - Start find element by -->By.xpath: //input[1]
13:33:35.339  INFO  manager.MyListener - The element -->By.xpath: //input[1]was found
13:33:35.452  INFO  manager.MyListener - Start find element by -->By.xpath: //input[2]
13:33:35.479  INFO  manager.MyListener - The element -->By.xpath: //input[2]was found
13:33:35.584  INFO  manager.MyListener - Start find element by -->By.xpath: //button[1]
13:33:35.600  INFO  manager.MyListener - The element -->By.xpath: //button[1]was found
13:33:37.642  INFO  manager.MyListener - Start find element by -->By.xpath: //a[.='ADD']
13:33:37.661  INFO  manager.MyListener - The element -->By.xpath: //a[.='ADD']was found
13:33:37.700  INFO  manager.MyListener - Start find element by -->By.cssSelector: [placeholder='Name']
13:33:37.724  INFO  manager.MyListener - The element -->By.cssSelector: [placeholder='Name']was found
13:33:37.827  INFO  manager.MyListener - Start find element by -->By.cssSelector: [placeholder='Last Name']
13:33:37.848  INFO  manager.MyListener - The element -->By.cssSelector: [placeholder='Last Name']was found
13:33:37.935  INFO  manager.MyListener - Start find element by -->By.cssSelector: [placeholder='Phone']
13:33:37.955  INFO  manager.MyListener - The element -->By.cssSelector: [placeholder='Phone']was found
13:33:38.046  INFO  manager.MyListener - Start find element by -->By.cssSelector: [placeholder='email']
13:33:38.063  INFO  manager.MyListener - The element -->By.cssSelector: [placeholder='email']was found
13:33:38.155  INFO  manager.MyListener - Start find element by -->By.cssSelector: [placeholder='Address']
13:33:38.170  INFO  manager.MyListener - The element -->By.cssSelector: [placeholder='Address']was found
13:33:38.259  INFO  manager.MyListener - Start find element by -->By.cssSelector: [placeholder='description']
13:33:38.278  INFO  manager.MyListener - The element -->By.cssSelector: [placeholder='description']was found
13:33:38.369  INFO  manager.MyListener - Start find element by -->By.xpath: //button/b
13:33:38.388  INFO  manager.MyListener - The element -->By.xpath: //button/bwas found
13:33:38.419  INFO  manager.MyListener - Start find element by -->By.xpath: //h3
13:33:38.743  INFO  manager.MyListener - The element -->By.xpath: //h3was found
13:33:38.815  INFO  tests.TestBase - End of method -->addContactTestBase
13:33:38.815  INFO  tests.TestBase - Start method -->addContactTestBase
13:33:38.815  INFO  tests.TestBase - Test Start with Data -->[]
13:33:38.815  INFO  tests.TestBase - ==================================================================
13:33:38.816  INFO  manager.MyListener - Start find element by -->By.xpath: //button[text()='Sign Out']
13:33:38.836  INFO  manager.MyListener - The element -->By.xpath: //button[text()='Sign Out']was found
13:33:38.837  INFO  manager.MyListener - Start find element by -->By.xpath: //a[.='ADD']
13:33:38.851  INFO  manager.MyListener - The element -->By.xpath: //a[.='ADD']was found
13:33:38.883  INFO  manager.MyListener - Start find element by -->By.cssSelector: [placeholder='Name']
13:33:38.899  INFO  manager.MyListener - The element -->By.cssSelector: [placeholder='Name']was found
13:33:39.005  INFO  manager.MyListener - Start find element by -->By.cssSelector: [placeholder='Last Name']
13:33:39.021  INFO  manager.MyListener - The element -->By.cssSelector: [placeholder='Last Name']was found
13:33:39.128  INFO  manager.MyListener - Start find element by -->By.cssSelector: [placeholder='Phone']
13:33:39.147  INFO  manager.MyListener - The element -->By.cssSelector: [placeholder='Phone']was found
13:33:39.256  INFO  manager.MyListener - Start find element by -->By.cssSelector: [placeholder='email']
13:33:39.273  INFO  manager.MyListener - The element -->By.cssSelector: [placeholder='email']was found
13:33:39.369  INFO  manager.MyListener - Start find element by -->By.cssSelector: [placeholder='Address']
13:33:39.380  INFO  manager.MyListener - The element -->By.cssSelector: [placeholder='Address']was found
13:33:39.472  INFO  manager.MyListener - Start find element by -->By.cssSelector: [placeholder='description']
13:33:39.490  INFO  manager.MyListener - The element -->By.cssSelector: [placeholder='description']was found
13:33:39.581  INFO  manager.MyListener - Start find element by -->By.xpath: //button/b
13:33:39.598  INFO  manager.MyListener - The element -->By.xpath: //button/bwas found
13:33:39.631  INFO  manager.MyListener - Start find element by -->By.xpath: //h3
13:33:39.891  INFO  manager.MyListener - The element -->By.xpath: //h3was found
13:33:39.973  INFO  tests.TestBase - End of method -->addContactTestBase
13:33:39.974  INFO  tests.TestBase - Start method -->addContactTestBase
13:33:39.974  INFO  tests.TestBase - Test Start with Data -->[]
13:33:39.974  INFO  tests.TestBase - ==================================================================
13:33:39.974  INFO  manager.MyListener - Start find element by -->By.xpath: //button[text()='Sign Out']
13:33:39.986  INFO  manager.MyListener - The element -->By.xpath: //button[text()='Sign Out']was found
13:33:39.987  INFO  manager.MyListener - Start find element by -->By.xpath: //a[.='ADD']
13:33:40.001  INFO  manager.MyListener - The element -->By.xpath: //a[.='ADD']was found
13:33:40.032  INFO  manager.MyListener - Start find element by -->By.cssSelector: [placeholder='Name']
13:33:40.049  INFO  manager.MyListener - The element -->By.cssSelector: [placeholder='Name']was found
13:33:40.156  INFO  manager.MyListener - Start find element by -->By.cssSelector: [placeholder='Last Name']
13:33:40.173  INFO  manager.MyListener - The element -->By.cssSelector: [placeholder='Last Name']was found
13:33:40.264  INFO  manager.MyListener - Start find element by -->By.cssSelector: [placeholder='Phone']
13:33:40.282  INFO  manager.MyListener - The element -->By.cssSelector: [placeholder='Phone']was found
13:33:40.375  INFO  manager.MyListener - Start find element by -->By.cssSelector: [placeholder='email']
13:33:40.390  INFO  manager.MyListener - The element -->By.cssSelector: [placeholder='email']was found
13:33:40.488  INFO  manager.MyListener - Start find element by -->By.cssSelector: [placeholder='Address']
13:33:40.500  INFO  manager.MyListener - The element -->By.cssSelector: [placeholder='Address']was found
13:33:40.594  INFO  manager.MyListener - Start find element by -->By.cssSelector: [placeholder='description']
13:33:40.609  INFO  manager.MyListener - The element -->By.cssSelector: [placeholder='description']was found
13:33:40.698  INFO  manager.MyListener - Start find element by -->By.xpath: //button/b
13:33:40.718  INFO  manager.MyListener - The element -->By.xpath: //button/bwas found
13:33:40.752  INFO  manager.MyListener - Start find element by -->By.xpath: //h3
13:33:41.010  INFO  manager.MyListener - The element -->By.xpath: //h3was found
13:33:41.097  INFO  tests.TestBase - End of method -->addContactTestBase
13:33:41.098  INFO  tests.TestBase - Start method -->addContactTestBase
13:33:41.098  INFO  tests.TestBase - Test Start with Data -->[]
13:33:41.098  INFO  tests.TestBase - ==================================================================
13:33:41.098  INFO  manager.MyListener - Start find element by -->By.xpath: //button[text()='Sign Out']
13:33:41.120  INFO  manager.MyListener - The element -->By.xpath: //button[text()='Sign Out']was found
13:33:41.120  INFO  manager.MyListener - Start find element by -->By.xpath: //a[.='ADD']
13:33:41.137  INFO  manager.MyListener - The element -->By.xpath: //a[.='ADD']was found
13:33:41.168  INFO  manager.MyListener - Start find element by -->By.cssSelector: [placeholder='Name']
13:33:41.187  INFO  manager.MyListener - The element -->By.cssSelector: [placeholder='Name']was found
13:33:41.292  INFO  manager.MyListener - Start find element by -->By.cssSelector: [placeholder='Last Name']
13:33:41.309  INFO  manager.MyListener - The element -->By.cssSelector: [placeholder='Last Name']was found
13:33:41.413  INFO  manager.MyListener - Start find element by -->By.cssSelector: [placeholder='Phone']
13:33:41.433  INFO  manager.MyListener - The element -->By.cssSelector: [placeholder='Phone']was found
13:33:41.526  INFO  manager.MyListener - Start find element by -->By.cssSelector: [placeholder='email']
13:33:41.543  INFO  manager.MyListener - The element -->By.cssSelector: [placeholder='email']was found
13:33:41.638  INFO  manager.MyListener - Start find element by -->By.cssSelector: [placeholder='Address']
13:33:41.650  INFO  manager.MyListener - The element -->By.cssSelector: [placeholder='Address']was found
13:33:41.741  INFO  manager.MyListener - Start find element by -->By.cssSelector: [placeholder='description']
13:33:41.759  INFO  manager.MyListener - The element -->By.cssSelector: [placeholder='description']was found
13:33:41.864  INFO  manager.MyListener - Start find element by -->By.xpath: //button/b
13:33:41.883  INFO  manager.MyListener - The element -->By.xpath: //button/bwas found
13:33:41.924  INFO  manager.MyListener - Start find element by -->By.xpath: //h3
13:33:42.192  INFO  manager.MyListener - The element -->By.xpath: //h3was found
13:33:42.286  INFO  tests.TestBase - End of method -->addContactTestBase
13:33:42.287  INFO  tests.TestBase - Start method -->addContactTestBase
13:33:42.287  INFO  tests.TestBase - Test Start with Data -->[]
13:33:42.287  INFO  tests.TestBase - ==================================================================
13:33:42.287  INFO  manager.MyListener - Start find element by -->By.xpath: //button[text()='Sign Out']
13:33:42.300  INFO  manager.MyListener - The element -->By.xpath: //button[text()='Sign Out']was found
13:33:42.300  INFO  manager.MyListener - Start find element by -->By.xpath: //a[.='ADD']
13:33:42.315  INFO  manager.MyListener - The element -->By.xpath: //a[.='ADD']was found
13:33:42.348  INFO  manager.MyListener - Start find element by -->By.cssSelector: [placeholder='Name']
13:33:42.364  INFO  manager.MyListener - The element -->By.cssSelector: [placeholder='Name']was found
13:33:42.470  INFO  manager.MyListener - Start find element by -->By.cssSelector: [placeholder='Last Name']
13:33:42.487  INFO  manager.MyListener - The element -->By.cssSelector: [placeholder='Last Name']was found
13:33:42.577  INFO  manager.MyListener - Start find element by -->By.cssSelector: [placeholder='Phone']
13:33:42.595  INFO  manager.MyListener - The element -->By.cssSelector: [placeholder='Phone']was found
13:33:42.688  INFO  manager.MyListener - Start find element by -->By.cssSelector: [placeholder='email']
13:33:42.704  INFO  manager.MyListener - The element -->By.cssSelector: [placeholder='email']was found
13:33:42.801  INFO  manager.MyListener - Start find element by -->By.cssSelector: [placeholder='Address']
13:33:42.812  INFO  manager.MyListener - The element -->By.cssSelector: [placeholder='Address']was found
13:33:42.907  INFO  manager.MyListener - Start find element by -->By.cssSelector: [placeholder='description']
13:33:42.935  INFO  manager.MyListener - The element -->By.cssSelector: [placeholder='description']was found
13:33:43.042  INFO  manager.MyListener - Start find element by -->By.xpath: //button/b
13:33:43.061  INFO  manager.MyListener - The element -->By.xpath: //button/bwas found
13:33:43.094  INFO  manager.MyListener - Start find element by -->By.xpath: //h3
13:33:43.355  INFO  manager.MyListener - The element -->By.xpath: //h3was found
13:33:43.454  INFO  tests.TestBase - End of method -->addContactTestBase
