22:32:40.710  INFO  manager.AppManager - Start in browser CHROME
22:32:44.102  INFO  tests.TestBase - Start method -->smokeTest
22:32:44.103  INFO  tests.TestBase - Test Start with Data -->[]
22:32:44.103  INFO  tests.TestBase - ==================================================================
22:32:44.109  INFO  tests.TestBase - End of method -->smokeTest
22:32:44.113  INFO  tests.TestBase - Start method -->quicktest
22:32:44.113  INFO  tests.TestBase - Test Start with Data -->[]
22:32:44.113  INFO  tests.TestBase - ==================================================================
22:32:44.114  INFO  tests.TestBase - End of method -->quicktest
22:34:43.878  INFO  manager.AppManager - Start in browser CHROME
22:34:45.485  INFO  tests.TestBase - Start method -->smokeTest
22:34:45.487  INFO  tests.TestBase - Test Start with Data -->[]
22:34:45.487  INFO  tests.TestBase - ==================================================================
22:34:45.495  INFO  tests.TestBase - End of method -->smokeTest
22:34:45.502  INFO  tests.TestBase - Start method -->quicktest
22:34:45.503  INFO  tests.TestBase - Test Start with Data -->[]
22:34:45.503  INFO  tests.TestBase - ==================================================================
22:34:45.505  INFO  tests.TestBase - End of method -->quicktest
22:37:24.049  INFO  manager.AppManager - Start in browser CHROME
22:37:25.080  INFO  tests.TestBase - Start method -->smokeTest
22:37:25.082  INFO  tests.TestBase - Test Start with Data -->[]
22:37:25.082  INFO  tests.TestBase - ==================================================================
22:37:25.089  INFO  tests.TestBase - End of method -->smokeTest
22:37:25.097  INFO  tests.TestBase - Start method -->quicktest
22:37:25.098  INFO  tests.TestBase - Test Start with Data -->[]
22:37:25.098  INFO  tests.TestBase - ==================================================================
22:37:25.100  INFO  tests.TestBase - End of method -->quicktest
22:45:08.539  INFO  manager.AppManager - Start in browser CHROME
22:45:09.435  INFO  tests.TestBase - Start method -->smokeTest
22:45:09.437  INFO  tests.TestBase - Test Start with Data -->[]
22:45:09.438  INFO  tests.TestBase - ==================================================================
22:45:09.444  INFO  tests.TestBase - End of method -->smokeTest
22:45:09.447  INFO  tests.TestBase - Start method -->quicktest
22:45:09.448  INFO  tests.TestBase - Test Start with Data -->[]
22:45:09.448  INFO  tests.TestBase - ==================================================================
22:45:09.449  INFO  tests.TestBase - End of method -->quicktest
22:45:09.452  INFO  tests.TestBase - Start method -->loginTestBase
22:45:09.452  INFO  tests.TestBase - Test Start with Data -->[]
22:45:09.453  INFO  tests.TestBase - ==================================================================
22:45:09.455  INFO  manager.MyListener - Start find element by -->By.xpath: //button[text()='Sign Out']
22:45:19.551  INFO  manager.MyListener - The element -->By.xpath: //button[text()='Sign Out']was found
22:45:19.552  INFO  manager.MyListener - Start find element by -->By.xpath: //a[.='LOGIN']
22:45:19.579  INFO  manager.MyListener - The element -->By.xpath: //a[.='LOGIN']was found
22:45:19.691  INFO  manager.MyListener - Start find element by -->By.xpath: //input[1]
22:45:19.719  INFO  manager.MyListener - The element -->By.xpath: //input[1]was found
22:45:19.907  INFO  manager.MyListener - Start find element by -->By.xpath: //input[2]
22:45:19.928  INFO  manager.MyListener - The element -->By.xpath: //input[2]was found
22:45:20.085  INFO  manager.MyListener - Start find element by -->By.xpath: //button[1]
22:45:20.114  INFO  manager.MyListener - The element -->By.xpath: //button[1]was found
22:45:20.180  INFO  manager.MyListener - Start find element by -->By.xpath: //button[text()='Sign Out']
22:45:20.943  INFO  manager.MyListener - The element -->By.xpath: //button[text()='Sign Out']was found
22:45:20.946  INFO  tests.TestBase - End of method -->loginTestBase
22:45:20.951  INFO  tests.TestBase - Start method -->loginTestDP_CSV
22:45:20.960  INFO  tests.TestBase - Test Start with Data -->[User{email='noa@gmail.com', password='Nnoa12345$'}]
22:45:20.961  INFO  tests.TestBase - ==================================================================
22:45:20.961  INFO  manager.MyListener - Start find element by -->By.xpath: //button[text()='Sign Out']
22:45:20.973  INFO  manager.MyListener - The element -->By.xpath: //button[text()='Sign Out']was found
22:45:20.977  INFO  manager.MyListener - Start find element by -->By.xpath: //button[text()='Sign Out']
22:45:20.993  INFO  manager.MyListener - The element -->By.xpath: //button[text()='Sign Out']was found
22:45:21.059  INFO  manager.MyListener - Start find element by -->By.xpath: //button[text()='Sign Out']
22:45:21.080  INFO  manager.MyListener - The element -->By.xpath: //button[text()='Sign Out']was found
22:45:21.148  INFO  manager.MyListener - Start find element by -->By.xpath: //a[.='LOGIN']
22:45:21.176  INFO  manager.MyListener - The element -->By.xpath: //a[.='LOGIN']was found
22:45:21.221  INFO  manager.MyListener - Start find element by -->By.xpath: //input[1]
22:45:21.237  INFO  manager.MyListener - The element -->By.xpath: //input[1]was found
22:45:21.400  INFO  manager.MyListener - Start find element by -->By.xpath: //input[2]
22:45:21.425  INFO  manager.MyListener - The element -->By.xpath: //input[2]was found
22:45:21.566  INFO  manager.MyListener - Start find element by -->By.xpath: //button[1]
22:45:21.579  INFO  manager.MyListener - The element -->By.xpath: //button[1]was found
22:45:21.629  INFO  manager.MyListener - Start find element by -->By.xpath: //button[text()='Sign Out']
22:45:21.778  INFO  manager.MyListener - The element -->By.xpath: //button[text()='Sign Out']was found
22:45:21.780  INFO  tests.TestBase - End of method -->loginTestDP_CSV
22:45:21.780  INFO  tests.TestBase - Start method -->loginTestDP_CSV
22:45:21.780  INFO  tests.TestBase - Test Start with Data -->[User{email='noa@gmail.com', password='Nnoa12345$'}]
22:45:21.781  INFO  tests.TestBase - ==================================================================
22:45:21.781  INFO  manager.MyListener - Start find element by -->By.xpath: //button[text()='Sign Out']
22:45:21.794  INFO  manager.MyListener - The element -->By.xpath: //button[text()='Sign Out']was found
22:45:21.795  INFO  manager.MyListener - Start find element by -->By.xpath: //button[text()='Sign Out']
22:45:21.812  INFO  manager.MyListener - The element -->By.xpath: //button[text()='Sign Out']was found
22:45:21.851  INFO  manager.MyListener - Start find element by -->By.xpath: //button[text()='Sign Out']
22:45:21.873  INFO  manager.MyListener - The element -->By.xpath: //button[text()='Sign Out']was found
22:45:21.928  INFO  manager.MyListener - Start find element by -->By.xpath: //a[.='LOGIN']
22:45:21.952  INFO  manager.MyListener - The element -->By.xpath: //a[.='LOGIN']was found
22:45:21.996  INFO  manager.MyListener - Start find element by -->By.xpath: //input[1]
22:45:22.011  INFO  manager.MyListener - The element -->By.xpath: //input[1]was found
22:45:22.154  INFO  manager.MyListener - Start find element by -->By.xpath: //input[2]
22:45:22.166  INFO  manager.MyListener - The element -->By.xpath: //input[2]was found
22:45:22.308  INFO  manager.MyListener - Start find element by -->By.xpath: //button[1]
22:45:22.324  INFO  manager.MyListener - The element -->By.xpath: //button[1]was found
22:45:22.371  INFO  manager.MyListener - Start find element by -->By.xpath: //button[text()='Sign Out']
22:45:22.509  INFO  manager.MyListener - The element -->By.xpath: //button[text()='Sign Out']was found
22:45:22.510  INFO  tests.TestBase - End of method -->loginTestDP_CSV
22:45:22.511  INFO  tests.TestBase - Start method -->loginTestDP_CSV
22:45:22.511  INFO  tests.TestBase - Test Start with Data -->[User{email='noa@gmail.com', password='Nnoa12345$'}]
22:45:22.511  INFO  tests.TestBase - ==================================================================
22:45:22.513  INFO  manager.MyListener - Start find element by -->By.xpath: //button[text()='Sign Out']
22:45:22.523  INFO  manager.MyListener - The element -->By.xpath: //button[text()='Sign Out']was found
22:45:22.524  INFO  manager.MyListener - Start find element by -->By.xpath: //button[text()='Sign Out']
22:45:22.538  INFO  manager.MyListener - The element -->By.xpath: //button[text()='Sign Out']was found
22:45:22.557  INFO  manager.MyListener - Start find element by -->By.xpath: //button[text()='Sign Out']
22:45:22.570  INFO  manager.MyListener - The element -->By.xpath: //button[text()='Sign Out']was found
22:45:22.631  INFO  manager.MyListener - Start find element by -->By.xpath: //a[.='LOGIN']
22:45:22.648  INFO  manager.MyListener - The element -->By.xpath: //a[.='LOGIN']was found
22:45:22.696  INFO  manager.MyListener - Start find element by -->By.xpath: //input[1]
22:45:22.711  INFO  manager.MyListener - The element -->By.xpath: //input[1]was found
22:45:22.855  INFO  manager.MyListener - Start find element by -->By.xpath: //input[2]
22:45:22.867  INFO  manager.MyListener - The element -->By.xpath: //input[2]was found
22:45:23.008  INFO  manager.MyListener - Start find element by -->By.xpath: //button[1]
22:45:23.022  INFO  manager.MyListener - The element -->By.xpath: //button[1]was found
22:45:23.071  INFO  manager.MyListener - Start find element by -->By.xpath: //button[text()='Sign Out']
22:45:23.205  INFO  manager.MyListener - The element -->By.xpath: //button[text()='Sign Out']was found
22:45:23.206  INFO  tests.TestBase - End of method -->loginTestDP_CSV
22:45:23.207  INFO  tests.TestBase - Start method -->loginTestDataProvider
22:45:23.207  INFO  tests.TestBase - Test Start with Data -->[noa@gmail.com, Nnoa12345$]
22:45:23.208  INFO  tests.TestBase - ==================================================================
22:45:23.208  INFO  manager.MyListener - Start find element by -->By.xpath: //button[text()='Sign Out']
22:45:23.222  INFO  manager.MyListener - The element -->By.xpath: //button[text()='Sign Out']was found
22:45:23.223  INFO  manager.MyListener - Start find element by -->By.xpath: //button[text()='Sign Out']
22:45:23.238  INFO  manager.MyListener - The element -->By.xpath: //button[text()='Sign Out']was found
22:45:23.258  INFO  manager.MyListener - Start find element by -->By.xpath: //button[text()='Sign Out']
22:45:23.269  INFO  manager.MyListener - The element -->By.xpath: //button[text()='Sign Out']was found
22:45:23.333  INFO  manager.MyListener - Start find element by -->By.xpath: //a[.='LOGIN']
22:45:23.350  INFO  manager.MyListener - The element -->By.xpath: //a[.='LOGIN']was found
22:45:23.394  INFO  manager.MyListener - Start find element by -->By.xpath: //input[1]
22:45:23.412  INFO  manager.MyListener - The element -->By.xpath: //input[1]was found
22:45:23.580  INFO  manager.MyListener - Start find element by -->By.xpath: //input[2]
22:45:23.601  INFO  manager.MyListener - The element -->By.xpath: //input[2]was found
22:45:23.742  INFO  manager.MyListener - Start find element by -->By.xpath: //button[1]
22:45:23.756  INFO  manager.MyListener - The element -->By.xpath: //button[1]was found
22:45:25.816  INFO  manager.MyListener - Start find element by -->By.xpath: //button[text()='Sign Out']
22:45:25.841  INFO  manager.MyListener - The element -->By.xpath: //button[text()='Sign Out']was found
22:45:25.842  INFO  tests.TestBase - End of method -->loginTestDataProvider
22:45:25.843  INFO  tests.TestBase - Start method -->loginTestDataProvider
22:45:25.843  INFO  tests.TestBase - Test Start with Data -->[sonya@gmail.com, Ss12345$]
22:45:25.843  INFO  tests.TestBase - ==================================================================
22:45:25.844  INFO  manager.MyListener - Start find element by -->By.xpath: //button[text()='Sign Out']
22:45:25.856  INFO  manager.MyListener - The element -->By.xpath: //button[text()='Sign Out']was found
22:45:25.856  INFO  manager.MyListener - Start find element by -->By.xpath: //button[text()='Sign Out']
22:45:25.872  INFO  manager.MyListener - The element -->By.xpath: //button[text()='Sign Out']was found
22:45:25.906  INFO  manager.MyListener - Start find element by -->By.xpath: //button[text()='Sign Out']
22:45:25.918  INFO  manager.MyListener - The element -->By.xpath: //button[text()='Sign Out']was found
22:45:25.970  INFO  manager.MyListener - Start find element by -->By.xpath: //a[.='LOGIN']
22:45:25.998  INFO  manager.MyListener - The element -->By.xpath: //a[.='LOGIN']was found
22:45:26.043  INFO  manager.MyListener - Start find element by -->By.xpath: //input[1]
22:45:26.057  INFO  manager.MyListener - The element -->By.xpath: //input[1]was found
22:45:26.221  INFO  manager.MyListener - Start find element by -->By.xpath: //input[2]
22:45:26.245  INFO  manager.MyListener - The element -->By.xpath: //input[2]was found
22:45:26.396  INFO  manager.MyListener - Start find element by -->By.xpath: //button[1]
22:45:26.416  INFO  manager.MyListener - The element -->By.xpath: //button[1]was found
22:45:28.467  INFO  manager.MyListener - Start find element by -->By.xpath: //button[text()='Sign Out']
22:45:28.491  INFO  manager.MyListener - The element -->By.xpath: //button[text()='Sign Out']was found
22:45:28.492  INFO  tests.TestBase - End of method -->loginTestDataProvider
22:45:28.492  INFO  tests.TestBase - Start method -->loginTestDataProvider
22:45:28.493  INFO  tests.TestBase - Test Start with Data -->[noa@gmail.com, Nnoa12345$]
22:45:28.493  INFO  tests.TestBase - ==================================================================
22:45:28.493  INFO  manager.MyListener - Start find element by -->By.xpath: //button[text()='Sign Out']
22:45:28.505  INFO  manager.MyListener - The element -->By.xpath: //button[text()='Sign Out']was found
22:45:28.505  INFO  manager.MyListener - Start find element by -->By.xpath: //button[text()='Sign Out']
22:45:28.520  INFO  manager.MyListener - The element -->By.xpath: //button[text()='Sign Out']was found
22:45:28.540  INFO  manager.MyListener - Start find element by -->By.xpath: //button[text()='Sign Out']
22:45:28.551  INFO  manager.MyListener - The element -->By.xpath: //button[text()='Sign Out']was found
22:45:28.602  INFO  manager.MyListener - Start find element by -->By.xpath: //a[.='LOGIN']
22:45:28.617  INFO  manager.MyListener - The element -->By.xpath: //a[.='LOGIN']was found
22:45:28.661  INFO  manager.MyListener - Start find element by -->By.xpath: //input[1]
22:45:28.679  INFO  manager.MyListener - The element -->By.xpath: //input[1]was found
22:45:28.820  INFO  manager.MyListener - Start find element by -->By.xpath: //input[2]
22:45:28.832  INFO  manager.MyListener - The element -->By.xpath: //input[2]was found
22:45:28.970  INFO  manager.MyListener - Start find element by -->By.xpath: //button[1]
22:45:28.987  INFO  manager.MyListener - The element -->By.xpath: //button[1]was found
22:45:31.037  INFO  manager.MyListener - Start find element by -->By.xpath: //button[text()='Sign Out']
22:45:31.060  INFO  manager.MyListener - The element -->By.xpath: //button[text()='Sign Out']was found
22:45:31.061  INFO  tests.TestBase - End of method -->loginTestDataProvider
22:45:31.062  INFO  tests.TestBase - Start method -->loginTestDataProviderClass
22:45:31.062  INFO  tests.TestBase - Test Start with Data -->[noa@gmail.com, Nnoa12345$]
22:45:31.062  INFO  tests.TestBase - ==================================================================
22:45:31.063  INFO  manager.MyListener - Start find element by -->By.xpath: //button[text()='Sign Out']
22:45:31.076  INFO  manager.MyListener - The element -->By.xpath: //button[text()='Sign Out']was found
22:45:31.076  INFO  manager.MyListener - Start find element by -->By.xpath: //button[text()='Sign Out']
22:45:31.089  INFO  manager.MyListener - The element -->By.xpath: //button[text()='Sign Out']was found
22:45:31.109  INFO  manager.MyListener - Start find element by -->By.xpath: //button[text()='Sign Out']
22:45:31.120  INFO  manager.MyListener - The element -->By.xpath: //button[text()='Sign Out']was found
22:45:31.168  INFO  manager.MyListener - Start find element by -->By.xpath: //a[.='LOGIN']
22:45:31.188  INFO  manager.MyListener - The element -->By.xpath: //a[.='LOGIN']was found
22:45:31.243  INFO  manager.MyListener - Start find element by -->By.xpath: //input[1]
22:45:31.261  INFO  manager.MyListener - The element -->By.xpath: //input[1]was found
22:45:31.412  INFO  manager.MyListener - Start find element by -->By.xpath: //input[2]
22:45:31.432  INFO  manager.MyListener - The element -->By.xpath: //input[2]was found
22:45:31.573  INFO  manager.MyListener - Start find element by -->By.xpath: //button[1]
22:45:31.588  INFO  manager.MyListener - The element -->By.xpath: //button[1]was found
22:45:33.641  INFO  manager.MyListener - Start find element by -->By.xpath: //button[text()='Sign Out']
22:45:33.665  INFO  manager.MyListener - The element -->By.xpath: //button[text()='Sign Out']was found
22:45:33.666  INFO  tests.TestBase - End of method -->loginTestDataProviderClass
22:45:33.666  INFO  tests.TestBase - Start method -->loginTestDataProviderClass
22:45:33.667  INFO  tests.TestBase - Test Start with Data -->[sonya@gmail.com, Ss12345$]
22:45:33.667  INFO  tests.TestBase - ==================================================================
22:45:33.667  INFO  manager.MyListener - Start find element by -->By.xpath: //button[text()='Sign Out']
22:45:33.679  INFO  manager.MyListener - The element -->By.xpath: //button[text()='Sign Out']was found
22:45:33.680  INFO  manager.MyListener - Start find element by -->By.xpath: //button[text()='Sign Out']
22:45:33.696  INFO  manager.MyListener - The element -->By.xpath: //button[text()='Sign Out']was found
22:45:33.715  INFO  manager.MyListener - Start find element by -->By.xpath: //button[text()='Sign Out']
22:45:33.727  INFO  manager.MyListener - The element -->By.xpath: //button[text()='Sign Out']was found
22:45:33.786  INFO  manager.MyListener - Start find element by -->By.xpath: //a[.='LOGIN']
22:45:33.804  INFO  manager.MyListener - The element -->By.xpath: //a[.='LOGIN']was found
22:45:33.851  INFO  manager.MyListener - Start find element by -->By.xpath: //input[1]
22:45:33.866  INFO  manager.MyListener - The element -->By.xpath: //input[1]was found
22:45:34.011  INFO  manager.MyListener - Start find element by -->By.xpath: //input[2]
22:45:34.022  INFO  manager.MyListener - The element -->By.xpath: //input[2]was found
22:45:34.156  INFO  manager.MyListener - Start find element by -->By.xpath: //button[1]
22:45:34.177  INFO  manager.MyListener - The element -->By.xpath: //button[1]was found
22:45:36.230  INFO  manager.MyListener - Start find element by -->By.xpath: //button[text()='Sign Out']
22:45:36.253  INFO  manager.MyListener - The element -->By.xpath: //button[text()='Sign Out']was found
22:45:36.254  INFO  tests.TestBase - End of method -->loginTestDataProviderClass
22:45:36.255  INFO  tests.TestBase - Start method -->loginTestDataProviderClass
22:45:36.255  INFO  tests.TestBase - Test Start with Data -->[noa@gmail.com, Nnoa12345$]
22:45:36.255  INFO  tests.TestBase - ==================================================================
22:45:36.255  INFO  manager.MyListener - Start find element by -->By.xpath: //button[text()='Sign Out']
22:45:36.268  INFO  manager.MyListener - The element -->By.xpath: //button[text()='Sign Out']was found
22:45:36.269  INFO  manager.MyListener - Start find element by -->By.xpath: //button[text()='Sign Out']
22:45:36.283  INFO  manager.MyListener - The element -->By.xpath: //button[text()='Sign Out']was found
22:45:36.303  INFO  manager.MyListener - Start find element by -->By.xpath: //button[text()='Sign Out']
22:45:36.314  INFO  manager.MyListener - The element -->By.xpath: //button[text()='Sign Out']was found
22:45:36.367  INFO  manager.MyListener - Start find element by -->By.xpath: //a[.='LOGIN']
22:45:36.383  INFO  manager.MyListener - The element -->By.xpath: //a[.='LOGIN']was found
22:45:36.442  INFO  manager.MyListener - Start find element by -->By.xpath: //input[1]
22:45:36.460  INFO  manager.MyListener - The element -->By.xpath: //input[1]was found
22:45:36.606  INFO  manager.MyListener - Start find element by -->By.xpath: //input[2]
22:45:36.630  INFO  manager.MyListener - The element -->By.xpath: //input[2]was found
22:45:36.765  INFO  manager.MyListener - Start find element by -->By.xpath: //button[1]
22:45:36.784  INFO  manager.MyListener - The element -->By.xpath: //button[1]was found
22:45:38.843  INFO  manager.MyListener - Start find element by -->By.xpath: //button[text()='Sign Out']
22:45:38.867  INFO  manager.MyListener - The element -->By.xpath: //button[text()='Sign Out']was found
22:45:38.868  INFO  tests.TestBase - End of method -->loginTestDataProviderClass
22:45:38.869  INFO  tests.TestBase - Start method -->loginTestPositiveNewContact
22:45:38.869  INFO  tests.TestBase - Test Start with Data -->[]
22:45:38.869  INFO  tests.TestBase - ==================================================================
22:45:38.869  INFO  manager.MyListener - Start find element by -->By.xpath: //button[text()='Sign Out']
22:45:38.881  INFO  manager.MyListener - The element -->By.xpath: //button[text()='Sign Out']was found
22:45:38.881  INFO  manager.MyListener - Start find element by -->By.xpath: //button[text()='Sign Out']
22:45:38.896  INFO  manager.MyListener - The element -->By.xpath: //button[text()='Sign Out']was found
22:45:38.916  INFO  manager.MyListener - Start find element by -->By.xpath: //button[text()='Sign Out']
22:45:38.928  INFO  manager.MyListener - The element -->By.xpath: //button[text()='Sign Out']was found
22:45:38.981  INFO  manager.MyListener - Start find element by -->By.xpath: //a[.='LOGIN']
22:45:39.010  INFO  manager.MyListener - The element -->By.xpath: //a[.='LOGIN']was found
22:45:39.051  INFO  manager.MyListener - Start find element by -->By.xpath: //input[@placeholder='Email']
22:45:39.073  INFO  manager.MyListener - The element -->By.xpath: //input[@placeholder='Email']was found
22:45:39.216  INFO  manager.MyListener - Start find element by -->By.xpath: //input[@placeholder='Password']
22:45:39.248  INFO  manager.MyListener - The element -->By.xpath: //input[@placeholder='Password']was found
22:45:39.397  INFO  manager.MyListener - Start find element by -->By.xpath: //button[.=' Login']
22:45:39.418  INFO  manager.MyListener - The element -->By.xpath: //button[.=' Login']was found
22:45:41.465  INFO  manager.MyListener - Start find element by -->By.xpath: //a[.='ADD']
22:45:41.493  INFO  manager.MyListener - The element -->By.xpath: //a[.='ADD']was found
22:45:41.510  INFO  tests.TestBase - End of method -->loginTestPositiveNewContact
22:45:41.510  INFO  tests.TestBase - Start method -->loginTestWithWrongPassword
22:45:41.511  INFO  tests.TestBase - Test Start with Data -->[]
22:45:41.511  INFO  tests.TestBase - ==================================================================
22:45:41.511  INFO  manager.MyListener - Start find element by -->By.xpath: //button[text()='Sign Out']
22:45:41.534  INFO  manager.MyListener - The element -->By.xpath: //button[text()='Sign Out']was found
22:45:41.534  INFO  manager.MyListener - Start find element by -->By.xpath: //button[text()='Sign Out']
22:45:41.550  INFO  manager.MyListener - The element -->By.xpath: //button[text()='Sign Out']was found
22:45:41.569  INFO  manager.MyListener - Start find element by -->By.xpath: //button[text()='Sign Out']
22:45:41.582  INFO  manager.MyListener - The element -->By.xpath: //button[text()='Sign Out']was found
22:45:41.634  INFO  manager.MyListener - Start find element by -->By.xpath: //a[.='LOGIN']
22:45:41.661  INFO  manager.MyListener - The element -->By.xpath: //a[.='LOGIN']was found
22:45:41.706  INFO  manager.MyListener - Start find element by -->By.xpath: //input[1]
22:45:41.723  INFO  manager.MyListener - The element -->By.xpath: //input[1]was found
22:45:41.866  INFO  manager.MyListener - Start find element by -->By.xpath: //input[2]
22:45:41.879  INFO  manager.MyListener - The element -->By.xpath: //input[2]was found
22:45:42.014  INFO  manager.MyListener - Start find element by -->By.xpath: //button[1]
22:45:42.035  INFO  manager.MyListener - The element -->By.xpath: //button[1]was found
22:45:42.635  INFO  manager.MyListener - Start find element by -->By.xpath: //button[text()='Sign Out']
22:45:52.689  INFO  manager.MyListener - The element -->By.xpath: //button[text()='Sign Out']was found
22:45:52.690  INFO  tests.TestBase - End of method -->loginTestWithWrongPassword
22:49:54.029  INFO  manager.AppManager - Start in browser CHROME
22:49:54.914  INFO  tests.TestBase - Start method -->smokeTest
22:49:54.916  INFO  tests.TestBase - Test Start with Data -->[]
22:49:54.916  INFO  tests.TestBase - ==================================================================
22:49:54.926  INFO  tests.TestBase - End of method -->smokeTest
22:50:11.851  INFO  manager.AppManager - Start in browser CHROME
22:50:12.651  INFO  tests.TestBase - Start method -->quicktest
22:50:12.652  INFO  tests.TestBase - Test Start with Data -->[]
22:50:12.653  INFO  tests.TestBase - ==================================================================
22:50:12.661  INFO  tests.TestBase - End of method -->quicktest
22:50:32.418  INFO  manager.AppManager - Start in browser CHROME
22:50:33.312  INFO  tests.TestBase - Start method -->loginTestBase
22:50:33.314  INFO  tests.TestBase - Test Start with Data -->[]
22:50:33.314  INFO  tests.TestBase - ==================================================================
22:50:33.317  INFO  manager.MyListener - Start find element by -->By.xpath: //button[text()='Sign Out']
22:50:43.351  INFO  manager.MyListener - The element -->By.xpath: //button[text()='Sign Out']was found
22:50:43.352  INFO  manager.MyListener - Start find element by -->By.xpath: //a[.='LOGIN']
22:50:43.384  INFO  manager.MyListener - The element -->By.xpath: //a[.='LOGIN']was found
22:50:43.496  INFO  manager.MyListener - Start find element by -->By.xpath: //input[1]
22:50:43.525  INFO  manager.MyListener - The element -->By.xpath: //input[1]was found
22:50:43.706  INFO  manager.MyListener - Start find element by -->By.xpath: //input[2]
22:50:43.723  INFO  manager.MyListener - The element -->By.xpath: //input[2]was found
22:50:43.902  INFO  manager.MyListener - Start find element by -->By.xpath: //button[1]
22:50:43.928  INFO  manager.MyListener - The element -->By.xpath: //button[1]was found
22:50:43.993  INFO  manager.MyListener - Start find element by -->By.xpath: //button[text()='Sign Out']
22:50:44.573  INFO  manager.MyListener - The element -->By.xpath: //button[text()='Sign Out']was found
22:50:44.585  INFO  tests.TestBase - End of method -->loginTestBase
22:50:44.599  INFO  tests.TestBase - Start method -->loginTestDP_CSV
22:50:44.611  INFO  tests.TestBase - Test Start with Data -->[User{email='noa@gmail.com', password='Nnoa12345$'}]
22:50:44.612  INFO  tests.TestBase - ==================================================================
22:50:44.613  INFO  manager.MyListener - Start find element by -->By.xpath: //button[text()='Sign Out']
22:50:44.636  INFO  manager.MyListener - The element -->By.xpath: //button[text()='Sign Out']was found
22:50:44.641  INFO  manager.MyListener - Start find element by -->By.xpath: //button[text()='Sign Out']
22:50:44.674  INFO  manager.MyListener - The element -->By.xpath: //button[text()='Sign Out']was found
22:50:44.737  INFO  manager.MyListener - Start find element by -->By.xpath: //button[text()='Sign Out']
22:50:44.765  INFO  manager.MyListener - The element -->By.xpath: //button[text()='Sign Out']was found
22:50:44.839  INFO  manager.MyListener - Start find element by -->By.xpath: //a[.='LOGIN']
22:50:44.870  INFO  manager.MyListener - The element -->By.xpath: //a[.='LOGIN']was found
22:50:44.930  INFO  manager.MyListener - Start find element by -->By.xpath: //input[1]
22:50:44.947  INFO  manager.MyListener - The element -->By.xpath: //input[1]was found
22:50:45.093  INFO  manager.MyListener - Start find element by -->By.xpath: //input[2]
22:50:45.118  INFO  manager.MyListener - The element -->By.xpath: //input[2]was found
22:50:45.282  INFO  manager.MyListener - Start find element by -->By.xpath: //button[1]
22:50:45.302  INFO  manager.MyListener - The element -->By.xpath: //button[1]was found
22:50:45.351  INFO  manager.MyListener - Start find element by -->By.xpath: //button[text()='Sign Out']
22:50:45.486  INFO  manager.MyListener - The element -->By.xpath: //button[text()='Sign Out']was found
22:50:45.487  INFO  tests.TestBase - End of method -->loginTestDP_CSV
22:50:45.488  INFO  tests.TestBase - Start method -->loginTestDP_CSV
22:50:45.488  INFO  tests.TestBase - Test Start with Data -->[User{email='noa@gmail.com', password='Nnoa12345$'}]
22:50:45.488  INFO  tests.TestBase - ==================================================================
22:50:45.489  INFO  manager.MyListener - Start find element by -->By.xpath: //button[text()='Sign Out']
22:50:45.504  INFO  manager.MyListener - The element -->By.xpath: //button[text()='Sign Out']was found
22:50:45.505  INFO  manager.MyListener - Start find element by -->By.xpath: //button[text()='Sign Out']
22:50:45.520  INFO  manager.MyListener - The element -->By.xpath: //button[text()='Sign Out']was found
22:50:45.561  INFO  manager.MyListener - Start find element by -->By.xpath: //button[text()='Sign Out']
22:50:45.583  INFO  manager.MyListener - The element -->By.xpath: //button[text()='Sign Out']was found
22:50:45.639  INFO  manager.MyListener - Start find element by -->By.xpath: //a[.='LOGIN']
22:50:45.663  INFO  manager.MyListener - The element -->By.xpath: //a[.='LOGIN']was found
22:50:45.727  INFO  manager.MyListener - Start find element by -->By.xpath: //input[1]
22:50:45.752  INFO  manager.MyListener - The element -->By.xpath: //input[1]was found
22:50:45.929  INFO  manager.MyListener - Start find element by -->By.xpath: //input[2]
22:50:45.955  INFO  manager.MyListener - The element -->By.xpath: //input[2]was found
22:50:46.106  INFO  manager.MyListener - Start find element by -->By.xpath: //button[1]
22:50:46.126  INFO  manager.MyListener - The element -->By.xpath: //button[1]was found
22:50:46.173  INFO  manager.MyListener - Start find element by -->By.xpath: //button[text()='Sign Out']
22:50:46.305  INFO  manager.MyListener - The element -->By.xpath: //button[text()='Sign Out']was found
22:50:46.307  INFO  tests.TestBase - End of method -->loginTestDP_CSV
22:50:46.308  INFO  tests.TestBase - Start method -->loginTestDP_CSV
22:50:46.308  INFO  tests.TestBase - Test Start with Data -->[User{email='noa@gmail.com', password='Nnoa12345$'}]
22:50:46.308  INFO  tests.TestBase - ==================================================================
22:50:46.309  INFO  manager.MyListener - Start find element by -->By.xpath: //button[text()='Sign Out']
22:50:46.324  INFO  manager.MyListener - The element -->By.xpath: //button[text()='Sign Out']was found
22:50:46.324  INFO  manager.MyListener - Start find element by -->By.xpath: //button[text()='Sign Out']
22:50:46.340  INFO  manager.MyListener - The element -->By.xpath: //button[text()='Sign Out']was found
22:50:46.374  INFO  manager.MyListener - Start find element by -->By.xpath: //button[text()='Sign Out']
22:50:46.388  INFO  manager.MyListener - The element -->By.xpath: //button[text()='Sign Out']was found
22:50:46.442  INFO  manager.MyListener - Start find element by -->By.xpath: //a[.='LOGIN']
22:50:46.465  INFO  manager.MyListener - The element -->By.xpath: //a[.='LOGIN']was found
22:50:46.526  INFO  manager.MyListener - Start find element by -->By.xpath: //input[1]
22:50:46.554  INFO  manager.MyListener - The element -->By.xpath: //input[1]was found
22:50:46.712  INFO  manager.MyListener - Start find element by -->By.xpath: //input[2]
22:50:46.739  INFO  manager.MyListener - The element -->By.xpath: //input[2]was found
22:50:46.906  INFO  manager.MyListener - Start find element by -->By.xpath: //button[1]
22:50:46.928  INFO  manager.MyListener - The element -->By.xpath: //button[1]was found
22:50:46.978  INFO  manager.MyListener - Start find element by -->By.xpath: //button[text()='Sign Out']
22:50:47.115  INFO  manager.MyListener - The element -->By.xpath: //button[text()='Sign Out']was found
22:50:47.116  INFO  tests.TestBase - End of method -->loginTestDP_CSV
22:50:47.118  INFO  tests.TestBase - Start method -->loginTestDataProvider
22:50:47.118  INFO  tests.TestBase - Test Start with Data -->[noa@gmail.com, Nnoa12345$]
22:50:47.118  INFO  tests.TestBase - ==================================================================
22:50:47.119  INFO  manager.MyListener - Start find element by -->By.xpath: //button[text()='Sign Out']
22:50:47.143  INFO  manager.MyListener - The element -->By.xpath: //button[text()='Sign Out']was found
22:50:47.144  INFO  manager.MyListener - Start find element by -->By.xpath: //button[text()='Sign Out']
22:50:47.158  INFO  manager.MyListener - The element -->By.xpath: //button[text()='Sign Out']was found
22:50:47.180  INFO  manager.MyListener - Start find element by -->By.xpath: //button[text()='Sign Out']
22:50:47.207  INFO  manager.MyListener - The element -->By.xpath: //button[text()='Sign Out']was found
22:50:47.260  INFO  manager.MyListener - Start find element by -->By.xpath: //a[.='LOGIN']
22:50:47.289  INFO  manager.MyListener - The element -->By.xpath: //a[.='LOGIN']was found
22:50:47.352  INFO  manager.MyListener - Start find element by -->By.xpath: //input[1]
22:50:47.367  INFO  manager.MyListener - The element -->By.xpath: //input[1]was found
22:50:47.508  INFO  manager.MyListener - Start find element by -->By.xpath: //input[2]
22:50:47.519  INFO  manager.MyListener - The element -->By.xpath: //input[2]was found
22:50:47.677  INFO  manager.MyListener - Start find element by -->By.xpath: //button[1]
22:50:47.688  INFO  manager.MyListener - The element -->By.xpath: //button[1]was found
22:50:49.745  INFO  manager.MyListener - Start find element by -->By.xpath: //button[text()='Sign Out']
22:50:49.769  INFO  manager.MyListener - The element -->By.xpath: //button[text()='Sign Out']was found
22:50:49.771  INFO  tests.TestBase - End of method -->loginTestDataProvider
22:50:49.773  INFO  tests.TestBase - Start method -->loginTestDataProvider
22:50:49.773  INFO  tests.TestBase - Test Start with Data -->[sonya@gmail.com, Ss12345$]
22:50:49.773  INFO  tests.TestBase - ==================================================================
22:50:49.773  INFO  manager.MyListener - Start find element by -->By.xpath: //button[text()='Sign Out']
22:50:49.798  INFO  manager.MyListener - The element -->By.xpath: //button[text()='Sign Out']was found
22:50:49.799  INFO  manager.MyListener - Start find element by -->By.xpath: //button[text()='Sign Out']
22:50:49.814  INFO  manager.MyListener - The element -->By.xpath: //button[text()='Sign Out']was found
22:50:49.848  INFO  manager.MyListener - Start find element by -->By.xpath: //button[text()='Sign Out']
22:50:49.860  INFO  manager.MyListener - The element -->By.xpath: //button[text()='Sign Out']was found
22:50:49.928  INFO  manager.MyListener - Start find element by -->By.xpath: //a[.='LOGIN']
22:50:49.956  INFO  manager.MyListener - The element -->By.xpath: //a[.='LOGIN']was found
22:50:50.017  INFO  manager.MyListener - Start find element by -->By.xpath: //input[1]
22:50:50.032  INFO  manager.MyListener - The element -->By.xpath: //input[1]was found
22:50:50.194  INFO  manager.MyListener - Start find element by -->By.xpath: //input[2]
22:50:50.214  INFO  manager.MyListener - The element -->By.xpath: //input[2]was found
22:50:50.370  INFO  manager.MyListener - Start find element by -->By.xpath: //button[1]
22:50:50.385  INFO  manager.MyListener - The element -->By.xpath: //button[1]was found
22:50:52.444  INFO  manager.MyListener - Start find element by -->By.xpath: //button[text()='Sign Out']
22:50:52.468  INFO  manager.MyListener - The element -->By.xpath: //button[text()='Sign Out']was found
22:50:52.469  INFO  tests.TestBase - End of method -->loginTestDataProvider
22:50:52.469  INFO  tests.TestBase - Start method -->loginTestDataProvider
22:50:52.470  INFO  tests.TestBase - Test Start with Data -->[noa@gmail.com, Nnoa12345$]
22:50:52.470  INFO  tests.TestBase - ==================================================================
22:50:52.470  INFO  manager.MyListener - Start find element by -->By.xpath: //button[text()='Sign Out']
22:50:52.486  INFO  manager.MyListener - The element -->By.xpath: //button[text()='Sign Out']was found
22:50:52.486  INFO  manager.MyListener - Start find element by -->By.xpath: //button[text()='Sign Out']
22:50:52.499  INFO  manager.MyListener - The element -->By.xpath: //button[text()='Sign Out']was found
22:50:52.534  INFO  manager.MyListener - Start find element by -->By.xpath: //button[text()='Sign Out']
22:50:52.559  INFO  manager.MyListener - The element -->By.xpath: //button[text()='Sign Out']was found
22:50:52.619  INFO  manager.MyListener - Start find element by -->By.xpath: //a[.='LOGIN']
22:50:52.640  INFO  manager.MyListener - The element -->By.xpath: //a[.='LOGIN']was found
22:50:52.687  INFO  manager.MyListener - Start find element by -->By.xpath: //input[1]
22:50:52.702  INFO  manager.MyListener - The element -->By.xpath: //input[1]was found
22:50:52.860  INFO  manager.MyListener - Start find element by -->By.xpath: //input[2]
22:50:52.886  INFO  manager.MyListener - The element -->By.xpath: //input[2]was found
22:50:53.026  INFO  manager.MyListener - Start find element by -->By.xpath: //button[1]
22:50:53.040  INFO  manager.MyListener - The element -->By.xpath: //button[1]was found
22:50:55.106  INFO  manager.MyListener - Start find element by -->By.xpath: //button[text()='Sign Out']
22:50:55.131  INFO  manager.MyListener - The element -->By.xpath: //button[text()='Sign Out']was found
22:50:55.132  INFO  tests.TestBase - End of method -->loginTestDataProvider
22:50:55.134  INFO  tests.TestBase - Start method -->loginTestDataProviderClass
22:50:55.134  INFO  tests.TestBase - Test Start with Data -->[noa@gmail.com, Nnoa12345$]
22:50:55.134  INFO  tests.TestBase - ==================================================================
22:50:55.134  INFO  manager.MyListener - Start find element by -->By.xpath: //button[text()='Sign Out']
22:50:55.161  INFO  manager.MyListener - The element -->By.xpath: //button[text()='Sign Out']was found
22:50:55.162  INFO  manager.MyListener - Start find element by -->By.xpath: //button[text()='Sign Out']
22:50:55.176  INFO  manager.MyListener - The element -->By.xpath: //button[text()='Sign Out']was found
22:50:55.197  INFO  manager.MyListener - Start find element by -->By.xpath: //button[text()='Sign Out']
22:50:55.222  INFO  manager.MyListener - The element -->By.xpath: //button[text()='Sign Out']was found
22:50:55.278  INFO  manager.MyListener - Start find element by -->By.xpath: //a[.='LOGIN']
22:50:55.308  INFO  manager.MyListener - The element -->By.xpath: //a[.='LOGIN']was found
22:50:55.362  INFO  manager.MyListener - Start find element by -->By.xpath: //input[1]
22:50:55.378  INFO  manager.MyListener - The element -->By.xpath: //input[1]was found
22:50:55.538  INFO  manager.MyListener - Start find element by -->By.xpath: //input[2]
22:50:55.562  INFO  manager.MyListener - The element -->By.xpath: //input[2]was found
22:50:55.699  INFO  manager.MyListener - Start find element by -->By.xpath: //button[1]
22:50:55.718  INFO  manager.MyListener - The element -->By.xpath: //button[1]was found
22:50:57.780  INFO  manager.MyListener - Start find element by -->By.xpath: //button[text()='Sign Out']
22:50:57.805  INFO  manager.MyListener - The element -->By.xpath: //button[text()='Sign Out']was found
22:50:57.806  INFO  tests.TestBase - End of method -->loginTestDataProviderClass
22:50:57.807  INFO  tests.TestBase - Start method -->loginTestDataProviderClass
22:50:57.807  INFO  tests.TestBase - Test Start with Data -->[sonya@gmail.com, Ss12345$]
22:50:57.807  INFO  tests.TestBase - ==================================================================
22:50:57.807  INFO  manager.MyListener - Start find element by -->By.xpath: //button[text()='Sign Out']
22:50:57.818  INFO  manager.MyListener - The element -->By.xpath: //button[text()='Sign Out']was found
22:50:57.818  INFO  manager.MyListener - Start find element by -->By.xpath: //button[text()='Sign Out']
22:50:57.834  INFO  manager.MyListener - The element -->By.xpath: //button[text()='Sign Out']was found
22:50:57.854  INFO  manager.MyListener - Start find element by -->By.xpath: //button[text()='Sign Out']
22:50:57.866  INFO  manager.MyListener - The element -->By.xpath: //button[text()='Sign Out']was found
22:50:57.927  INFO  manager.MyListener - Start find element by -->By.xpath: //a[.='LOGIN']
22:50:57.948  INFO  manager.MyListener - The element -->By.xpath: //a[.='LOGIN']was found
22:50:57.999  INFO  manager.MyListener - Start find element by -->By.xpath: //input[1]
22:50:58.023  INFO  manager.MyListener - The element -->By.xpath: //input[1]was found
22:50:58.171  INFO  manager.MyListener - Start find element by -->By.xpath: //input[2]
22:50:58.193  INFO  manager.MyListener - The element -->By.xpath: //input[2]was found
22:50:58.325  INFO  manager.MyListener - Start find element by -->By.xpath: //button[1]
22:50:58.345  INFO  manager.MyListener - The element -->By.xpath: //button[1]was found
22:51:00.399  INFO  manager.MyListener - Start find element by -->By.xpath: //button[text()='Sign Out']
22:51:00.424  INFO  manager.MyListener - The element -->By.xpath: //button[text()='Sign Out']was found
22:51:00.426  INFO  tests.TestBase - End of method -->loginTestDataProviderClass
22:51:00.427  INFO  tests.TestBase - Start method -->loginTestDataProviderClass
22:51:00.427  INFO  tests.TestBase - Test Start with Data -->[noa@gmail.com, Nnoa12345$]
22:51:00.427  INFO  tests.TestBase - ==================================================================
22:51:00.427  INFO  manager.MyListener - Start find element by -->By.xpath: //button[text()='Sign Out']
22:51:00.439  INFO  manager.MyListener - The element -->By.xpath: //button[text()='Sign Out']was found
22:51:00.439  INFO  manager.MyListener - Start find element by -->By.xpath: //button[text()='Sign Out']
22:51:00.455  INFO  manager.MyListener - The element -->By.xpath: //button[text()='Sign Out']was found
22:51:00.474  INFO  manager.MyListener - Start find element by -->By.xpath: //button[text()='Sign Out']
22:51:00.486  INFO  manager.MyListener - The element -->By.xpath: //button[text()='Sign Out']was found
22:51:00.548  INFO  manager.MyListener - Start find element by -->By.xpath: //a[.='LOGIN']
22:51:00.565  INFO  manager.MyListener - The element -->By.xpath: //a[.='LOGIN']was found
22:51:00.613  INFO  manager.MyListener - Start find element by -->By.xpath: //input[1]
22:51:00.639  INFO  manager.MyListener - The element -->By.xpath: //input[1]was found
22:51:00.802  INFO  manager.MyListener - Start find element by -->By.xpath: //input[2]
22:51:00.826  INFO  manager.MyListener - The element -->By.xpath: //input[2]was found
22:51:00.984  INFO  manager.MyListener - Start find element by -->By.xpath: //button[1]
22:51:00.998  INFO  manager.MyListener - The element -->By.xpath: //button[1]was found
22:51:03.057  INFO  manager.MyListener - Start find element by -->By.xpath: //button[text()='Sign Out']
22:51:03.081  INFO  manager.MyListener - The element -->By.xpath: //button[text()='Sign Out']was found
22:51:03.082  INFO  tests.TestBase - End of method -->loginTestDataProviderClass
22:51:03.083  INFO  tests.TestBase - Start method -->loginTestPositiveNewContact
22:51:03.083  INFO  tests.TestBase - Test Start with Data -->[]
22:51:03.083  INFO  tests.TestBase - ==================================================================
22:51:03.084  INFO  manager.MyListener - Start find element by -->By.xpath: //button[text()='Sign Out']
22:51:03.096  INFO  manager.MyListener - The element -->By.xpath: //button[text()='Sign Out']was found
22:51:03.096  INFO  manager.MyListener - Start find element by -->By.xpath: //button[text()='Sign Out']
22:51:03.112  INFO  manager.MyListener - The element -->By.xpath: //button[text()='Sign Out']was found
22:51:03.131  INFO  manager.MyListener - Start find element by -->By.xpath: //button[text()='Sign Out']
22:51:03.144  INFO  manager.MyListener - The element -->By.xpath: //button[text()='Sign Out']was found
22:51:03.203  INFO  manager.MyListener - Start find element by -->By.xpath: //a[.='LOGIN']
22:51:03.225  INFO  manager.MyListener - The element -->By.xpath: //a[.='LOGIN']was found
22:51:03.269  INFO  manager.MyListener - Start find element by -->By.xpath: //input[@placeholder='Email']
22:51:03.290  INFO  manager.MyListener - The element -->By.xpath: //input[@placeholder='Email']was found
22:51:03.459  INFO  manager.MyListener - Start find element by -->By.xpath: //input[@placeholder='Password']
22:51:03.474  INFO  manager.MyListener - The element -->By.xpath: //input[@placeholder='Password']was found
22:51:03.613  INFO  manager.MyListener - Start find element by -->By.xpath: //button[.=' Login']
22:51:03.635  INFO  manager.MyListener - The element -->By.xpath: //button[.=' Login']was found
22:51:05.690  INFO  manager.MyListener - Start find element by -->By.xpath: //a[.='ADD']
22:51:05.719  INFO  manager.MyListener - The element -->By.xpath: //a[.='ADD']was found
22:51:05.736  INFO  tests.TestBase - End of method -->loginTestPositiveNewContact
22:51:05.737  INFO  tests.TestBase - Start method -->loginTestWithWrongPassword
22:51:05.737  INFO  tests.TestBase - Test Start with Data -->[]
22:51:05.737  INFO  tests.TestBase - ==================================================================
22:51:05.738  INFO  manager.MyListener - Start find element by -->By.xpath: //button[text()='Sign Out']
22:51:05.760  INFO  manager.MyListener - The element -->By.xpath: //button[text()='Sign Out']was found
22:51:05.760  INFO  manager.MyListener - Start find element by -->By.xpath: //button[text()='Sign Out']
22:51:05.775  INFO  manager.MyListener - The element -->By.xpath: //button[text()='Sign Out']was found
22:51:05.794  INFO  manager.MyListener - Start find element by -->By.xpath: //button[text()='Sign Out']
22:51:05.806  INFO  manager.MyListener - The element -->By.xpath: //button[text()='Sign Out']was found
22:51:05.865  INFO  manager.MyListener - Start find element by -->By.xpath: //a[.='LOGIN']
22:51:05.888  INFO  manager.MyListener - The element -->By.xpath: //a[.='LOGIN']was found
22:51:05.938  INFO  manager.MyListener - Start find element by -->By.xpath: //input[1]
22:51:05.965  INFO  manager.MyListener - The element -->By.xpath: //input[1]was found
22:51:06.106  INFO  manager.MyListener - Start find element by -->By.xpath: //input[2]
22:51:06.118  INFO  manager.MyListener - The element -->By.xpath: //input[2]was found
22:51:06.256  INFO  manager.MyListener - Start find element by -->By.xpath: //button[1]
22:51:06.273  INFO  manager.MyListener - The element -->By.xpath: //button[1]was found
22:51:06.871  INFO  manager.MyListener - Start find element by -->By.xpath: //button[text()='Sign Out']
22:51:16.888  INFO  manager.MyListener - The element -->By.xpath: //button[text()='Sign Out']was found
22:51:16.889  INFO  tests.TestBase - End of method -->loginTestWithWrongPassword
