13:02:22.827  INFO  manager.AppManager - Start in browser CHROME
13:02:24.537  INFO  tests.TestBase - Start method -->smokeTest
13:02:24.538  INFO  tests.TestBase - Test Start with Data -->[]
13:02:24.538  INFO  tests.TestBase - ==================================================================
13:02:24.541  INFO  tests.TestBase - End of method -->smokeTest
13:02:24.544  INFO  tests.TestBase - Start method -->quicktest
13:02:24.544  INFO  tests.TestBase - Test Start with Data -->[]
13:02:24.544  INFO  tests.TestBase - ==================================================================
13:02:24.545  INFO  tests.TestBase - End of method -->quicktest
13:02:24.546  INFO  tests.TestBase - Start method -->loginTestBase
13:02:24.546  INFO  tests.TestBase - Test Start with Data -->[]
13:02:24.546  INFO  tests.TestBase - ==================================================================
13:02:24.547  INFO  manager.MyListener - Start find element by -->By.xpath: //button[text()='Sign Out']
13:02:34.560  INFO  manager.MyListener - The element -->By.xpath: //button[text()='Sign Out']was found
13:02:34.560  INFO  manager.MyListener - Start find element by -->By.xpath: //a[.='LOGIN']
13:02:34.576  INFO  manager.MyListener - The element -->By.xpath: //a[.='LOGIN']was found
13:02:34.643  INFO  manager.MyListener - Start find element by -->By.xpath: //input[1]
13:02:34.671  INFO  manager.MyListener - The element -->By.xpath: //input[1]was found
13:02:34.783  INFO  manager.MyListener - Start find element by -->By.xpath: //input[2]
13:02:34.797  INFO  manager.MyListener - The element -->By.xpath: //input[2]was found
13:02:34.904  INFO  manager.MyListener - Start find element by -->By.xpath: //button[1]
13:02:34.920  INFO  manager.MyListener - The element -->By.xpath: //button[1]was found
13:02:34.954  INFO  manager.MyListener - Start find element by -->By.xpath: //button[text()='Sign Out']
13:02:35.591  INFO  manager.MyListener - The element -->By.xpath: //button[text()='Sign Out']was found
13:02:35.595  INFO  tests.TestBase - End of method -->loginTestBase
13:02:35.598  INFO  tests.TestBase - Start method -->loginTestDP_CSV
13:02:35.603  INFO  tests.TestBase - Test Start with Data -->[User{email='noa@gmail.com', password='Nnoa12345$'}]
13:02:35.604  INFO  tests.TestBase - ==================================================================
13:02:35.604  INFO  manager.MyListener - Start find element by -->By.xpath: //button[text()='Sign Out']
13:02:35.622  INFO  manager.MyListener - The element -->By.xpath: //button[text()='Sign Out']was found
13:02:35.624  INFO  manager.MyListener - Start find element by -->By.xpath: //button[text()='Sign Out']
13:02:35.641  INFO  manager.MyListener - The element -->By.xpath: //button[text()='Sign Out']was found
13:02:35.675  INFO  manager.MyListener - Start find element by -->By.xpath: //button[text()='Sign Out']
13:02:35.686  INFO  manager.MyListener - The element -->By.xpath: //button[text()='Sign Out']was found
13:02:35.722  INFO  manager.MyListener - Start find element by -->By.xpath: //a[.='LOGIN']
13:02:35.735  INFO  manager.MyListener - The element -->By.xpath: //a[.='LOGIN']was found
13:02:35.767  INFO  manager.MyListener - Start find element by -->By.xpath: //input[1]
13:02:35.777  INFO  manager.MyListener - The element -->By.xpath: //input[1]was found
13:02:35.872  INFO  manager.MyListener - Start find element by -->By.xpath: //input[2]
13:02:35.886  INFO  manager.MyListener - The element -->By.xpath: //input[2]was found
13:02:35.983  INFO  manager.MyListener - Start find element by -->By.xpath: //button[1]
13:02:35.996  INFO  manager.MyListener - The element -->By.xpath: //button[1]was found
13:02:36.030  INFO  manager.MyListener - Start find element by -->By.xpath: //button[text()='Sign Out']
13:02:36.167  INFO  manager.MyListener - The element -->By.xpath: //button[text()='Sign Out']was found
13:02:36.168  INFO  tests.TestBase - End of method -->loginTestDP_CSV
13:02:36.168  INFO  tests.TestBase - Start method -->loginTestDP_CSV
13:02:36.168  INFO  tests.TestBase - Test Start with Data -->[User{email='noa@gmail.com', password='Nnoa12345$'}]
13:02:36.168  INFO  tests.TestBase - ==================================================================
13:02:36.169  INFO  manager.MyListener - Start find element by -->By.xpath: //button[text()='Sign Out']
13:02:36.184  INFO  manager.MyListener - The element -->By.xpath: //button[text()='Sign Out']was found
13:02:36.184  INFO  manager.MyListener - Start find element by -->By.xpath: //button[text()='Sign Out']
13:02:36.199  INFO  manager.MyListener - The element -->By.xpath: //button[text()='Sign Out']was found
13:02:36.236  INFO  manager.MyListener - Start find element by -->By.xpath: //button[text()='Sign Out']
13:02:36.247  INFO  manager.MyListener - The element -->By.xpath: //button[text()='Sign Out']was found
13:02:36.286  INFO  manager.MyListener - Start find element by -->By.xpath: //a[.='LOGIN']
13:02:36.308  INFO  manager.MyListener - The element -->By.xpath: //a[.='LOGIN']was found
13:02:36.346  INFO  manager.MyListener - Start find element by -->By.xpath: //input[1]
13:02:36.354  INFO  manager.MyListener - The element -->By.xpath: //input[1]was found
13:02:36.450  INFO  manager.MyListener - Start find element by -->By.xpath: //input[2]
13:02:36.464  INFO  manager.MyListener - The element -->By.xpath: //input[2]was found
13:02:36.556  INFO  manager.MyListener - Start find element by -->By.xpath: //button[1]
13:02:36.572  INFO  manager.MyListener - The element -->By.xpath: //button[1]was found
13:02:36.605  INFO  manager.MyListener - Start find element by -->By.xpath: //button[text()='Sign Out']
13:02:36.743  INFO  manager.MyListener - The element -->By.xpath: //button[text()='Sign Out']was found
13:02:36.744  INFO  tests.TestBase - End of method -->loginTestDP_CSV
13:02:36.745  INFO  tests.TestBase - Start method -->loginTestDP_CSV
13:02:36.745  INFO  tests.TestBase - Test Start with Data -->[User{email='noa@gmail.com', password='Nnoa12345$'}]
13:02:36.745  INFO  tests.TestBase - ==================================================================
13:02:36.746  INFO  manager.MyListener - Start find element by -->By.xpath: //button[text()='Sign Out']
13:02:36.762  INFO  manager.MyListener - The element -->By.xpath: //button[text()='Sign Out']was found
13:02:36.762  INFO  manager.MyListener - Start find element by -->By.xpath: //button[text()='Sign Out']
13:02:36.777  INFO  manager.MyListener - The element -->By.xpath: //button[text()='Sign Out']was found
13:02:36.795  INFO  manager.MyListener - Start find element by -->By.xpath: //button[text()='Sign Out']
13:02:36.808  INFO  manager.MyListener - The element -->By.xpath: //button[text()='Sign Out']was found
13:02:36.843  INFO  manager.MyListener - Start find element by -->By.xpath: //a[.='LOGIN']
13:02:36.855  INFO  manager.MyListener - The element -->By.xpath: //a[.='LOGIN']was found
13:02:36.890  INFO  manager.MyListener - Start find element by -->By.xpath: //input[1]
13:02:36.902  INFO  manager.MyListener - The element -->By.xpath: //input[1]was found
13:02:36.996  INFO  manager.MyListener - Start find element by -->By.xpath: //input[2]
13:02:37.009  INFO  manager.MyListener - The element -->By.xpath: //input[2]was found
13:02:37.103  INFO  manager.MyListener - Start find element by -->By.xpath: //button[1]
13:02:37.118  INFO  manager.MyListener - The element -->By.xpath: //button[1]was found
13:02:37.150  INFO  manager.MyListener - Start find element by -->By.xpath: //button[text()='Sign Out']
13:02:37.286  INFO  manager.MyListener - The element -->By.xpath: //button[text()='Sign Out']was found
13:02:37.287  INFO  tests.TestBase - End of method -->loginTestDP_CSV
13:02:37.287  INFO  tests.TestBase - Start method -->loginTestDataProvider
13:02:37.287  INFO  tests.TestBase - Test Start with Data -->[noa@gmail.com, Nnoa12345$]
13:02:37.287  INFO  tests.TestBase - ==================================================================
13:02:37.287  INFO  manager.MyListener - Start find element by -->By.xpath: //button[text()='Sign Out']
13:02:37.303  INFO  manager.MyListener - The element -->By.xpath: //button[text()='Sign Out']was found
13:02:37.303  INFO  manager.MyListener - Start find element by -->By.xpath: //button[text()='Sign Out']
13:02:37.318  INFO  manager.MyListener - The element -->By.xpath: //button[text()='Sign Out']was found
13:02:37.336  INFO  manager.MyListener - Start find element by -->By.xpath: //button[text()='Sign Out']
13:02:37.350  INFO  manager.MyListener - The element -->By.xpath: //button[text()='Sign Out']was found
13:02:37.387  INFO  manager.MyListener - Start find element by -->By.xpath: //a[.='LOGIN']
13:02:37.402  INFO  manager.MyListener - The element -->By.xpath: //a[.='LOGIN']was found
13:02:37.433  INFO  manager.MyListener - Start find element by -->By.xpath: //input[1]
13:02:37.446  INFO  manager.MyListener - The element -->By.xpath: //input[1]was found
13:02:37.538  INFO  manager.MyListener - Start find element by -->By.xpath: //input[2]
13:02:37.553  INFO  manager.MyListener - The element -->By.xpath: //input[2]was found
13:02:37.648  INFO  manager.MyListener - Start find element by -->By.xpath: //button[1]
13:02:37.664  INFO  manager.MyListener - The element -->By.xpath: //button[1]was found
13:02:39.710  INFO  manager.MyListener - Start find element by -->By.xpath: //button[text()='Sign Out']
13:02:39.732  INFO  manager.MyListener - The element -->By.xpath: //button[text()='Sign Out']was found
13:02:39.733  INFO  tests.TestBase - End of method -->loginTestDataProvider
13:02:39.734  INFO  tests.TestBase - Start method -->loginTestDataProvider
13:02:39.734  INFO  tests.TestBase - Test Start with Data -->[sonya@gmail.com, Ss12345$]
13:02:39.734  INFO  tests.TestBase - ==================================================================
13:02:39.734  INFO  manager.MyListener - Start find element by -->By.xpath: //button[text()='Sign Out']
13:02:39.746  INFO  manager.MyListener - The element -->By.xpath: //button[text()='Sign Out']was found
13:02:39.746  INFO  manager.MyListener - Start find element by -->By.xpath: //button[text()='Sign Out']
13:02:39.763  INFO  manager.MyListener - The element -->By.xpath: //button[text()='Sign Out']was found
13:02:39.780  INFO  manager.MyListener - Start find element by -->By.xpath: //button[text()='Sign Out']
13:02:39.794  INFO  manager.MyListener - The element -->By.xpath: //button[text()='Sign Out']was found
13:02:39.834  INFO  manager.MyListener - Start find element by -->By.xpath: //a[.='LOGIN']
13:02:39.857  INFO  manager.MyListener - The element -->By.xpath: //a[.='LOGIN']was found
13:02:39.893  INFO  manager.MyListener - Start find element by -->By.xpath: //input[1]
13:02:39.905  INFO  manager.MyListener - The element -->By.xpath: //input[1]was found
13:02:40.021  INFO  manager.MyListener - Start find element by -->By.xpath: //input[2]
13:02:40.029  INFO  manager.MyListener - The element -->By.xpath: //input[2]was found
13:02:40.122  INFO  manager.MyListener - Start find element by -->By.xpath: //button[1]
13:02:40.138  INFO  manager.MyListener - The element -->By.xpath: //button[1]was found
13:02:42.173  INFO  manager.MyListener - Start find element by -->By.xpath: //button[text()='Sign Out']
13:02:42.194  INFO  manager.MyListener - The element -->By.xpath: //button[text()='Sign Out']was found
13:02:42.195  INFO  tests.TestBase - End of method -->loginTestDataProvider
13:02:42.195  INFO  tests.TestBase - Start method -->loginTestDataProvider
13:02:42.195  INFO  tests.TestBase - Test Start with Data -->[noa@gmail.com, Nnoa12345$]
13:02:42.195  INFO  tests.TestBase - ==================================================================
13:02:42.196  INFO  manager.MyListener - Start find element by -->By.xpath: //button[text()='Sign Out']
13:02:42.208  INFO  manager.MyListener - The element -->By.xpath: //button[text()='Sign Out']was found
13:02:42.208  INFO  manager.MyListener - Start find element by -->By.xpath: //button[text()='Sign Out']
13:02:42.224  INFO  manager.MyListener - The element -->By.xpath: //button[text()='Sign Out']was found
13:02:42.241  INFO  manager.MyListener - Start find element by -->By.xpath: //button[text()='Sign Out']
13:02:42.255  INFO  manager.MyListener - The element -->By.xpath: //button[text()='Sign Out']was found
13:02:42.295  INFO  manager.MyListener - Start find element by -->By.xpath: //a[.='LOGIN']
13:02:42.319  INFO  manager.MyListener - The element -->By.xpath: //a[.='LOGIN']was found
13:02:42.352  INFO  manager.MyListener - Start find element by -->By.xpath: //input[1]
13:02:42.363  INFO  manager.MyListener - The element -->By.xpath: //input[1]was found
13:02:42.460  INFO  manager.MyListener - Start find element by -->By.xpath: //input[2]
13:02:42.474  INFO  manager.MyListener - The element -->By.xpath: //input[2]was found
13:02:42.565  INFO  manager.MyListener - Start find element by -->By.xpath: //button[1]
13:02:42.583  INFO  manager.MyListener - The element -->By.xpath: //button[1]was found
13:02:44.617  INFO  manager.MyListener - Start find element by -->By.xpath: //button[text()='Sign Out']
13:02:44.641  INFO  manager.MyListener - The element -->By.xpath: //button[text()='Sign Out']was found
13:02:44.642  INFO  tests.TestBase - End of method -->loginTestDataProvider
13:02:44.643  INFO  tests.TestBase - Start method -->loginTestDataProviderClass
13:02:44.643  INFO  tests.TestBase - Test Start with Data -->[noa@gmail.com, Nnoa12345$]
13:02:44.643  INFO  tests.TestBase - ==================================================================
13:02:44.643  INFO  manager.MyListener - Start find element by -->By.xpath: //button[text()='Sign Out']
13:02:44.654  INFO  manager.MyListener - The element -->By.xpath: //button[text()='Sign Out']was found
13:02:44.654  INFO  manager.MyListener - Start find element by -->By.xpath: //button[text()='Sign Out']
13:02:44.670  INFO  manager.MyListener - The element -->By.xpath: //button[text()='Sign Out']was found
13:02:44.688  INFO  manager.MyListener - Start find element by -->By.xpath: //button[text()='Sign Out']
13:02:44.700  INFO  manager.MyListener - The element -->By.xpath: //button[text()='Sign Out']was found
13:02:44.737  INFO  manager.MyListener - Start find element by -->By.xpath: //a[.='LOGIN']
13:02:44.747  INFO  manager.MyListener - The element -->By.xpath: //a[.='LOGIN']was found
13:02:44.780  INFO  manager.MyListener - Start find element by -->By.xpath: //input[1]
13:02:44.795  INFO  manager.MyListener - The element -->By.xpath: //input[1]was found
13:02:44.903  INFO  manager.MyListener - Start find element by -->By.xpath: //input[2]
13:02:44.917  INFO  manager.MyListener - The element -->By.xpath: //input[2]was found
13:02:45.011  INFO  manager.MyListener - Start find element by -->By.xpath: //button[1]
13:02:45.027  INFO  manager.MyListener - The element -->By.xpath: //button[1]was found
13:02:47.062  INFO  manager.MyListener - Start find element by -->By.xpath: //button[text()='Sign Out']
13:02:47.082  INFO  manager.MyListener - The element -->By.xpath: //button[text()='Sign Out']was found
13:02:47.083  INFO  tests.TestBase - End of method -->loginTestDataProviderClass
13:02:47.083  INFO  tests.TestBase - Start method -->loginTestDataProviderClass
13:02:47.083  INFO  tests.TestBase - Test Start with Data -->[sonya@gmail.com, Ss12345$]
13:02:47.083  INFO  tests.TestBase - ==================================================================
13:02:47.083  INFO  manager.MyListener - Start find element by -->By.xpath: //button[text()='Sign Out']
13:02:47.097  INFO  manager.MyListener - The element -->By.xpath: //button[text()='Sign Out']was found
13:02:47.097  INFO  manager.MyListener - Start find element by -->By.xpath: //button[text()='Sign Out']
13:02:47.114  INFO  manager.MyListener - The element -->By.xpath: //button[text()='Sign Out']was found
13:02:47.131  INFO  manager.MyListener - Start find element by -->By.xpath: //button[text()='Sign Out']
13:02:47.144  INFO  manager.MyListener - The element -->By.xpath: //button[text()='Sign Out']was found
13:02:47.189  INFO  manager.MyListener - Start find element by -->By.xpath: //a[.='LOGIN']
13:02:47.207  INFO  manager.MyListener - The element -->By.xpath: //a[.='LOGIN']was found
13:02:47.243  INFO  manager.MyListener - Start find element by -->By.xpath: //input[1]
13:02:47.254  INFO  manager.MyListener - The element -->By.xpath: //input[1]was found
13:02:47.348  INFO  manager.MyListener - Start find element by -->By.xpath: //input[2]
13:02:47.363  INFO  manager.MyListener - The element -->By.xpath: //input[2]was found
13:02:47.456  INFO  manager.MyListener - Start find element by -->By.xpath: //button[1]
13:02:47.475  INFO  manager.MyListener - The element -->By.xpath: //button[1]was found
13:02:49.520  INFO  manager.MyListener - Start find element by -->By.xpath: //button[text()='Sign Out']
13:02:49.541  INFO  manager.MyListener - The element -->By.xpath: //button[text()='Sign Out']was found
13:02:49.542  INFO  tests.TestBase - End of method -->loginTestDataProviderClass
13:02:49.542  INFO  tests.TestBase - Start method -->loginTestDataProviderClass
13:02:49.542  INFO  tests.TestBase - Test Start with Data -->[noa@gmail.com, Nnoa12345$]
13:02:49.542  INFO  tests.TestBase - ==================================================================
13:02:49.543  INFO  manager.MyListener - Start find element by -->By.xpath: //button[text()='Sign Out']
13:02:49.556  INFO  manager.MyListener - The element -->By.xpath: //button[text()='Sign Out']was found
13:02:49.557  INFO  manager.MyListener - Start find element by -->By.xpath: //button[text()='Sign Out']
13:02:49.572  INFO  manager.MyListener - The element -->By.xpath: //button[text()='Sign Out']was found
13:02:49.589  INFO  manager.MyListener - Start find element by -->By.xpath: //button[text()='Sign Out']
13:02:49.603  INFO  manager.MyListener - The element -->By.xpath: //button[text()='Sign Out']was found
13:02:49.644  INFO  manager.MyListener - Start find element by -->By.xpath: //a[.='LOGIN']
13:02:49.667  INFO  manager.MyListener - The element -->By.xpath: //a[.='LOGIN']was found
13:02:49.701  INFO  manager.MyListener - Start find element by -->By.xpath: //input[1]
13:02:49.713  INFO  manager.MyListener - The element -->By.xpath: //input[1]was found
13:02:49.808  INFO  manager.MyListener - Start find element by -->By.xpath: //input[2]
13:02:49.822  INFO  manager.MyListener - The element -->By.xpath: //input[2]was found
13:02:49.914  INFO  manager.MyListener - Start find element by -->By.xpath: //button[1]
13:02:49.931  INFO  manager.MyListener - The element -->By.xpath: //button[1]was found
13:02:51.980  INFO  manager.MyListener - Start find element by -->By.xpath: //button[text()='Sign Out']
13:02:52.001  INFO  manager.MyListener - The element -->By.xpath: //button[text()='Sign Out']was found
13:02:52.002  INFO  tests.TestBase - End of method -->loginTestDataProviderClass
13:02:52.002  INFO  tests.TestBase - Start method -->loginTestPositiveNewContact
13:02:52.002  INFO  tests.TestBase - Test Start with Data -->[]
13:02:52.002  INFO  tests.TestBase - ==================================================================
13:02:52.003  INFO  manager.MyListener - Start find element by -->By.xpath: //button[text()='Sign Out']
13:02:52.016  INFO  manager.MyListener - The element -->By.xpath: //button[text()='Sign Out']was found
13:02:52.016  INFO  manager.MyListener - Start find element by -->By.xpath: //button[text()='Sign Out']
13:02:52.031  INFO  manager.MyListener - The element -->By.xpath: //button[text()='Sign Out']was found
13:02:52.049  INFO  manager.MyListener - Start find element by -->By.xpath: //button[text()='Sign Out']
13:02:52.063  INFO  manager.MyListener - The element -->By.xpath: //button[text()='Sign Out']was found
13:02:52.103  INFO  manager.MyListener - Start find element by -->By.xpath: //a[.='LOGIN']
13:02:52.125  INFO  manager.MyListener - The element -->By.xpath: //a[.='LOGIN']was found
13:02:52.158  INFO  manager.MyListener - Start find element by -->By.xpath: //input[@placeholder='Email']
13:02:52.173  INFO  manager.MyListener - The element -->By.xpath: //input[@placeholder='Email']was found
13:02:52.266  INFO  manager.MyListener - Start find element by -->By.xpath: //input[@placeholder='Password']
13:02:52.283  INFO  manager.MyListener - The element -->By.xpath: //input[@placeholder='Password']was found
13:02:52.373  INFO  manager.MyListener - Start find element by -->By.xpath: //button[.=' Login']
13:02:52.391  INFO  manager.MyListener - The element -->By.xpath: //button[.=' Login']was found
13:02:54.437  INFO  manager.MyListener - Start find element by -->By.xpath: //a[.='ADD']
13:02:54.460  INFO  manager.MyListener - The element -->By.xpath: //a[.='ADD']was found
13:02:54.470  INFO  tests.TestBase - End of method -->loginTestPositiveNewContact
13:02:54.471  INFO  tests.TestBase - Start method -->loginTestWithWrongPassword
13:02:54.471  INFO  tests.TestBase - Test Start with Data -->[]
13:02:54.471  INFO  tests.TestBase - ==================================================================
13:02:54.471  INFO  manager.MyListener - Start find element by -->By.xpath: //button[text()='Sign Out']
13:02:54.490  INFO  manager.MyListener - The element -->By.xpath: //button[text()='Sign Out']was found
13:02:54.491  INFO  manager.MyListener - Start find element by -->By.xpath: //button[text()='Sign Out']
13:02:54.505  INFO  manager.MyListener - The element -->By.xpath: //button[text()='Sign Out']was found
13:02:54.524  INFO  manager.MyListener - Start find element by -->By.xpath: //button[text()='Sign Out']
13:02:54.537  INFO  manager.MyListener - The element -->By.xpath: //button[text()='Sign Out']was found
13:02:54.574  INFO  manager.MyListener - Start find element by -->By.xpath: //a[.='LOGIN']
13:02:54.585  INFO  manager.MyListener - The element -->By.xpath: //a[.='LOGIN']was found
13:02:54.617  INFO  manager.MyListener - Start find element by -->By.xpath: //input[1]
13:02:54.633  INFO  manager.MyListener - The element -->By.xpath: //input[1]was found
13:02:54.727  INFO  manager.MyListener - Start find element by -->By.xpath: //input[2]
13:02:54.740  INFO  manager.MyListener - The element -->By.xpath: //input[2]was found
13:02:54.832  INFO  manager.MyListener - Start find element by -->By.xpath: //button[1]
13:02:54.849  INFO  manager.MyListener - The element -->By.xpath: //button[1]was found
13:02:55.419  INFO  manager.MyListener - Start find element by -->By.xpath: //button[text()='Sign Out']
13:03:05.468  INFO  manager.MyListener - The element -->By.xpath: //button[text()='Sign Out']was found
13:03:05.469  INFO  tests.TestBase - End of method -->loginTestWithWrongPassword
