15:26:35.586  INFO  manager.AppManager - Start in browser FIREFOX
15:26:36.837  INFO  tests.TestBase - Start method -->smokeTest
15:26:36.837  INFO  tests.TestBase - Test Start with Data -->[]
15:26:36.837  INFO  tests.TestBase - ==================================================================
15:26:36.840  INFO  tests.TestBase - End of method -->smokeTest
15:26:36.843  INFO  tests.TestBase - Start method -->quicktest
15:26:36.843  INFO  tests.TestBase - Test Start with Data -->[]
15:26:36.843  INFO  tests.TestBase - ==================================================================
15:26:36.845  INFO  tests.TestBase - End of method -->quicktest
15:26:36.846  INFO  tests.TestBase - Start method -->loginTestBase
15:26:36.846  INFO  tests.TestBase - Test Start with Data -->[]
15:26:36.846  INFO  tests.TestBase - ==================================================================
15:26:36.847  INFO  manager.MyListener - Start find element by -->By.xpath: //button[text()='Sign Out']
15:26:46.880  INFO  manager.MyListener - The element -->By.xpath: //button[text()='Sign Out']was found
15:26:46.881  INFO  manager.MyListener - Start find element by -->By.xpath: //a[.='LOGIN']
15:26:46.893  INFO  manager.MyListener - The element -->By.xpath: //a[.='LOGIN']was found
15:26:47.149  INFO  manager.MyListener - Start find element by -->By.xpath: //input[1]
15:26:47.166  INFO  manager.MyListener - The element -->By.xpath: //input[1]was found
15:26:47.452  INFO  manager.MyListener - Start find element by -->By.xpath: //input[2]
15:26:47.464  INFO  manager.MyListener - The element -->By.xpath: //input[2]was found
15:26:47.729  INFO  manager.MyListener - Start find element by -->By.xpath: //button[1]
15:26:47.737  INFO  manager.MyListener - The element -->By.xpath: //button[1]was found
15:26:47.970  INFO  manager.MyListener - Start find element by -->By.xpath: //button[text()='Sign Out']
15:26:48.525  INFO  manager.MyListener - The element -->By.xpath: //button[text()='Sign Out']was found
15:26:48.528  INFO  tests.TestBase - End of method -->loginTestBase
15:26:48.533  INFO  tests.TestBase - Start method -->loginTestDP_CSV
15:26:48.537  INFO  tests.TestBase - Test Start with Data -->[User{email='noa@gmail.com', password='Nnoa12345$'}]
15:26:48.538  INFO  tests.TestBase - ==================================================================
15:26:48.539  INFO  manager.MyListener - Start find element by -->By.xpath: //button[text()='Sign Out']
15:26:48.559  INFO  manager.MyListener - The element -->By.xpath: //button[text()='Sign Out']was found
15:26:48.565  INFO  manager.MyListener - Start find element by -->By.xpath: //button[text()='Sign Out']
15:26:48.570  INFO  manager.MyListener - The element -->By.xpath: //button[text()='Sign Out']was found
15:26:48.613  INFO  manager.MyListener - Start find element by -->By.xpath: //button[text()='Sign Out']
15:26:48.617  INFO  manager.MyListener - The element -->By.xpath: //button[text()='Sign Out']was found
15:26:48.849  INFO  manager.MyListener - Start find element by -->By.xpath: //a[.='LOGIN']
15:26:48.865  INFO  manager.MyListener - The element -->By.xpath: //a[.='LOGIN']was found
15:26:49.099  INFO  manager.MyListener - Start find element by -->By.xpath: //input[1]
15:26:49.117  INFO  manager.MyListener - The element -->By.xpath: //input[1]was found
15:26:49.393  INFO  manager.MyListener - Start find element by -->By.xpath: //input[2]
15:26:49.415  INFO  manager.MyListener - The element -->By.xpath: //input[2]was found
15:26:49.684  INFO  manager.MyListener - Start find element by -->By.xpath: //button[1]
15:26:49.693  INFO  manager.MyListener - The element -->By.xpath: //button[1]was found
15:26:49.926  INFO  manager.MyListener - Start find element by -->By.xpath: //button[text()='Sign Out']
15:26:49.943  INFO  manager.MyListener - The element -->By.xpath: //button[text()='Sign Out']was found
15:26:49.943  INFO  tests.TestBase - End of method -->loginTestDP_CSV
15:26:49.944  INFO  tests.TestBase - Start method -->loginTestDP_CSV
15:26:49.944  INFO  tests.TestBase - Test Start with Data -->[User{email='noa@gmail.com', password='Nnoa12345$'}]
15:26:49.944  INFO  tests.TestBase - ==================================================================
15:26:49.944  INFO  manager.MyListener - Start find element by -->By.xpath: //button[text()='Sign Out']
15:26:49.977  INFO  manager.MyListener - The element -->By.xpath: //button[text()='Sign Out']was found
15:26:49.977  INFO  manager.MyListener - Start find element by -->By.xpath: //button[text()='Sign Out']
15:26:49.989  INFO  manager.MyListener - The element -->By.xpath: //button[text()='Sign Out']was found
15:26:50.011  INFO  manager.MyListener - Start find element by -->By.xpath: //button[text()='Sign Out']
15:26:50.020  INFO  manager.MyListener - The element -->By.xpath: //button[text()='Sign Out']was found
15:26:50.250  INFO  manager.MyListener - Start find element by -->By.xpath: //a[.='LOGIN']
15:26:50.267  INFO  manager.MyListener - The element -->By.xpath: //a[.='LOGIN']was found
15:26:50.499  INFO  manager.MyListener - Start find element by -->By.xpath: //input[1]
15:26:50.516  INFO  manager.MyListener - The element -->By.xpath: //input[1]was found
15:26:50.786  INFO  manager.MyListener - Start find element by -->By.xpath: //input[2]
15:26:50.795  INFO  manager.MyListener - The element -->By.xpath: //input[2]was found
15:26:51.061  INFO  manager.MyListener - Start find element by -->By.xpath: //button[1]
15:26:51.071  INFO  manager.MyListener - The element -->By.xpath: //button[1]was found
15:26:51.301  INFO  manager.MyListener - Start find element by -->By.xpath: //button[text()='Sign Out']
15:26:51.318  INFO  manager.MyListener - The element -->By.xpath: //button[text()='Sign Out']was found
15:26:51.319  INFO  tests.TestBase - End of method -->loginTestDP_CSV
15:26:51.319  INFO  tests.TestBase - Start method -->loginTestDP_CSV
15:26:51.319  INFO  tests.TestBase - Test Start with Data -->[User{email='noa@gmail.com', password='Nnoa12345$'}]
15:26:51.319  INFO  tests.TestBase - ==================================================================
15:26:51.320  INFO  manager.MyListener - Start find element by -->By.xpath: //button[text()='Sign Out']
15:26:51.337  INFO  manager.MyListener - The element -->By.xpath: //button[text()='Sign Out']was found
15:26:51.337  INFO  manager.MyListener - Start find element by -->By.xpath: //button[text()='Sign Out']
15:26:51.355  INFO  manager.MyListener - The element -->By.xpath: //button[text()='Sign Out']was found
15:26:51.371  INFO  manager.MyListener - Start find element by -->By.xpath: //button[text()='Sign Out']
15:26:51.380  INFO  manager.MyListener - The element -->By.xpath: //button[text()='Sign Out']was found
15:26:51.609  INFO  manager.MyListener - Start find element by -->By.xpath: //a[.='LOGIN']
15:26:51.627  INFO  manager.MyListener - The element -->By.xpath: //a[.='LOGIN']was found
15:26:51.854  INFO  manager.MyListener - Start find element by -->By.xpath: //input[1]
15:26:51.870  INFO  manager.MyListener - The element -->By.xpath: //input[1]was found
15:26:52.141  INFO  manager.MyListener - Start find element by -->By.xpath: //input[2]
15:26:52.155  INFO  manager.MyListener - The element -->By.xpath: //input[2]was found
15:26:52.422  INFO  manager.MyListener - Start find element by -->By.xpath: //button[1]
15:26:52.431  INFO  manager.MyListener - The element -->By.xpath: //button[1]was found
15:26:52.667  INFO  manager.MyListener - Start find element by -->By.xpath: //button[text()='Sign Out']
15:26:52.682  INFO  manager.MyListener - The element -->By.xpath: //button[text()='Sign Out']was found
15:26:52.683  INFO  tests.TestBase - End of method -->loginTestDP_CSV
15:26:52.684  INFO  tests.TestBase - Start method -->loginTestDataProvider
15:26:52.684  INFO  tests.TestBase - Test Start with Data -->[noa@gmail.com, Nnoa12345$]
15:26:52.684  INFO  tests.TestBase - ==================================================================
15:26:52.685  INFO  manager.MyListener - Start find element by -->By.xpath: //button[text()='Sign Out']
15:26:52.697  INFO  manager.MyListener - The element -->By.xpath: //button[text()='Sign Out']was found
15:26:52.697  INFO  manager.MyListener - Start find element by -->By.xpath: //button[text()='Sign Out']
15:26:52.713  INFO  manager.MyListener - The element -->By.xpath: //button[text()='Sign Out']was found
15:26:52.736  INFO  manager.MyListener - Start find element by -->By.xpath: //button[text()='Sign Out']
15:26:52.746  INFO  manager.MyListener - The element -->By.xpath: //button[text()='Sign Out']was found
15:26:52.977  INFO  manager.MyListener - Start find element by -->By.xpath: //a[.='LOGIN']
15:26:52.994  INFO  manager.MyListener - The element -->By.xpath: //a[.='LOGIN']was found
15:26:53.224  INFO  manager.MyListener - Start find element by -->By.xpath: //input[1]
15:26:53.240  INFO  manager.MyListener - The element -->By.xpath: //input[1]was found
15:26:53.512  INFO  manager.MyListener - Start find element by -->By.xpath: //input[2]
15:26:53.521  INFO  manager.MyListener - The element -->By.xpath: //input[2]was found
15:26:53.792  INFO  manager.MyListener - Start find element by -->By.xpath: //button[1]
15:26:53.804  INFO  manager.MyListener - The element -->By.xpath: //button[1]was found
15:26:56.038  INFO  manager.MyListener - Start find element by -->By.xpath: //button[text()='Sign Out']
15:26:56.056  INFO  manager.MyListener - The element -->By.xpath: //button[text()='Sign Out']was found
15:26:56.057  INFO  tests.TestBase - End of method -->loginTestDataProvider
15:26:56.058  INFO  tests.TestBase - Start method -->loginTestDataProvider
15:26:56.058  INFO  tests.TestBase - Test Start with Data -->[sonya@gmail.com, Ss12345$]
15:26:56.058  INFO  tests.TestBase - ==================================================================
15:26:56.058  INFO  manager.MyListener - Start find element by -->By.xpath: //button[text()='Sign Out']
15:26:56.073  INFO  manager.MyListener - The element -->By.xpath: //button[text()='Sign Out']was found
15:26:56.073  INFO  manager.MyListener - Start find element by -->By.xpath: //button[text()='Sign Out']
15:26:56.088  INFO  manager.MyListener - The element -->By.xpath: //button[text()='Sign Out']was found
15:26:56.109  INFO  manager.MyListener - Start find element by -->By.xpath: //button[text()='Sign Out']
15:26:56.122  INFO  manager.MyListener - The element -->By.xpath: //button[text()='Sign Out']was found
15:26:56.348  INFO  manager.MyListener - Start find element by -->By.xpath: //a[.='LOGIN']
15:26:56.365  INFO  manager.MyListener - The element -->By.xpath: //a[.='LOGIN']was found
15:26:56.585  INFO  manager.MyListener - Start find element by -->By.xpath: //input[1]
15:26:56.601  INFO  manager.MyListener - The element -->By.xpath: //input[1]was found
15:26:56.873  INFO  manager.MyListener - Start find element by -->By.xpath: //input[2]
15:26:56.879  INFO  manager.MyListener - The element -->By.xpath: //input[2]was found
15:26:57.151  INFO  manager.MyListener - Start find element by -->By.xpath: //button[1]
15:26:57.161  INFO  manager.MyListener - The element -->By.xpath: //button[1]was found
15:26:59.402  INFO  manager.MyListener - Start find element by -->By.xpath: //button[text()='Sign Out']
15:26:59.420  INFO  manager.MyListener - The element -->By.xpath: //button[text()='Sign Out']was found
15:26:59.421  INFO  tests.TestBase - End of method -->loginTestDataProvider
15:26:59.421  INFO  tests.TestBase - Start method -->loginTestDataProvider
15:26:59.421  INFO  tests.TestBase - Test Start with Data -->[noa@gmail.com, Nnoa12345$]
15:26:59.422  INFO  tests.TestBase - ==================================================================
15:26:59.422  INFO  manager.MyListener - Start find element by -->By.xpath: //button[text()='Sign Out']
15:26:59.439  INFO  manager.MyListener - The element -->By.xpath: //button[text()='Sign Out']was found
15:26:59.439  INFO  manager.MyListener - Start find element by -->By.xpath: //button[text()='Sign Out']
15:26:59.450  INFO  manager.MyListener - The element -->By.xpath: //button[text()='Sign Out']was found
15:26:59.472  INFO  manager.MyListener - Start find element by -->By.xpath: //button[text()='Sign Out']
15:26:59.480  INFO  manager.MyListener - The element -->By.xpath: //button[text()='Sign Out']was found
15:26:59.716  INFO  manager.MyListener - Start find element by -->By.xpath: //a[.='LOGIN']
15:26:59.732  INFO  manager.MyListener - The element -->By.xpath: //a[.='LOGIN']was found
15:26:59.965  INFO  manager.MyListener - Start find element by -->By.xpath: //input[1]
15:26:59.981  INFO  manager.MyListener - The element -->By.xpath: //input[1]was found
15:27:00.253  INFO  manager.MyListener - Start find element by -->By.xpath: //input[2]
15:27:00.261  INFO  manager.MyListener - The element -->By.xpath: //input[2]was found
15:27:00.528  INFO  manager.MyListener - Start find element by -->By.xpath: //button[1]
15:27:00.538  INFO  manager.MyListener - The element -->By.xpath: //button[1]was found
15:27:02.768  INFO  manager.MyListener - Start find element by -->By.xpath: //button[text()='Sign Out']
15:27:02.786  INFO  manager.MyListener - The element -->By.xpath: //button[text()='Sign Out']was found
15:27:02.786  INFO  tests.TestBase - End of method -->loginTestDataProvider
15:27:02.787  INFO  tests.TestBase - Start method -->loginTestDataProviderClass
15:27:02.787  INFO  tests.TestBase - Test Start with Data -->[noa@gmail.com, Nnoa12345$]
15:27:02.787  INFO  tests.TestBase - ==================================================================
15:27:02.787  INFO  manager.MyListener - Start find element by -->By.xpath: //button[text()='Sign Out']
15:27:02.802  INFO  manager.MyListener - The element -->By.xpath: //button[text()='Sign Out']was found
15:27:02.802  INFO  manager.MyListener - Start find element by -->By.xpath: //button[text()='Sign Out']
15:27:02.817  INFO  manager.MyListener - The element -->By.xpath: //button[text()='Sign Out']was found
15:27:02.838  INFO  manager.MyListener - Start find element by -->By.xpath: //button[text()='Sign Out']
15:27:02.847  INFO  manager.MyListener - The element -->By.xpath: //button[text()='Sign Out']was found
15:27:03.080  INFO  manager.MyListener - Start find element by -->By.xpath: //a[.='LOGIN']
15:27:03.097  INFO  manager.MyListener - The element -->By.xpath: //a[.='LOGIN']was found
15:27:03.330  INFO  manager.MyListener - Start find element by -->By.xpath: //input[1]
15:27:03.346  INFO  manager.MyListener - The element -->By.xpath: //input[1]was found
15:27:03.614  INFO  manager.MyListener - Start find element by -->By.xpath: //input[2]
15:27:03.622  INFO  manager.MyListener - The element -->By.xpath: //input[2]was found
15:27:03.892  INFO  manager.MyListener - Start find element by -->By.xpath: //button[1]
15:27:03.902  INFO  manager.MyListener - The element -->By.xpath: //button[1]was found
15:27:06.135  INFO  manager.MyListener - Start find element by -->By.xpath: //button[text()='Sign Out']
15:27:06.153  INFO  manager.MyListener - The element -->By.xpath: //button[text()='Sign Out']was found
15:27:06.154  INFO  tests.TestBase - End of method -->loginTestDataProviderClass
15:27:06.154  INFO  tests.TestBase - Start method -->loginTestDataProviderClass
15:27:06.154  INFO  tests.TestBase - Test Start with Data -->[sonya@gmail.com, Ss12345$]
15:27:06.154  INFO  tests.TestBase - ==================================================================
15:27:06.154  INFO  manager.MyListener - Start find element by -->By.xpath: //button[text()='Sign Out']
15:27:06.169  INFO  manager.MyListener - The element -->By.xpath: //button[text()='Sign Out']was found
15:27:06.169  INFO  manager.MyListener - Start find element by -->By.xpath: //button[text()='Sign Out']
15:27:06.184  INFO  manager.MyListener - The element -->By.xpath: //button[text()='Sign Out']was found
15:27:06.209  INFO  manager.MyListener - Start find element by -->By.xpath: //button[text()='Sign Out']
15:27:06.216  INFO  manager.MyListener - The element -->By.xpath: //button[text()='Sign Out']was found
15:27:06.449  INFO  manager.MyListener - Start find element by -->By.xpath: //a[.='LOGIN']
15:27:06.465  INFO  manager.MyListener - The element -->By.xpath: //a[.='LOGIN']was found
15:27:06.708  INFO  manager.MyListener - Start find element by -->By.xpath: //input[1]
15:27:06.725  INFO  manager.MyListener - The element -->By.xpath: //input[1]was found
15:27:06.992  INFO  manager.MyListener - Start find element by -->By.xpath: //input[2]
15:27:07.005  INFO  manager.MyListener - The element -->By.xpath: //input[2]was found
15:27:07.274  INFO  manager.MyListener - Start find element by -->By.xpath: //button[1]
15:27:07.288  INFO  manager.MyListener - The element -->By.xpath: //button[1]was found
15:27:09.520  INFO  manager.MyListener - Start find element by -->By.xpath: //button[text()='Sign Out']
15:27:09.537  INFO  manager.MyListener - The element -->By.xpath: //button[text()='Sign Out']was found
15:27:09.538  INFO  tests.TestBase - End of method -->loginTestDataProviderClass
15:27:09.538  INFO  tests.TestBase - Start method -->loginTestDataProviderClass
15:27:09.538  INFO  tests.TestBase - Test Start with Data -->[noa@gmail.com, Nnoa12345$]
15:27:09.538  INFO  tests.TestBase - ==================================================================
15:27:09.539  INFO  manager.MyListener - Start find element by -->By.xpath: //button[text()='Sign Out']
15:27:09.556  INFO  manager.MyListener - The element -->By.xpath: //button[text()='Sign Out']was found
15:27:09.557  INFO  manager.MyListener - Start find element by -->By.xpath: //button[text()='Sign Out']
15:27:09.570  INFO  manager.MyListener - The element -->By.xpath: //button[text()='Sign Out']was found
15:27:09.589  INFO  manager.MyListener - Start find element by -->By.xpath: //button[text()='Sign Out']
15:27:09.600  INFO  manager.MyListener - The element -->By.xpath: //button[text()='Sign Out']was found
15:27:09.832  INFO  manager.MyListener - Start find element by -->By.xpath: //a[.='LOGIN']
15:27:09.847  INFO  manager.MyListener - The element -->By.xpath: //a[.='LOGIN']was found
15:27:10.079  INFO  manager.MyListener - Start find element by -->By.xpath: //input[1]
15:27:10.096  INFO  manager.MyListener - The element -->By.xpath: //input[1]was found
15:27:10.365  INFO  manager.MyListener - Start find element by -->By.xpath: //input[2]
15:27:10.373  INFO  manager.MyListener - The element -->By.xpath: //input[2]was found
15:27:10.643  INFO  manager.MyListener - Start find element by -->By.xpath: //button[1]
15:27:10.656  INFO  manager.MyListener - The element -->By.xpath: //button[1]was found
15:27:12.887  INFO  manager.MyListener - Start find element by -->By.xpath: //button[text()='Sign Out']
15:27:12.905  INFO  manager.MyListener - The element -->By.xpath: //button[text()='Sign Out']was found
15:27:12.906  INFO  tests.TestBase - End of method -->loginTestDataProviderClass
15:27:12.906  INFO  tests.TestBase - Start method -->loginTestPositiveNewContact
15:27:12.907  INFO  tests.TestBase - Test Start with Data -->[]
15:27:12.907  INFO  tests.TestBase - ==================================================================
15:27:12.907  INFO  manager.MyListener - Start find element by -->By.xpath: //button[text()='Sign Out']
15:27:12.921  INFO  manager.MyListener - The element -->By.xpath: //button[text()='Sign Out']was found
15:27:12.922  INFO  manager.MyListener - Start find element by -->By.xpath: //button[text()='Sign Out']
15:27:12.937  INFO  manager.MyListener - The element -->By.xpath: //button[text()='Sign Out']was found
15:27:12.961  INFO  manager.MyListener - Start find element by -->By.xpath: //button[text()='Sign Out']
15:27:12.969  INFO  manager.MyListener - The element -->By.xpath: //button[text()='Sign Out']was found
15:27:13.201  INFO  manager.MyListener - Start find element by -->By.xpath: //a[.='LOGIN']
15:27:13.217  INFO  manager.MyListener - The element -->By.xpath: //a[.='LOGIN']was found
15:27:13.446  INFO  manager.MyListener - Start find element by -->By.xpath: //input[@placeholder='Email']
15:27:13.464  INFO  manager.MyListener - The element -->By.xpath: //input[@placeholder='Email']was found
15:27:13.731  INFO  manager.MyListener - Start find element by -->By.xpath: //input[@placeholder='Password']
15:27:13.742  INFO  manager.MyListener - The element -->By.xpath: //input[@placeholder='Password']was found
15:27:14.010  INFO  manager.MyListener - Start find element by -->By.xpath: //button[.=' Login']
15:27:14.019  INFO  manager.MyListener - The element -->By.xpath: //button[.=' Login']was found
15:27:16.253  INFO  manager.MyListener - Start find element by -->By.xpath: //a[.='ADD']
15:27:16.270  INFO  manager.MyListener - The element -->By.xpath: //a[.='ADD']was found
15:27:16.288  INFO  tests.TestBase - End of method -->loginTestPositiveNewContact
15:27:16.288  INFO  tests.TestBase - Start method -->loginTestWithWrongPassword
15:27:16.288  INFO  tests.TestBase - Test Start with Data -->[]
15:27:16.288  INFO  tests.TestBase - ==================================================================
15:27:16.288  INFO  manager.MyListener - Start find element by -->By.xpath: //button[text()='Sign Out']
15:27:16.301  INFO  manager.MyListener - The element -->By.xpath: //button[text()='Sign Out']was found
15:27:16.301  INFO  manager.MyListener - Start find element by -->By.xpath: //button[text()='Sign Out']
15:27:16.318  INFO  manager.MyListener - The element -->By.xpath: //button[text()='Sign Out']was found
15:27:16.337  INFO  manager.MyListener - Start find element by -->By.xpath: //button[text()='Sign Out']
15:27:16.347  INFO  manager.MyListener - The element -->By.xpath: //button[text()='Sign Out']was found
15:27:16.579  INFO  manager.MyListener - Start find element by -->By.xpath: //a[.='LOGIN']
15:27:16.598  INFO  manager.MyListener - The element -->By.xpath: //a[.='LOGIN']was found
15:27:16.829  INFO  manager.MyListener - Start find element by -->By.xpath: //input[1]
15:27:16.842  INFO  manager.MyListener - The element -->By.xpath: //input[1]was found
15:27:17.119  INFO  manager.MyListener - Start find element by -->By.xpath: //input[2]
15:27:17.139  INFO  manager.MyListener - The element -->By.xpath: //input[2]was found
15:27:17.407  INFO  manager.MyListener - Start find element by -->By.xpath: //button[1]
15:27:17.419  INFO  manager.MyListener - The element -->By.xpath: //button[1]was found
15:27:17.661  INFO  manager.MyListener - Start find element by -->By.xpath: //button[text()='Sign Out']
15:27:27.689  INFO  manager.MyListener - The element -->By.xpath: //button[text()='Sign Out']was found
15:27:27.690  INFO  tests.TestBase - End of method -->loginTestWithWrongPassword
15:31:14.585  INFO  manager.AppManager - Start in browser FIREFOX
15:31:15.455  INFO  tests.TestBase - Start method -->smokeTest
15:31:15.456  INFO  tests.TestBase - Test Start with Data -->[]
15:31:15.456  INFO  tests.TestBase - ==================================================================
15:31:15.463  INFO  tests.TestBase - End of method -->smokeTest
15:31:15.466  INFO  tests.TestBase - Start method -->quicktest
15:31:15.467  INFO  tests.TestBase - Test Start with Data -->[]
15:31:15.467  INFO  tests.TestBase - ==================================================================
15:31:15.467  INFO  tests.TestBase - End of method -->quicktest
15:31:15.469  INFO  tests.TestBase - Start method -->loginTestBase
15:31:15.469  INFO  tests.TestBase - Test Start with Data -->[]
15:31:15.469  INFO  tests.TestBase - ==================================================================
15:31:15.470  INFO  manager.MyListener - Start find element by -->By.xpath: //button[text()='Sign Out']
15:31:25.491  INFO  manager.MyListener - The element -->By.xpath: //button[text()='Sign Out']was found
15:31:25.491  INFO  manager.MyListener - Start find element by -->By.xpath: //a[.='LOGIN']
15:31:25.506  INFO  manager.MyListener - The element -->By.xpath: //a[.='LOGIN']was found
15:31:25.751  INFO  manager.MyListener - Start find element by -->By.xpath: //input[1]
15:31:25.768  INFO  manager.MyListener - The element -->By.xpath: //input[1]was found
15:31:26.047  INFO  manager.MyListener - Start find element by -->By.xpath: //input[2]
15:31:26.063  INFO  manager.MyListener - The element -->By.xpath: //input[2]was found
15:31:26.334  INFO  manager.MyListener - Start find element by -->By.xpath: //button[1]
15:31:26.342  INFO  manager.MyListener - The element -->By.xpath: //button[1]was found
15:31:26.571  INFO  manager.MyListener - Start find element by -->By.xpath: //button[text()='Sign Out']
15:31:27.279  INFO  manager.MyListener - The element -->By.xpath: //button[text()='Sign Out']was found
15:31:27.281  INFO  tests.TestBase - End of method -->loginTestBase
15:31:27.283  INFO  tests.TestBase - Start method -->loginTestDP_CSV
15:31:27.291  INFO  tests.TestBase - Test Start with Data -->[User{email='noa@gmail.com', password='Nnoa12345$'}]
15:31:27.293  INFO  tests.TestBase - ==================================================================
15:31:27.294  INFO  manager.MyListener - Start find element by -->By.xpath: //button[text()='Sign Out']
15:31:27.311  INFO  manager.MyListener - The element -->By.xpath: //button[text()='Sign Out']was found
15:31:27.313  INFO  manager.MyListener - Start find element by -->By.xpath: //button[text()='Sign Out']
15:31:27.327  INFO  manager.MyListener - The element -->By.xpath: //button[text()='Sign Out']was found
15:31:27.365  INFO  manager.MyListener - Start find element by -->By.xpath: //button[text()='Sign Out']
15:31:27.374  INFO  manager.MyListener - The element -->By.xpath: //button[text()='Sign Out']was found
15:31:27.606  INFO  manager.MyListener - Start find element by -->By.xpath: //a[.='LOGIN']
15:31:27.622  INFO  manager.MyListener - The element -->By.xpath: //a[.='LOGIN']was found
15:31:27.852  INFO  manager.MyListener - Start find element by -->By.xpath: //input[1]
15:31:27.867  INFO  manager.MyListener - The element -->By.xpath: //input[1]was found
15:31:28.147  INFO  manager.MyListener - Start find element by -->By.xpath: //input[2]
15:31:28.167  INFO  manager.MyListener - The element -->By.xpath: //input[2]was found
15:31:28.433  INFO  manager.MyListener - Start find element by -->By.xpath: //button[1]
15:31:28.444  INFO  manager.MyListener - The element -->By.xpath: //button[1]was found
15:31:28.674  INFO  manager.MyListener - Start find element by -->By.xpath: //button[text()='Sign Out']
15:31:28.691  INFO  manager.MyListener - The element -->By.xpath: //button[text()='Sign Out']was found
15:31:28.692  INFO  tests.TestBase - End of method -->loginTestDP_CSV
15:31:28.692  INFO  tests.TestBase - Start method -->loginTestDP_CSV
15:31:28.693  INFO  tests.TestBase - Test Start with Data -->[User{email='noa@gmail.com', password='Nnoa12345$'}]
15:31:28.693  INFO  tests.TestBase - ==================================================================
15:31:28.693  INFO  manager.MyListener - Start find element by -->By.xpath: //button[text()='Sign Out']
15:31:28.706  INFO  manager.MyListener - The element -->By.xpath: //button[text()='Sign Out']was found
15:31:28.707  INFO  manager.MyListener - Start find element by -->By.xpath: //button[text()='Sign Out']
15:31:28.721  INFO  manager.MyListener - The element -->By.xpath: //button[text()='Sign Out']was found
15:31:28.743  INFO  manager.MyListener - Start find element by -->By.xpath: //button[text()='Sign Out']
15:31:28.751  INFO  manager.MyListener - The element -->By.xpath: //button[text()='Sign Out']was found
15:31:28.983  INFO  manager.MyListener - Start find element by -->By.xpath: //a[.='LOGIN']
15:31:28.999  INFO  manager.MyListener - The element -->By.xpath: //a[.='LOGIN']was found
15:31:29.230  INFO  manager.MyListener - Start find element by -->By.xpath: //input[1]
15:31:29.247  INFO  manager.MyListener - The element -->By.xpath: //input[1]was found
15:31:29.516  INFO  manager.MyListener - Start find element by -->By.xpath: //input[2]
15:31:29.528  INFO  manager.MyListener - The element -->By.xpath: //input[2]was found
15:31:29.795  INFO  manager.MyListener - Start find element by -->By.xpath: //button[1]
15:31:29.804  INFO  manager.MyListener - The element -->By.xpath: //button[1]was found
15:31:30.036  INFO  manager.MyListener - Start find element by -->By.xpath: //button[text()='Sign Out']
15:31:30.052  INFO  manager.MyListener - The element -->By.xpath: //button[text()='Sign Out']was found
15:31:30.053  INFO  tests.TestBase - End of method -->loginTestDP_CSV
15:31:30.053  INFO  tests.TestBase - Start method -->loginTestDP_CSV
15:31:30.053  INFO  tests.TestBase - Test Start with Data -->[User{email='noa@gmail.com', password='Nnoa12345$'}]
15:31:30.053  INFO  tests.TestBase - ==================================================================
15:31:30.054  INFO  manager.MyListener - Start find element by -->By.xpath: //button[text()='Sign Out']
15:31:30.068  INFO  manager.MyListener - The element -->By.xpath: //button[text()='Sign Out']was found
15:31:30.069  INFO  manager.MyListener - Start find element by -->By.xpath: //button[text()='Sign Out']
15:31:30.083  INFO  manager.MyListener - The element -->By.xpath: //button[text()='Sign Out']was found
15:31:30.104  INFO  manager.MyListener - Start find element by -->By.xpath: //button[text()='Sign Out']
15:31:30.114  INFO  manager.MyListener - The element -->By.xpath: //button[text()='Sign Out']was found
15:31:30.345  INFO  manager.MyListener - Start find element by -->By.xpath: //a[.='LOGIN']
15:31:30.361  INFO  manager.MyListener - The element -->By.xpath: //a[.='LOGIN']was found
15:31:30.593  INFO  manager.MyListener - Start find element by -->By.xpath: //input[1]
15:31:30.610  INFO  manager.MyListener - The element -->By.xpath: //input[1]was found
15:31:30.879  INFO  manager.MyListener - Start find element by -->By.xpath: //input[2]
15:31:30.887  INFO  manager.MyListener - The element -->By.xpath: //input[2]was found
15:31:31.161  INFO  manager.MyListener - Start find element by -->By.xpath: //button[1]
15:31:31.168  INFO  manager.MyListener - The element -->By.xpath: //button[1]was found
15:31:31.388  INFO  manager.MyListener - Start find element by -->By.xpath: //button[text()='Sign Out']
15:31:31.404  INFO  manager.MyListener - The element -->By.xpath: //button[text()='Sign Out']was found
15:31:31.405  INFO  tests.TestBase - End of method -->loginTestDP_CSV
15:31:31.406  INFO  tests.TestBase - Start method -->loginTestDataProvider
15:31:31.406  INFO  tests.TestBase - Test Start with Data -->[noa@gmail.com, Nnoa12345$]
15:31:31.406  INFO  tests.TestBase - ==================================================================
15:31:31.406  INFO  manager.MyListener - Start find element by -->By.xpath: //button[text()='Sign Out']
15:31:31.420  INFO  manager.MyListener - The element -->By.xpath: //button[text()='Sign Out']was found
15:31:31.420  INFO  manager.MyListener - Start find element by -->By.xpath: //button[text()='Sign Out']
15:31:31.436  INFO  manager.MyListener - The element -->By.xpath: //button[text()='Sign Out']was found
15:31:31.457  INFO  manager.MyListener - Start find element by -->By.xpath: //button[text()='Sign Out']
15:31:31.467  INFO  manager.MyListener - The element -->By.xpath: //button[text()='Sign Out']was found
15:31:31.698  INFO  manager.MyListener - Start find element by -->By.xpath: //a[.='LOGIN']
15:31:31.714  INFO  manager.MyListener - The element -->By.xpath: //a[.='LOGIN']was found
15:31:31.942  INFO  manager.MyListener - Start find element by -->By.xpath: //input[1]
15:31:31.958  INFO  manager.MyListener - The element -->By.xpath: //input[1]was found
15:31:32.227  INFO  manager.MyListener - Start find element by -->By.xpath: //input[2]
15:31:32.236  INFO  manager.MyListener - The element -->By.xpath: //input[2]was found
15:31:32.505  INFO  manager.MyListener - Start find element by -->By.xpath: //button[1]
15:31:32.515  INFO  manager.MyListener - The element -->By.xpath: //button[1]was found
15:31:34.748  INFO  manager.MyListener - Start find element by -->By.xpath: //button[text()='Sign Out']
15:31:34.766  INFO  manager.MyListener - The element -->By.xpath: //button[text()='Sign Out']was found
15:31:34.767  INFO  tests.TestBase - End of method -->loginTestDataProvider
15:31:34.768  INFO  tests.TestBase - Start method -->loginTestDataProvider
15:31:34.768  INFO  tests.TestBase - Test Start with Data -->[sonya@gmail.com, Ss12345$]
15:31:34.768  INFO  tests.TestBase - ==================================================================
15:31:34.768  INFO  manager.MyListener - Start find element by -->By.xpath: //button[text()='Sign Out']
15:31:34.781  INFO  manager.MyListener - The element -->By.xpath: //button[text()='Sign Out']was found
15:31:34.781  INFO  manager.MyListener - Start find element by -->By.xpath: //button[text()='Sign Out']
15:31:34.795  INFO  manager.MyListener - The element -->By.xpath: //button[text()='Sign Out']was found
15:31:34.816  INFO  manager.MyListener - Start find element by -->By.xpath: //button[text()='Sign Out']
15:31:34.826  INFO  manager.MyListener - The element -->By.xpath: //button[text()='Sign Out']was found
15:31:35.058  INFO  manager.MyListener - Start find element by -->By.xpath: //a[.='LOGIN']
15:31:35.074  INFO  manager.MyListener - The element -->By.xpath: //a[.='LOGIN']was found
15:31:35.304  INFO  manager.MyListener - Start find element by -->By.xpath: //input[1]
15:31:35.320  INFO  manager.MyListener - The element -->By.xpath: //input[1]was found
15:31:35.590  INFO  manager.MyListener - Start find element by -->By.xpath: //input[2]
15:31:35.601  INFO  manager.MyListener - The element -->By.xpath: //input[2]was found
15:31:35.865  INFO  manager.MyListener - Start find element by -->By.xpath: //button[1]
15:31:35.874  INFO  manager.MyListener - The element -->By.xpath: //button[1]was found
15:31:38.111  INFO  manager.MyListener - Start find element by -->By.xpath: //button[text()='Sign Out']
15:31:38.130  INFO  manager.MyListener - The element -->By.xpath: //button[text()='Sign Out']was found
15:31:38.131  INFO  tests.TestBase - End of method -->loginTestDataProvider
15:31:38.132  INFO  tests.TestBase - Start method -->loginTestDataProvider
15:31:38.133  INFO  tests.TestBase - Test Start with Data -->[noa@gmail.com, Nnoa12345$]
15:31:38.133  INFO  tests.TestBase - ==================================================================
15:31:38.133  INFO  manager.MyListener - Start find element by -->By.xpath: //button[text()='Sign Out']
15:31:38.146  INFO  manager.MyListener - The element -->By.xpath: //button[text()='Sign Out']was found
15:31:38.146  INFO  manager.MyListener - Start find element by -->By.xpath: //button[text()='Sign Out']
15:31:38.162  INFO  manager.MyListener - The element -->By.xpath: //button[text()='Sign Out']was found
15:31:38.184  INFO  manager.MyListener - Start find element by -->By.xpath: //button[text()='Sign Out']
15:31:38.190  INFO  manager.MyListener - The element -->By.xpath: //button[text()='Sign Out']was found
15:31:38.423  INFO  manager.MyListener - Start find element by -->By.xpath: //a[.='LOGIN']
15:31:38.438  INFO  manager.MyListener - The element -->By.xpath: //a[.='LOGIN']was found
15:31:38.671  INFO  manager.MyListener - Start find element by -->By.xpath: //input[1]
15:31:38.689  INFO  manager.MyListener - The element -->By.xpath: //input[1]was found
15:31:38.959  INFO  manager.MyListener - Start find element by -->By.xpath: //input[2]
15:31:38.970  INFO  manager.MyListener - The element -->By.xpath: //input[2]was found
15:31:39.240  INFO  manager.MyListener - Start find element by -->By.xpath: //button[1]
15:31:39.250  INFO  manager.MyListener - The element -->By.xpath: //button[1]was found
15:31:41.489  INFO  manager.MyListener - Start find element by -->By.xpath: //button[text()='Sign Out']
15:31:41.507  INFO  manager.MyListener - The element -->By.xpath: //button[text()='Sign Out']was found
15:31:41.507  INFO  tests.TestBase - End of method -->loginTestDataProvider
15:31:41.508  INFO  tests.TestBase - Start method -->loginTestDataProviderClass
15:31:41.508  INFO  tests.TestBase - Test Start with Data -->[noa@gmail.com, Nnoa12345$]
15:31:41.508  INFO  tests.TestBase - ==================================================================
15:31:41.508  INFO  manager.MyListener - Start find element by -->By.xpath: //button[text()='Sign Out']
15:31:41.521  INFO  manager.MyListener - The element -->By.xpath: //button[text()='Sign Out']was found
15:31:41.522  INFO  manager.MyListener - Start find element by -->By.xpath: //button[text()='Sign Out']
15:31:41.537  INFO  manager.MyListener - The element -->By.xpath: //button[text()='Sign Out']was found
15:31:41.560  INFO  manager.MyListener - Start find element by -->By.xpath: //button[text()='Sign Out']
15:31:41.568  INFO  manager.MyListener - The element -->By.xpath: //button[text()='Sign Out']was found
15:31:41.799  INFO  manager.MyListener - Start find element by -->By.xpath: //a[.='LOGIN']
15:31:41.814  INFO  manager.MyListener - The element -->By.xpath: //a[.='LOGIN']was found
15:31:42.047  INFO  manager.MyListener - Start find element by -->By.xpath: //input[1]
15:31:42.063  INFO  manager.MyListener - The element -->By.xpath: //input[1]was found
15:31:42.335  INFO  manager.MyListener - Start find element by -->By.xpath: //input[2]
15:31:42.344  INFO  manager.MyListener - The element -->By.xpath: //input[2]was found
15:31:42.615  INFO  manager.MyListener - Start find element by -->By.xpath: //button[1]
15:31:42.625  INFO  manager.MyListener - The element -->By.xpath: //button[1]was found
15:31:44.871  INFO  manager.MyListener - Start find element by -->By.xpath: //button[text()='Sign Out']
15:31:44.889  INFO  manager.MyListener - The element -->By.xpath: //button[text()='Sign Out']was found
15:31:44.890  INFO  tests.TestBase - End of method -->loginTestDataProviderClass
15:31:44.890  INFO  tests.TestBase - Start method -->loginTestDataProviderClass
15:31:44.890  INFO  tests.TestBase - Test Start with Data -->[sonya@gmail.com, Ss12345$]
15:31:44.890  INFO  tests.TestBase - ==================================================================
15:31:44.890  INFO  manager.MyListener - Start find element by -->By.xpath: //button[text()='Sign Out']
15:31:44.904  INFO  manager.MyListener - The element -->By.xpath: //button[text()='Sign Out']was found
15:31:44.905  INFO  manager.MyListener - Start find element by -->By.xpath: //button[text()='Sign Out']
15:31:44.919  INFO  manager.MyListener - The element -->By.xpath: //button[text()='Sign Out']was found
15:31:44.941  INFO  manager.MyListener - Start find element by -->By.xpath: //button[text()='Sign Out']
15:31:44.950  INFO  manager.MyListener - The element -->By.xpath: //button[text()='Sign Out']was found
15:31:45.182  INFO  manager.MyListener - Start find element by -->By.xpath: //a[.='LOGIN']
15:31:45.200  INFO  manager.MyListener - The element -->By.xpath: //a[.='LOGIN']was found
15:31:45.431  INFO  manager.MyListener - Start find element by -->By.xpath: //input[1]
15:31:45.448  INFO  manager.MyListener - The element -->By.xpath: //input[1]was found
15:31:45.717  INFO  manager.MyListener - Start find element by -->By.xpath: //input[2]
15:31:45.727  INFO  manager.MyListener - The element -->By.xpath: //input[2]was found
15:31:45.995  INFO  manager.MyListener - Start find element by -->By.xpath: //button[1]
15:31:46.007  INFO  manager.MyListener - The element -->By.xpath: //button[1]was found
15:31:48.254  INFO  manager.MyListener - Start find element by -->By.xpath: //button[text()='Sign Out']
15:31:48.272  INFO  manager.MyListener - The element -->By.xpath: //button[text()='Sign Out']was found
15:31:48.273  INFO  tests.TestBase - End of method -->loginTestDataProviderClass
15:31:48.273  INFO  tests.TestBase - Start method -->loginTestDataProviderClass
15:31:48.273  INFO  tests.TestBase - Test Start with Data -->[noa@gmail.com, Nnoa12345$]
15:31:48.273  INFO  tests.TestBase - ==================================================================
15:31:48.273  INFO  manager.MyListener - Start find element by -->By.xpath: //button[text()='Sign Out']
15:31:48.287  INFO  manager.MyListener - The element -->By.xpath: //button[text()='Sign Out']was found
15:31:48.288  INFO  manager.MyListener - Start find element by -->By.xpath: //button[text()='Sign Out']
15:31:48.303  INFO  manager.MyListener - The element -->By.xpath: //button[text()='Sign Out']was found
15:31:48.324  INFO  manager.MyListener - Start find element by -->By.xpath: //button[text()='Sign Out']
15:31:48.334  INFO  manager.MyListener - The element -->By.xpath: //button[text()='Sign Out']was found
15:31:48.566  INFO  manager.MyListener - Start find element by -->By.xpath: //a[.='LOGIN']
15:31:48.581  INFO  manager.MyListener - The element -->By.xpath: //a[.='LOGIN']was found
15:31:48.814  INFO  manager.MyListener - Start find element by -->By.xpath: //input[1]
15:31:48.830  INFO  manager.MyListener - The element -->By.xpath: //input[1]was found
15:31:49.100  INFO  manager.MyListener - Start find element by -->By.xpath: //input[2]
15:31:49.113  INFO  manager.MyListener - The element -->By.xpath: //input[2]was found
15:31:49.379  INFO  manager.MyListener - Start find element by -->By.xpath: //button[1]
15:31:49.388  INFO  manager.MyListener - The element -->By.xpath: //button[1]was found
15:31:51.633  INFO  manager.MyListener - Start find element by -->By.xpath: //button[text()='Sign Out']
15:31:51.652  INFO  manager.MyListener - The element -->By.xpath: //button[text()='Sign Out']was found
15:31:51.652  INFO  tests.TestBase - End of method -->loginTestDataProviderClass
15:31:51.653  INFO  tests.TestBase - Start method -->loginTestPositiveNewContact
15:31:51.653  INFO  tests.TestBase - Test Start with Data -->[]
15:31:51.653  INFO  tests.TestBase - ==================================================================
15:31:51.653  INFO  manager.MyListener - Start find element by -->By.xpath: //button[text()='Sign Out']
15:31:51.668  INFO  manager.MyListener - The element -->By.xpath: //button[text()='Sign Out']was found
15:31:51.668  INFO  manager.MyListener - Start find element by -->By.xpath: //button[text()='Sign Out']
15:31:51.683  INFO  manager.MyListener - The element -->By.xpath: //button[text()='Sign Out']was found
15:31:51.705  INFO  manager.MyListener - Start find element by -->By.xpath: //button[text()='Sign Out']
15:31:51.715  INFO  manager.MyListener - The element -->By.xpath: //button[text()='Sign Out']was found
15:31:51.944  INFO  manager.MyListener - Start find element by -->By.xpath: //a[.='LOGIN']
15:31:51.961  INFO  manager.MyListener - The element -->By.xpath: //a[.='LOGIN']was found
15:31:52.195  INFO  manager.MyListener - Start find element by -->By.xpath: //input[@placeholder='Email']
15:31:52.211  INFO  manager.MyListener - The element -->By.xpath: //input[@placeholder='Email']was found
15:31:52.481  INFO  manager.MyListener - Start find element by -->By.xpath: //input[@placeholder='Password']
15:31:52.491  INFO  manager.MyListener - The element -->By.xpath: //input[@placeholder='Password']was found
15:31:52.760  INFO  manager.MyListener - Start find element by -->By.xpath: //button[.=' Login']
15:31:52.772  INFO  manager.MyListener - The element -->By.xpath: //button[.=' Login']was found
15:31:55.019  INFO  manager.MyListener - Start find element by -->By.xpath: //a[.='ADD']
15:31:55.037  INFO  manager.MyListener - The element -->By.xpath: //a[.='ADD']was found
15:31:55.046  INFO  tests.TestBase - End of method -->loginTestPositiveNewContact
15:31:55.047  INFO  tests.TestBase - Start method -->loginTestWithWrongPassword
15:31:55.047  INFO  tests.TestBase - Test Start with Data -->[]
15:31:55.047  INFO  tests.TestBase - ==================================================================
15:31:55.047  INFO  manager.MyListener - Start find element by -->By.xpath: //button[text()='Sign Out']
15:31:55.055  INFO  manager.MyListener - The element -->By.xpath: //button[text()='Sign Out']was found
15:31:55.055  INFO  manager.MyListener - Start find element by -->By.xpath: //button[text()='Sign Out']
15:31:55.068  INFO  manager.MyListener - The element -->By.xpath: //button[text()='Sign Out']was found
15:31:55.089  INFO  manager.MyListener - Start find element by -->By.xpath: //button[text()='Sign Out']
15:31:55.098  INFO  manager.MyListener - The element -->By.xpath: //button[text()='Sign Out']was found
15:31:55.332  INFO  manager.MyListener - Start find element by -->By.xpath: //a[.='LOGIN']
15:31:55.347  INFO  manager.MyListener - The element -->By.xpath: //a[.='LOGIN']was found
15:31:55.579  INFO  manager.MyListener - Start find element by -->By.xpath: //input[1]
15:31:55.594  INFO  manager.MyListener - The element -->By.xpath: //input[1]was found
15:31:55.863  INFO  manager.MyListener - Start find element by -->By.xpath: //input[2]
15:31:55.875  INFO  manager.MyListener - The element -->By.xpath: //input[2]was found
15:31:56.141  INFO  manager.MyListener - Start find element by -->By.xpath: //button[1]
15:31:56.156  INFO  manager.MyListener - The element -->By.xpath: //button[1]was found
15:31:56.371  INFO  manager.MyListener - Start find element by -->By.xpath: //button[text()='Sign Out']
15:32:06.390  INFO  manager.MyListener - The element -->By.xpath: //button[text()='Sign Out']was found
15:32:06.391  INFO  tests.TestBase - End of method -->loginTestWithWrongPassword
15:32:22.785  INFO  manager.AppManager - Start in browser FIREFOX
15:32:23.488  INFO  tests.TestBase - Start method -->smokeTest
15:32:23.489  INFO  tests.TestBase - Test Start with Data -->[]
15:32:23.490  INFO  tests.TestBase - ==================================================================
15:32:23.498  INFO  tests.TestBase - End of method -->smokeTest
15:32:23.501  INFO  tests.TestBase - Start method -->quicktest
15:32:23.502  INFO  tests.TestBase - Test Start with Data -->[]
15:32:23.502  INFO  tests.TestBase - ==================================================================
15:32:23.503  INFO  tests.TestBase - End of method -->quicktest
15:32:23.504  INFO  tests.TestBase - Start method -->loginTestBase
15:32:23.504  INFO  tests.TestBase - Test Start with Data -->[]
15:32:23.504  INFO  tests.TestBase - ==================================================================
15:32:23.505  INFO  manager.MyListener - Start find element by -->By.xpath: //button[text()='Sign Out']
15:32:33.572  INFO  manager.MyListener - The element -->By.xpath: //button[text()='Sign Out']was found
15:32:33.572  INFO  manager.MyListener - Start find element by -->By.xpath: //a[.='LOGIN']
15:32:33.588  INFO  manager.MyListener - The element -->By.xpath: //a[.='LOGIN']was found
15:32:33.835  INFO  manager.MyListener - Start find element by -->By.xpath: //input[1]
15:32:33.855  INFO  manager.MyListener - The element -->By.xpath: //input[1]was found
15:32:34.131  INFO  manager.MyListener - Start find element by -->By.xpath: //input[2]
15:32:34.147  INFO  manager.MyListener - The element -->By.xpath: //input[2]was found
15:32:34.420  INFO  manager.MyListener - Start find element by -->By.xpath: //button[1]
15:32:34.428  INFO  manager.MyListener - The element -->By.xpath: //button[1]was found
15:32:34.652  INFO  manager.MyListener - Start find element by -->By.xpath: //button[text()='Sign Out']
15:32:35.233  INFO  manager.MyListener - The element -->By.xpath: //button[text()='Sign Out']was found
15:32:35.236  INFO  tests.TestBase - End of method -->loginTestBase
15:32:35.238  INFO  tests.TestBase - Start method -->loginTestDP_CSV
15:32:35.253  INFO  tests.TestBase - Test Start with Data -->[User{email='noa@gmail.com', password='Nnoa12345$'}]
15:32:35.253  INFO  tests.TestBase - ==================================================================
15:32:35.254  INFO  manager.MyListener - Start find element by -->By.xpath: //button[text()='Sign Out']
15:32:35.264  INFO  manager.MyListener - The element -->By.xpath: //button[text()='Sign Out']was found
15:32:35.268  INFO  manager.MyListener - Start find element by -->By.xpath: //button[text()='Sign Out']
15:32:35.283  INFO  manager.MyListener - The element -->By.xpath: //button[text()='Sign Out']was found
15:32:35.315  INFO  manager.MyListener - Start find element by -->By.xpath: //button[text()='Sign Out']
15:32:35.323  INFO  manager.MyListener - The element -->By.xpath: //button[text()='Sign Out']was found
15:32:35.561  INFO  manager.MyListener - Start find element by -->By.xpath: //a[.='LOGIN']
15:32:35.574  INFO  manager.MyListener - The element -->By.xpath: //a[.='LOGIN']was found
15:32:35.809  INFO  manager.MyListener - Start find element by -->By.xpath: //input[1]
15:32:35.824  INFO  manager.MyListener - The element -->By.xpath: //input[1]was found
15:32:36.101  INFO  manager.MyListener - Start find element by -->By.xpath: //input[2]
15:32:36.118  INFO  manager.MyListener - The element -->By.xpath: //input[2]was found
15:32:36.390  INFO  manager.MyListener - Start find element by -->By.xpath: //button[1]
15:32:36.399  INFO  manager.MyListener - The element -->By.xpath: //button[1]was found
15:32:36.630  INFO  manager.MyListener - Start find element by -->By.xpath: //button[text()='Sign Out']
15:32:36.648  INFO  manager.MyListener - The element -->By.xpath: //button[text()='Sign Out']was found
15:32:36.648  INFO  tests.TestBase - End of method -->loginTestDP_CSV
15:32:36.649  INFO  tests.TestBase - Start method -->loginTestDP_CSV
15:32:36.649  INFO  tests.TestBase - Test Start with Data -->[User{email='noa@gmail.com', password='Nnoa12345$'}]
15:32:36.649  INFO  tests.TestBase - ==================================================================
15:32:36.649  INFO  manager.MyListener - Start find element by -->By.xpath: //button[text()='Sign Out']
15:32:36.666  INFO  manager.MyListener - The element -->By.xpath: //button[text()='Sign Out']was found
15:32:36.667  INFO  manager.MyListener - Start find element by -->By.xpath: //button[text()='Sign Out']
15:32:36.680  INFO  manager.MyListener - The element -->By.xpath: //button[text()='Sign Out']was found
15:32:36.701  INFO  manager.MyListener - Start find element by -->By.xpath: //button[text()='Sign Out']
15:32:36.711  INFO  manager.MyListener - The element -->By.xpath: //button[text()='Sign Out']was found
15:32:36.943  INFO  manager.MyListener - Start find element by -->By.xpath: //a[.='LOGIN']
15:32:36.959  INFO  manager.MyListener - The element -->By.xpath: //a[.='LOGIN']was found
15:32:37.190  INFO  manager.MyListener - Start find element by -->By.xpath: //input[1]
15:32:37.208  INFO  manager.MyListener - The element -->By.xpath: //input[1]was found
15:32:37.482  INFO  manager.MyListener - Start find element by -->By.xpath: //input[2]
15:32:37.490  INFO  manager.MyListener - The element -->By.xpath: //input[2]was found
15:32:37.760  INFO  manager.MyListener - Start find element by -->By.xpath: //button[1]
15:32:37.770  INFO  manager.MyListener - The element -->By.xpath: //button[1]was found
15:32:37.999  INFO  manager.MyListener - Start find element by -->By.xpath: //button[text()='Sign Out']
15:32:38.016  INFO  manager.MyListener - The element -->By.xpath: //button[text()='Sign Out']was found
15:32:38.017  INFO  tests.TestBase - End of method -->loginTestDP_CSV
15:32:38.017  INFO  tests.TestBase - Start method -->loginTestDP_CSV
15:32:38.017  INFO  tests.TestBase - Test Start with Data -->[User{email='noa@gmail.com', password='Nnoa12345$'}]
15:32:38.017  INFO  tests.TestBase - ==================================================================
15:32:38.018  INFO  manager.MyListener - Start find element by -->By.xpath: //button[text()='Sign Out']
15:32:38.034  INFO  manager.MyListener - The element -->By.xpath: //button[text()='Sign Out']was found
15:32:38.034  INFO  manager.MyListener - Start find element by -->By.xpath: //button[text()='Sign Out']
15:32:38.046  INFO  manager.MyListener - The element -->By.xpath: //button[text()='Sign Out']was found
15:32:38.067  INFO  manager.MyListener - Start find element by -->By.xpath: //button[text()='Sign Out']
15:32:38.080  INFO  manager.MyListener - The element -->By.xpath: //button[text()='Sign Out']was found
15:32:38.307  INFO  manager.MyListener - Start find element by -->By.xpath: //a[.='LOGIN']
15:32:38.324  INFO  manager.MyListener - The element -->By.xpath: //a[.='LOGIN']was found
15:32:38.555  INFO  manager.MyListener - Start find element by -->By.xpath: //input[1]
15:32:38.571  INFO  manager.MyListener - The element -->By.xpath: //input[1]was found
15:32:38.843  INFO  manager.MyListener - Start find element by -->By.xpath: //input[2]
15:32:38.855  INFO  manager.MyListener - The element -->By.xpath: //input[2]was found
15:32:39.124  INFO  manager.MyListener - Start find element by -->By.xpath: //button[1]
15:32:39.138  INFO  manager.MyListener - The element -->By.xpath: //button[1]was found
15:32:39.367  INFO  manager.MyListener - Start find element by -->By.xpath: //button[text()='Sign Out']
15:32:39.384  INFO  manager.MyListener - The element -->By.xpath: //button[text()='Sign Out']was found
15:32:39.385  INFO  tests.TestBase - End of method -->loginTestDP_CSV
15:32:39.385  INFO  tests.TestBase - Start method -->loginTestDataProvider
15:32:39.385  INFO  tests.TestBase - Test Start with Data -->[noa@gmail.com, Nnoa12345$]
15:32:39.386  INFO  tests.TestBase - ==================================================================
15:32:39.386  INFO  manager.MyListener - Start find element by -->By.xpath: //button[text()='Sign Out']
15:32:39.405  INFO  manager.MyListener - The element -->By.xpath: //button[text()='Sign Out']was found
15:32:39.406  INFO  manager.MyListener - Start find element by -->By.xpath: //button[text()='Sign Out']
15:32:39.416  INFO  manager.MyListener - The element -->By.xpath: //button[text()='Sign Out']was found
15:32:39.437  INFO  manager.MyListener - Start find element by -->By.xpath: //button[text()='Sign Out']
15:32:39.447  INFO  manager.MyListener - The element -->By.xpath: //button[text()='Sign Out']was found
15:32:39.678  INFO  manager.MyListener - Start find element by -->By.xpath: //a[.='LOGIN']
15:32:39.693  INFO  manager.MyListener - The element -->By.xpath: //a[.='LOGIN']was found
15:32:39.927  INFO  manager.MyListener - Start find element by -->By.xpath: //input[1]
15:32:39.940  INFO  manager.MyListener - The element -->By.xpath: //input[1]was found
15:32:40.198  INFO  manager.MyListener - Start find element by -->By.xpath: //input[2]
15:32:40.210  INFO  manager.MyListener - The element -->By.xpath: //input[2]was found
15:32:40.479  INFO  manager.MyListener - Start find element by -->By.xpath: //button[1]
15:32:40.490  INFO  manager.MyListener - The element -->By.xpath: //button[1]was found
15:32:42.726  INFO  manager.MyListener - Start find element by -->By.xpath: //button[text()='Sign Out']
15:32:42.743  INFO  manager.MyListener - The element -->By.xpath: //button[text()='Sign Out']was found
15:32:42.744  INFO  tests.TestBase - End of method -->loginTestDataProvider
15:32:42.745  INFO  tests.TestBase - Start method -->loginTestDataProvider
15:32:42.745  INFO  tests.TestBase - Test Start with Data -->[sonya@gmail.com, Ss12345$]
15:32:42.745  INFO  tests.TestBase - ==================================================================
15:32:42.745  INFO  manager.MyListener - Start find element by -->By.xpath: //button[text()='Sign Out']
15:32:42.759  INFO  manager.MyListener - The element -->By.xpath: //button[text()='Sign Out']was found
15:32:42.759  INFO  manager.MyListener - Start find element by -->By.xpath: //button[text()='Sign Out']
15:32:42.774  INFO  manager.MyListener - The element -->By.xpath: //button[text()='Sign Out']was found
15:32:42.794  INFO  manager.MyListener - Start find element by -->By.xpath: //button[text()='Sign Out']
15:32:42.805  INFO  manager.MyListener - The element -->By.xpath: //button[text()='Sign Out']was found
15:32:43.034  INFO  manager.MyListener - Start find element by -->By.xpath: //a[.='LOGIN']
15:32:43.052  INFO  manager.MyListener - The element -->By.xpath: //a[.='LOGIN']was found
15:32:43.284  INFO  manager.MyListener - Start find element by -->By.xpath: //input[1]
15:32:43.300  INFO  manager.MyListener - The element -->By.xpath: //input[1]was found
15:32:43.570  INFO  manager.MyListener - Start find element by -->By.xpath: //input[2]
15:32:43.578  INFO  manager.MyListener - The element -->By.xpath: //input[2]was found
15:32:43.843  INFO  manager.MyListener - Start find element by -->By.xpath: //button[1]
15:32:43.855  INFO  manager.MyListener - The element -->By.xpath: //button[1]was found
15:32:46.086  INFO  manager.MyListener - Start find element by -->By.xpath: //button[text()='Sign Out']
15:32:46.105  INFO  manager.MyListener - The element -->By.xpath: //button[text()='Sign Out']was found
15:32:46.106  INFO  tests.TestBase - End of method -->loginTestDataProvider
15:32:46.107  INFO  tests.TestBase - Start method -->loginTestDataProvider
15:32:46.107  INFO  tests.TestBase - Test Start with Data -->[noa@gmail.com, Nnoa12345$]
15:32:46.107  INFO  tests.TestBase - ==================================================================
15:32:46.107  INFO  manager.MyListener - Start find element by -->By.xpath: //button[text()='Sign Out']
15:32:46.120  INFO  manager.MyListener - The element -->By.xpath: //button[text()='Sign Out']was found
15:32:46.120  INFO  manager.MyListener - Start find element by -->By.xpath: //button[text()='Sign Out']
15:32:46.135  INFO  manager.MyListener - The element -->By.xpath: //button[text()='Sign Out']was found
15:32:46.159  INFO  manager.MyListener - Start find element by -->By.xpath: //button[text()='Sign Out']
15:32:46.167  INFO  manager.MyListener - The element -->By.xpath: //button[text()='Sign Out']was found
15:32:46.397  INFO  manager.MyListener - Start find element by -->By.xpath: //a[.='LOGIN']
15:32:46.413  INFO  manager.MyListener - The element -->By.xpath: //a[.='LOGIN']was found
15:32:46.645  INFO  manager.MyListener - Start find element by -->By.xpath: //input[1]
15:32:46.662  INFO  manager.MyListener - The element -->By.xpath: //input[1]was found
15:32:46.933  INFO  manager.MyListener - Start find element by -->By.xpath: //input[2]
15:32:46.948  INFO  manager.MyListener - The element -->By.xpath: //input[2]was found
15:32:47.214  INFO  manager.MyListener - Start find element by -->By.xpath: //button[1]
15:32:47.226  INFO  manager.MyListener - The element -->By.xpath: //button[1]was found
15:32:49.460  INFO  manager.MyListener - Start find element by -->By.xpath: //button[text()='Sign Out']
15:32:49.479  INFO  manager.MyListener - The element -->By.xpath: //button[text()='Sign Out']was found
15:32:49.479  INFO  tests.TestBase - End of method -->loginTestDataProvider
15:32:49.480  INFO  tests.TestBase - Start method -->loginTestDataProviderClass
15:32:49.480  INFO  tests.TestBase - Test Start with Data -->[noa@gmail.com, Nnoa12345$]
15:32:49.480  INFO  tests.TestBase - ==================================================================
15:32:49.480  INFO  manager.MyListener - Start find element by -->By.xpath: //button[text()='Sign Out']
15:32:49.498  INFO  manager.MyListener - The element -->By.xpath: //button[text()='Sign Out']was found
15:32:49.499  INFO  manager.MyListener - Start find element by -->By.xpath: //button[text()='Sign Out']
15:32:49.510  INFO  manager.MyListener - The element -->By.xpath: //button[text()='Sign Out']was found
15:32:49.531  INFO  manager.MyListener - Start find element by -->By.xpath: //button[text()='Sign Out']
15:32:49.540  INFO  manager.MyListener - The element -->By.xpath: //button[text()='Sign Out']was found
15:32:49.774  INFO  manager.MyListener - Start find element by -->By.xpath: //a[.='LOGIN']
15:32:49.790  INFO  manager.MyListener - The element -->By.xpath: //a[.='LOGIN']was found
15:32:50.024  INFO  manager.MyListener - Start find element by -->By.xpath: //input[1]
15:32:50.043  INFO  manager.MyListener - The element -->By.xpath: //input[1]was found
15:32:50.310  INFO  manager.MyListener - Start find element by -->By.xpath: //input[2]
15:32:50.319  INFO  manager.MyListener - The element -->By.xpath: //input[2]was found
15:32:50.584  INFO  manager.MyListener - Start find element by -->By.xpath: //button[1]
15:32:50.598  INFO  manager.MyListener - The element -->By.xpath: //button[1]was found
15:32:52.826  INFO  manager.MyListener - Start find element by -->By.xpath: //button[text()='Sign Out']
15:32:52.845  INFO  manager.MyListener - The element -->By.xpath: //button[text()='Sign Out']was found
15:32:52.845  INFO  tests.TestBase - End of method -->loginTestDataProviderClass
15:32:52.846  INFO  tests.TestBase - Start method -->loginTestDataProviderClass
15:32:52.846  INFO  tests.TestBase - Test Start with Data -->[sonya@gmail.com, Ss12345$]
15:32:52.846  INFO  tests.TestBase - ==================================================================
15:32:52.846  INFO  manager.MyListener - Start find element by -->By.xpath: //button[text()='Sign Out']
15:32:52.860  INFO  manager.MyListener - The element -->By.xpath: //button[text()='Sign Out']was found
15:32:52.860  INFO  manager.MyListener - Start find element by -->By.xpath: //button[text()='Sign Out']
15:32:52.874  INFO  manager.MyListener - The element -->By.xpath: //button[text()='Sign Out']was found
15:32:52.895  INFO  manager.MyListener - Start find element by -->By.xpath: //button[text()='Sign Out']
15:32:52.904  INFO  manager.MyListener - The element -->By.xpath: //button[text()='Sign Out']was found
15:32:53.137  INFO  manager.MyListener - Start find element by -->By.xpath: //a[.='LOGIN']
15:32:53.153  INFO  manager.MyListener - The element -->By.xpath: //a[.='LOGIN']was found
15:32:53.387  INFO  manager.MyListener - Start find element by -->By.xpath: //input[1]
15:32:53.403  INFO  manager.MyListener - The element -->By.xpath: //input[1]was found
15:32:53.670  INFO  manager.MyListener - Start find element by -->By.xpath: //input[2]
15:32:53.678  INFO  manager.MyListener - The element -->By.xpath: //input[2]was found
15:32:53.948  INFO  manager.MyListener - Start find element by -->By.xpath: //button[1]
15:32:53.959  INFO  manager.MyListener - The element -->By.xpath: //button[1]was found
15:32:56.196  INFO  manager.MyListener - Start find element by -->By.xpath: //button[text()='Sign Out']
15:32:56.213  INFO  manager.MyListener - The element -->By.xpath: //button[text()='Sign Out']was found
15:32:56.214  INFO  tests.TestBase - End of method -->loginTestDataProviderClass
15:32:56.214  INFO  tests.TestBase - Start method -->loginTestDataProviderClass
15:32:56.214  INFO  tests.TestBase - Test Start with Data -->[noa@gmail.com, Nnoa12345$]
15:32:56.214  INFO  tests.TestBase - ==================================================================
15:32:56.215  INFO  manager.MyListener - Start find element by -->By.xpath: //button[text()='Sign Out']
15:32:56.229  INFO  manager.MyListener - The element -->By.xpath: //button[text()='Sign Out']was found
15:32:56.229  INFO  manager.MyListener - Start find element by -->By.xpath: //button[text()='Sign Out']
15:32:56.246  INFO  manager.MyListener - The element -->By.xpath: //button[text()='Sign Out']was found
15:32:56.266  INFO  manager.MyListener - Start find element by -->By.xpath: //button[text()='Sign Out']
15:32:56.274  INFO  manager.MyListener - The element -->By.xpath: //button[text()='Sign Out']was found
15:32:56.508  INFO  manager.MyListener - Start find element by -->By.xpath: //a[.='LOGIN']
15:32:56.526  INFO  manager.MyListener - The element -->By.xpath: //a[.='LOGIN']was found
15:32:56.753  INFO  manager.MyListener - Start find element by -->By.xpath: //input[1]
15:32:56.772  INFO  manager.MyListener - The element -->By.xpath: //input[1]was found
15:32:57.039  INFO  manager.MyListener - Start find element by -->By.xpath: //input[2]
15:32:57.051  INFO  manager.MyListener - The element -->By.xpath: //input[2]was found
15:32:57.316  INFO  manager.MyListener - Start find element by -->By.xpath: //button[1]
15:32:57.329  INFO  manager.MyListener - The element -->By.xpath: //button[1]was found
15:32:59.561  INFO  manager.MyListener - Start find element by -->By.xpath: //button[text()='Sign Out']
15:32:59.580  INFO  manager.MyListener - The element -->By.xpath: //button[text()='Sign Out']was found
15:32:59.583  INFO  tests.TestBase - End of method -->loginTestDataProviderClass
15:32:59.584  INFO  tests.TestBase - Start method -->loginTestPositiveNewContact
15:32:59.584  INFO  tests.TestBase - Test Start with Data -->[]
15:32:59.584  INFO  tests.TestBase - ==================================================================
15:32:59.585  INFO  manager.MyListener - Start find element by -->By.xpath: //button[text()='Sign Out']
15:32:59.594  INFO  manager.MyListener - The element -->By.xpath: //button[text()='Sign Out']was found
15:32:59.594  INFO  manager.MyListener - Start find element by -->By.xpath: //button[text()='Sign Out']
15:32:59.609  INFO  manager.MyListener - The element -->By.xpath: //button[text()='Sign Out']was found
15:32:59.632  INFO  manager.MyListener - Start find element by -->By.xpath: //button[text()='Sign Out']
15:32:59.642  INFO  manager.MyListener - The element -->By.xpath: //button[text()='Sign Out']was found
15:32:59.875  INFO  manager.MyListener - Start find element by -->By.xpath: //a[.='LOGIN']
15:32:59.891  INFO  manager.MyListener - The element -->By.xpath: //a[.='LOGIN']was found
15:33:00.124  INFO  manager.MyListener - Start find element by -->By.xpath: //input[@placeholder='Email']
15:33:00.142  INFO  manager.MyListener - The element -->By.xpath: //input[@placeholder='Email']was found
15:33:00.412  INFO  manager.MyListener - Start find element by -->By.xpath: //input[@placeholder='Password']
15:33:00.419  INFO  manager.MyListener - The element -->By.xpath: //input[@placeholder='Password']was found
15:33:00.690  INFO  manager.MyListener - Start find element by -->By.xpath: //button[.=' Login']
15:33:00.700  INFO  manager.MyListener - The element -->By.xpath: //button[.=' Login']was found
15:33:02.929  INFO  manager.MyListener - Start find element by -->By.xpath: //a[.='ADD']
15:33:02.948  INFO  manager.MyListener - The element -->By.xpath: //a[.='ADD']was found
15:33:02.961  INFO  tests.TestBase - End of method -->loginTestPositiveNewContact
15:33:02.963  INFO  tests.TestBase - Start method -->loginTestWithWrongPassword
15:33:02.963  INFO  tests.TestBase - Test Start with Data -->[]
15:33:02.963  INFO  tests.TestBase - ==================================================================
15:33:02.964  INFO  manager.MyListener - Start find element by -->By.xpath: //button[text()='Sign Out']
15:33:02.977  INFO  manager.MyListener - The element -->By.xpath: //button[text()='Sign Out']was found
15:33:02.977  INFO  manager.MyListener - Start find element by -->By.xpath: //button[text()='Sign Out']
15:33:02.992  INFO  manager.MyListener - The element -->By.xpath: //button[text()='Sign Out']was found
15:33:03.015  INFO  manager.MyListener - Start find element by -->By.xpath: //button[text()='Sign Out']
15:33:03.024  INFO  manager.MyListener - The element -->By.xpath: //button[text()='Sign Out']was found
15:33:03.255  INFO  manager.MyListener - Start find element by -->By.xpath: //a[.='LOGIN']
15:33:03.271  INFO  manager.MyListener - The element -->By.xpath: //a[.='LOGIN']was found
15:33:03.500  INFO  manager.MyListener - Start find element by -->By.xpath: //input[1]
15:33:03.516  INFO  manager.MyListener - The element -->By.xpath: //input[1]was found
15:33:03.785  INFO  manager.MyListener - Start find element by -->By.xpath: //input[2]
15:33:03.795  INFO  manager.MyListener - The element -->By.xpath: //input[2]was found
15:33:04.065  INFO  manager.MyListener - Start find element by -->By.xpath: //button[1]
15:33:04.075  INFO  manager.MyListener - The element -->By.xpath: //button[1]was found
15:33:04.281  INFO  manager.MyListener - Start find element by -->By.xpath: //button[text()='Sign Out']
15:33:14.305  INFO  manager.MyListener - The element -->By.xpath: //button[text()='Sign Out']was found
15:33:14.306  INFO  tests.TestBase - End of method -->loginTestWithWrongPassword
