11:22:00.565  INFO  manager.AppManager - Start in browser CHROME
11:22:05.618  INFO  tests.TestBase - Start method -->loginTestBase
11:22:05.619  INFO  tests.TestBase - ==================================================================
11:22:05.620  INFO  manager.MyListener - Start find element by -->By.xpath: //button[text()='Sign Out']
11:22:15.693  INFO  manager.MyListener - The element -->By.xpath: //button[text()='Sign Out']was found
11:22:15.694  INFO  manager.MyListener - Start find element by -->By.xpath: //a[.='LOGIN']
11:22:15.712  INFO  manager.MyListener - The element -->By.xpath: //a[.='LOGIN']was found
11:22:15.793  INFO  manager.MyListener - Start find element by -->By.xpath: //input[1]
11:22:15.821  INFO  manager.MyListener - The element -->By.xpath: //input[1]was found
11:22:15.934  INFO  manager.MyListener - Start find element by -->By.xpath: //input[2]
11:22:15.961  INFO  manager.MyListener - The element -->By.xpath: //input[2]was found
11:22:16.070  INFO  manager.MyListener - Start find element by -->By.xpath: //button[1]
11:22:16.085  INFO  manager.MyListener - The element -->By.xpath: //button[1]was found
11:22:16.124  INFO  manager.MyListener - Start find element by -->By.xpath: //button[text()='Sign Out']
11:22:17.008  INFO  manager.MyListener - The element -->By.xpath: //button[text()='Sign Out']was found
11:22:17.012  INFO  tests.TestBase - End of method -->loginTestBase
11:22:17.016  INFO  tests.TestBase - Start method -->loginTestDP_CSV
11:22:17.016  INFO  tests.TestBase - ==================================================================
11:22:17.016  INFO  manager.MyListener - Start find element by -->By.xpath: //button[text()='Sign Out']
11:22:17.025  INFO  manager.MyListener - The element -->By.xpath: //button[text()='Sign Out']was found
11:22:17.027  INFO  manager.MyListener - Start find element by -->By.xpath: //button[text()='Sign Out']
11:22:17.046  INFO  manager.MyListener - The element -->By.xpath: //button[text()='Sign Out']was found
11:22:17.082  INFO  manager.MyListener - Start find element by -->By.xpath: //button[text()='Sign Out']
11:22:17.105  INFO  manager.MyListener - The element -->By.xpath: //button[text()='Sign Out']was found
11:22:17.161  INFO  manager.MyListener - Start find element by -->By.xpath: //a[.='LOGIN']
11:22:17.182  INFO  manager.MyListener - The element -->By.xpath: //a[.='LOGIN']was found
11:22:17.227  INFO  manager.MyListener - Start find element by -->By.xpath: //input[1]
11:22:17.244  INFO  manager.MyListener - The element -->By.xpath: //input[1]was found
11:22:17.361  INFO  manager.MyListener - Start find element by -->By.xpath: //input[2]
11:22:17.383  INFO  manager.MyListener - The element -->By.xpath: //input[2]was found
11:22:17.495  INFO  manager.MyListener - Start find element by -->By.xpath: //button[1]
11:22:17.506  INFO  manager.MyListener - The element -->By.xpath: //button[1]was found
11:22:17.553  INFO  manager.MyListener - Start find element by -->By.xpath: //button[text()='Sign Out']
11:22:17.753  INFO  manager.MyListener - The element -->By.xpath: //button[text()='Sign Out']was found
11:22:17.754  INFO  tests.TestBase - End of method -->loginTestDP_CSV
11:22:17.754  INFO  tests.TestBase - Start method -->loginTestDP_CSV
11:22:17.754  INFO  tests.TestBase - ==================================================================
11:22:17.755  INFO  manager.MyListener - Start find element by -->By.xpath: //button[text()='Sign Out']
11:22:17.771  INFO  manager.MyListener - The element -->By.xpath: //button[text()='Sign Out']was found
11:22:17.771  INFO  manager.MyListener - Start find element by -->By.xpath: //button[text()='Sign Out']
11:22:17.786  INFO  manager.MyListener - The element -->By.xpath: //button[text()='Sign Out']was found
11:22:17.809  INFO  manager.MyListener - Start find element by -->By.xpath: //button[text()='Sign Out']
11:22:17.832  INFO  manager.MyListener - The element -->By.xpath: //button[text()='Sign Out']was found
11:22:17.891  INFO  manager.MyListener - Start find element by -->By.xpath: //a[.='LOGIN']
11:22:17.909  INFO  manager.MyListener - The element -->By.xpath: //a[.='LOGIN']was found
11:22:17.955  INFO  manager.MyListener - Start find element by -->By.xpath: //input[1]
11:22:17.971  INFO  manager.MyListener - The element -->By.xpath: //input[1]was found
11:22:18.083  INFO  manager.MyListener - Start find element by -->By.xpath: //input[2]
11:22:18.093  INFO  manager.MyListener - The element -->By.xpath: //input[2]was found
11:22:18.206  INFO  manager.MyListener - Start find element by -->By.xpath: //button[1]
11:22:18.216  INFO  manager.MyListener - The element -->By.xpath: //button[1]was found
11:22:18.264  INFO  manager.MyListener - Start find element by -->By.xpath: //button[text()='Sign Out']
11:22:18.464  INFO  manager.MyListener - The element -->By.xpath: //button[text()='Sign Out']was found
11:22:18.465  INFO  tests.TestBase - End of method -->loginTestDP_CSV
11:22:18.466  INFO  tests.TestBase - Start method -->loginTestDP_CSV
11:22:18.466  INFO  tests.TestBase - ==================================================================
11:22:18.466  INFO  manager.MyListener - Start find element by -->By.xpath: //button[text()='Sign Out']
11:22:18.481  INFO  manager.MyListener - The element -->By.xpath: //button[text()='Sign Out']was found
11:22:18.482  INFO  manager.MyListener - Start find element by -->By.xpath: //button[text()='Sign Out']
11:22:18.495  INFO  manager.MyListener - The element -->By.xpath: //button[text()='Sign Out']was found
11:22:18.515  INFO  manager.MyListener - Start find element by -->By.xpath: //button[text()='Sign Out']
11:22:18.527  INFO  manager.MyListener - The element -->By.xpath: //button[text()='Sign Out']was found
11:22:18.578  INFO  manager.MyListener - Start find element by -->By.xpath: //a[.='LOGIN']
11:22:18.590  INFO  manager.MyListener - The element -->By.xpath: //a[.='LOGIN']was found
11:22:18.633  INFO  manager.MyListener - Start find element by -->By.xpath: //input[1]
11:22:18.654  INFO  manager.MyListener - The element -->By.xpath: //input[1]was found
11:22:18.768  INFO  manager.MyListener - Start find element by -->By.xpath: //input[2]
11:22:18.776  INFO  manager.MyListener - The element -->By.xpath: //input[2]was found
11:22:18.888  INFO  manager.MyListener - Start find element by -->By.xpath: //button[1]
11:22:18.898  INFO  manager.MyListener - The element -->By.xpath: //button[1]was found
11:22:18.942  INFO  manager.MyListener - Start find element by -->By.xpath: //button[text()='Sign Out']
11:22:19.147  INFO  manager.MyListener - The element -->By.xpath: //button[text()='Sign Out']was found
11:22:19.148  INFO  tests.TestBase - End of method -->loginTestDP_CSV
11:22:19.148  INFO  tests.TestBase - Start method -->loginTestDataProvider
11:22:19.148  INFO  tests.TestBase - ==================================================================
11:22:19.149  INFO  manager.MyListener - Start find element by -->By.xpath: //button[text()='Sign Out']
11:22:19.163  INFO  manager.MyListener - The element -->By.xpath: //button[text()='Sign Out']was found
11:22:19.163  INFO  manager.MyListener - Start find element by -->By.xpath: //button[text()='Sign Out']
11:22:19.179  INFO  manager.MyListener - The element -->By.xpath: //button[text()='Sign Out']was found
11:22:19.200  INFO  manager.MyListener - Start find element by -->By.xpath: //button[text()='Sign Out']
11:22:19.211  INFO  manager.MyListener - The element -->By.xpath: //button[text()='Sign Out']was found
11:22:19.262  INFO  manager.MyListener - Start find element by -->By.xpath: //a[.='LOGIN']
11:22:19.275  INFO  manager.MyListener - The element -->By.xpath: //a[.='LOGIN']was found
11:22:19.318  INFO  manager.MyListener - Start find element by -->By.xpath: //input[1]
11:22:19.339  INFO  manager.MyListener - The element -->By.xpath: //input[1]was found
11:22:19.468  INFO  manager.MyListener - Start find element by -->By.xpath: //input[2]
11:22:19.475  INFO  manager.MyListener - The element -->By.xpath: //input[2]was found
11:22:19.592  INFO  manager.MyListener - Start find element by -->By.xpath: //button[1]
11:22:19.601  INFO  manager.MyListener - The element -->By.xpath: //button[1]was found
11:22:21.654  INFO  manager.MyListener - Start find element by -->By.xpath: //button[text()='Sign Out']
11:22:21.677  INFO  manager.MyListener - The element -->By.xpath: //button[text()='Sign Out']was found
11:22:21.678  INFO  tests.TestBase - End of method -->loginTestDataProvider
11:22:21.679  INFO  tests.TestBase - Start method -->loginTestDataProvider
11:22:21.679  INFO  tests.TestBase - ==================================================================
11:22:21.680  INFO  manager.MyListener - Start find element by -->By.xpath: //button[text()='Sign Out']
11:22:21.692  INFO  manager.MyListener - The element -->By.xpath: //button[text()='Sign Out']was found
11:22:21.692  INFO  manager.MyListener - Start find element by -->By.xpath: //button[text()='Sign Out']
11:22:21.706  INFO  manager.MyListener - The element -->By.xpath: //button[text()='Sign Out']was found
11:22:21.728  INFO  manager.MyListener - Start find element by -->By.xpath: //button[text()='Sign Out']
11:22:21.737  INFO  manager.MyListener - The element -->By.xpath: //button[text()='Sign Out']was found
11:22:21.789  INFO  manager.MyListener - Start find element by -->By.xpath: //a[.='LOGIN']
11:22:21.801  INFO  manager.MyListener - The element -->By.xpath: //a[.='LOGIN']was found
11:22:21.849  INFO  manager.MyListener - Start find element by -->By.xpath: //input[1]
11:22:21.864  INFO  manager.MyListener - The element -->By.xpath: //input[1]was found
11:22:21.981  INFO  manager.MyListener - Start find element by -->By.xpath: //input[2]
11:22:21.989  INFO  manager.MyListener - The element -->By.xpath: //input[2]was found
11:22:22.101  INFO  manager.MyListener - Start find element by -->By.xpath: //button[1]
11:22:22.113  INFO  manager.MyListener - The element -->By.xpath: //button[1]was found
11:22:24.168  INFO  manager.MyListener - Start find element by -->By.xpath: //button[text()='Sign Out']
11:22:24.189  INFO  manager.MyListener - The element -->By.xpath: //button[text()='Sign Out']was found
11:22:24.190  INFO  tests.TestBase - End of method -->loginTestDataProvider
11:22:24.190  INFO  tests.TestBase - Start method -->loginTestDataProvider
11:22:24.190  INFO  tests.TestBase - ==================================================================
11:22:24.191  INFO  manager.MyListener - Start find element by -->By.xpath: //button[text()='Sign Out']
11:22:24.204  INFO  manager.MyListener - The element -->By.xpath: //button[text()='Sign Out']was found
11:22:24.204  INFO  manager.MyListener - Start find element by -->By.xpath: //button[text()='Sign Out']
11:22:24.219  INFO  manager.MyListener - The element -->By.xpath: //button[text()='Sign Out']was found
11:22:24.239  INFO  manager.MyListener - Start find element by -->By.xpath: //button[text()='Sign Out']
11:22:24.249  INFO  manager.MyListener - The element -->By.xpath: //button[text()='Sign Out']was found
11:22:24.300  INFO  manager.MyListener - Start find element by -->By.xpath: //a[.='LOGIN']
11:22:24.311  INFO  manager.MyListener - The element -->By.xpath: //a[.='LOGIN']was found
11:22:24.355  INFO  manager.MyListener - Start find element by -->By.xpath: //input[1]
11:22:24.374  INFO  manager.MyListener - The element -->By.xpath: //input[1]was found
11:22:24.488  INFO  manager.MyListener - Start find element by -->By.xpath: //input[2]
11:22:24.498  INFO  manager.MyListener - The element -->By.xpath: //input[2]was found
11:22:24.626  INFO  manager.MyListener - Start find element by -->By.xpath: //button[1]
11:22:24.635  INFO  manager.MyListener - The element -->By.xpath: //button[1]was found
11:22:26.698  INFO  manager.MyListener - Start find element by -->By.xpath: //button[text()='Sign Out']
11:22:26.719  INFO  manager.MyListener - The element -->By.xpath: //button[text()='Sign Out']was found
11:22:26.720  INFO  tests.TestBase - End of method -->loginTestDataProvider
11:22:26.720  INFO  tests.TestBase - Start method -->loginTestDataProviderClass
11:22:26.720  INFO  tests.TestBase - ==================================================================
11:22:26.721  INFO  manager.MyListener - Start find element by -->By.xpath: //button[text()='Sign Out']
11:22:26.735  INFO  manager.MyListener - The element -->By.xpath: //button[text()='Sign Out']was found
11:22:26.735  INFO  manager.MyListener - Start find element by -->By.xpath: //button[text()='Sign Out']
11:22:26.750  INFO  manager.MyListener - The element -->By.xpath: //button[text()='Sign Out']was found
11:22:26.771  INFO  manager.MyListener - Start find element by -->By.xpath: //button[text()='Sign Out']
11:22:26.782  INFO  manager.MyListener - The element -->By.xpath: //button[text()='Sign Out']was found
11:22:26.834  INFO  manager.MyListener - Start find element by -->By.xpath: //a[.='LOGIN']
11:22:26.844  INFO  manager.MyListener - The element -->By.xpath: //a[.='LOGIN']was found
11:22:26.895  INFO  manager.MyListener - Start find element by -->By.xpath: //input[1]
11:22:26.907  INFO  manager.MyListener - The element -->By.xpath: //input[1]was found
11:22:27.038  INFO  manager.MyListener - Start find element by -->By.xpath: //input[2]
11:22:27.047  INFO  manager.MyListener - The element -->By.xpath: //input[2]was found
11:22:27.176  INFO  manager.MyListener - Start find element by -->By.xpath: //button[1]
11:22:27.186  INFO  manager.MyListener - The element -->By.xpath: //button[1]was found
11:22:29.245  INFO  manager.MyListener - Start find element by -->By.xpath: //button[text()='Sign Out']
11:22:29.267  INFO  manager.MyListener - The element -->By.xpath: //button[text()='Sign Out']was found
11:22:29.268  INFO  tests.TestBase - End of method -->loginTestDataProviderClass
11:22:29.268  INFO  tests.TestBase - Start method -->loginTestDataProviderClass
11:22:29.268  INFO  tests.TestBase - ==================================================================
11:22:29.268  INFO  manager.MyListener - Start find element by -->By.xpath: //button[text()='Sign Out']
11:22:29.283  INFO  manager.MyListener - The element -->By.xpath: //button[text()='Sign Out']was found
11:22:29.283  INFO  manager.MyListener - Start find element by -->By.xpath: //button[text()='Sign Out']
11:22:29.298  INFO  manager.MyListener - The element -->By.xpath: //button[text()='Sign Out']was found
11:22:29.318  INFO  manager.MyListener - Start find element by -->By.xpath: //button[text()='Sign Out']
11:22:29.330  INFO  manager.MyListener - The element -->By.xpath: //button[text()='Sign Out']was found
11:22:29.381  INFO  manager.MyListener - Start find element by -->By.xpath: //a[.='LOGIN']
11:22:29.391  INFO  manager.MyListener - The element -->By.xpath: //a[.='LOGIN']was found
11:22:29.438  INFO  manager.MyListener - Start find element by -->By.xpath: //input[1]
11:22:29.454  INFO  manager.MyListener - The element -->By.xpath: //input[1]was found
11:22:29.584  INFO  manager.MyListener - Start find element by -->By.xpath: //input[2]
11:22:29.593  INFO  manager.MyListener - The element -->By.xpath: //input[2]was found
11:22:29.705  INFO  manager.MyListener - Start find element by -->By.xpath: //button[1]
11:22:29.716  INFO  manager.MyListener - The element -->By.xpath: //button[1]was found
11:22:31.766  INFO  manager.MyListener - Start find element by -->By.xpath: //button[text()='Sign Out']
11:22:31.787  INFO  manager.MyListener - The element -->By.xpath: //button[text()='Sign Out']was found
11:22:31.788  INFO  tests.TestBase - End of method -->loginTestDataProviderClass
11:22:31.788  INFO  tests.TestBase - Start method -->loginTestDataProviderClass
11:22:31.788  INFO  tests.TestBase - ==================================================================
11:22:31.789  INFO  manager.MyListener - Start find element by -->By.xpath: //button[text()='Sign Out']
11:22:31.801  INFO  manager.MyListener - The element -->By.xpath: //button[text()='Sign Out']was found
11:22:31.802  INFO  manager.MyListener - Start find element by -->By.xpath: //button[text()='Sign Out']
11:22:31.817  INFO  manager.MyListener - The element -->By.xpath: //button[text()='Sign Out']was found
11:22:31.837  INFO  manager.MyListener - Start find element by -->By.xpath: //button[text()='Sign Out']
11:22:31.849  INFO  manager.MyListener - The element -->By.xpath: //button[text()='Sign Out']was found
11:22:31.907  INFO  manager.MyListener - Start find element by -->By.xpath: //a[.='LOGIN']
11:22:31.925  INFO  manager.MyListener - The element -->By.xpath: //a[.='LOGIN']was found
11:22:31.977  INFO  manager.MyListener - Start find element by -->By.xpath: //input[1]
11:22:31.987  INFO  manager.MyListener - The element -->By.xpath: //input[1]was found
11:22:32.103  INFO  manager.MyListener - Start find element by -->By.xpath: //input[2]
11:22:32.110  INFO  manager.MyListener - The element -->By.xpath: //input[2]was found
11:22:32.228  INFO  manager.MyListener - Start find element by -->By.xpath: //button[1]
11:22:32.236  INFO  manager.MyListener - The element -->By.xpath: //button[1]was found
11:22:34.287  INFO  manager.MyListener - Start find element by -->By.xpath: //button[text()='Sign Out']
11:22:34.308  INFO  manager.MyListener - The element -->By.xpath: //button[text()='Sign Out']was found
11:22:34.309  INFO  tests.TestBase - End of method -->loginTestDataProviderClass
11:22:34.309  INFO  tests.TestBase - Start method -->loginTestPositiveNewContact
11:22:34.310  INFO  tests.TestBase - ==================================================================
11:22:34.310  INFO  manager.MyListener - Start find element by -->By.xpath: //button[text()='Sign Out']
11:22:34.324  INFO  manager.MyListener - The element -->By.xpath: //button[text()='Sign Out']was found
11:22:34.324  INFO  manager.MyListener - Start find element by -->By.xpath: //button[text()='Sign Out']
11:22:34.340  INFO  manager.MyListener - The element -->By.xpath: //button[text()='Sign Out']was found
11:22:34.362  INFO  manager.MyListener - Start find element by -->By.xpath: //button[text()='Sign Out']
11:22:34.372  INFO  manager.MyListener - The element -->By.xpath: //button[text()='Sign Out']was found
11:22:34.426  INFO  manager.MyListener - Start find element by -->By.xpath: //a[.='LOGIN']
11:22:34.448  INFO  manager.MyListener - The element -->By.xpath: //a[.='LOGIN']was found
11:22:34.498  INFO  manager.MyListener - Start find element by -->By.xpath: //input[@placeholder='Email']
11:22:34.516  INFO  manager.MyListener - The element -->By.xpath: //input[@placeholder='Email']was found
11:22:34.641  INFO  manager.MyListener - Start find element by -->By.xpath: //input[@placeholder='Password']
11:22:34.655  INFO  manager.MyListener - The element -->By.xpath: //input[@placeholder='Password']was found
11:22:34.777  INFO  manager.MyListener - Start find element by -->By.xpath: //button[.=' Login']
11:22:34.796  INFO  manager.MyListener - The element -->By.xpath: //button[.=' Login']was found
11:22:36.842  INFO  manager.MyListener - Start find element by -->By.xpath: //a[.='ADD']
11:22:36.870  INFO  manager.MyListener - The element -->By.xpath: //a[.='ADD']was found
11:22:36.882  INFO  tests.TestBase - End of method -->loginTestPositiveNewContact
11:22:36.883  INFO  tests.TestBase - Start method -->loginTestWithWrongPassword
11:22:36.883  INFO  tests.TestBase - ==================================================================
11:22:36.884  INFO  manager.MyListener - Start find element by -->By.xpath: //button[text()='Sign Out']
11:22:36.895  INFO  manager.MyListener - The element -->By.xpath: //button[text()='Sign Out']was found
11:22:36.895  INFO  manager.MyListener - Start find element by -->By.xpath: //button[text()='Sign Out']
11:22:36.911  INFO  manager.MyListener - The element -->By.xpath: //button[text()='Sign Out']was found
11:22:36.931  INFO  manager.MyListener - Start find element by -->By.xpath: //button[text()='Sign Out']
11:22:36.942  INFO  manager.MyListener - The element -->By.xpath: //button[text()='Sign Out']was found
11:22:36.996  INFO  manager.MyListener - Start find element by -->By.xpath: //a[.='LOGIN']
11:22:37.003  INFO  manager.MyListener - The element -->By.xpath: //a[.='LOGIN']was found
11:22:37.050  INFO  manager.MyListener - Start find element by -->By.xpath: //input[1]
11:22:37.065  INFO  manager.MyListener - The element -->By.xpath: //input[1]was found
11:22:37.182  INFO  manager.MyListener - Start find element by -->By.xpath: //input[2]
11:22:37.189  INFO  manager.MyListener - The element -->By.xpath: //input[2]was found
11:22:37.320  INFO  manager.MyListener - Start find element by -->By.xpath: //button[1]
11:22:37.329  INFO  manager.MyListener - The element -->By.xpath: //button[1]was found
11:22:37.919  INFO  manager.MyListener - Start find element by -->By.xpath: //button[text()='Sign Out']
11:22:47.964  INFO  manager.MyListener - The element -->By.xpath: //button[text()='Sign Out']was found
11:22:47.964  INFO  tests.TestBase - End of method -->loginTestWithWrongPassword
11:23:12.669  INFO  manager.AppManager - Start in browser CHROME
11:23:15.199  INFO  tests.TestBase - Start method -->quicktest
11:23:15.199  INFO  tests.TestBase - ==================================================================
11:23:15.202  INFO  tests.TestBase - End of method -->quicktest
11:23:24.698  INFO  manager.AppManager - Start in browser CHROME
11:23:27.118  INFO  tests.TestBase - Start method -->smokeTest
11:23:27.118  INFO  tests.TestBase - ==================================================================
11:23:27.121  INFO  tests.TestBase - End of method -->smokeTest
11:31:39.526  INFO  manager.AppManager - Start in browser CHROME
11:31:41.049  INFO  tests.TestBase - Start method -->loginTestPositiveNewContact
11:31:41.049  INFO  tests.TestBase - ==================================================================
11:31:41.050  INFO  manager.MyListener - Start find element by -->By.xpath: //button[text()='Sign Out']
11:31:51.065  INFO  manager.MyListener - The element -->By.xpath: //button[text()='Sign Out']was found
11:31:51.066  INFO  manager.MyListener - Start find element by -->By.xpath: //a[.='LOGIN']
11:31:51.082  INFO  manager.MyListener - The element -->By.xpath: //a[.='LOGIN']was found
11:31:51.159  INFO  manager.MyListener - Start find element by -->By.xpath: //input[@placeholder='Email']
11:31:51.185  INFO  manager.MyListener - The element -->By.xpath: //input[@placeholder='Email']was found
11:31:51.310  INFO  manager.MyListener - Start find element by -->By.xpath: //input[@placeholder='Password']
11:31:51.336  INFO  manager.MyListener - The element -->By.xpath: //input[@placeholder='Password']was found
11:31:51.460  INFO  manager.MyListener - Start find element by -->By.xpath: //button[.=' Login']
11:31:51.475  INFO  manager.MyListener - The element -->By.xpath: //button[.=' Login']was found
11:31:53.518  INFO  manager.MyListener - Start find element by -->By.xpath: //a[.='ADD']
11:31:53.544  INFO  manager.MyListener - The element -->By.xpath: //a[.='ADD']was found
11:31:53.560  INFO  tests.TestBase - End of method -->loginTestPositiveNewContact
11:33:50.592  INFO  manager.AppManager - Start in browser CHROME
11:33:51.980  INFO  tests.TestBase - Start method -->loginTestWithWrongPassword
11:33:51.980  INFO  tests.TestBase - ==================================================================
11:33:51.981  INFO  manager.MyListener - Start find element by -->By.xpath: //button[text()='Sign Out']
11:34:02.056  INFO  manager.MyListener - The element -->By.xpath: //button[text()='Sign Out']was found
11:34:02.057  INFO  manager.MyListener - Start find element by -->By.xpath: //a[.='LOGIN']
11:34:02.073  INFO  manager.MyListener - The element -->By.xpath: //a[.='LOGIN']was found
11:34:02.147  INFO  manager.MyListener - Start find element by -->By.xpath: //input[1]
11:34:02.168  INFO  manager.MyListener - The element -->By.xpath: //input[1]was found
11:34:02.281  INFO  manager.MyListener - Start find element by -->By.xpath: //input[2]
11:34:02.308  INFO  manager.MyListener - The element -->By.xpath: //input[2]was found
11:34:02.430  INFO  manager.MyListener - Start find element by -->By.xpath: //button[1]
11:34:02.448  INFO  manager.MyListener - The element -->By.xpath: //button[1]was found
11:34:03.536  INFO  manager.MyListener - Start find element by -->By.xpath: //button[text()='Sign Out']
11:34:13.586  INFO  manager.MyListener - The element -->By.xpath: //button[text()='Sign Out']was found
11:34:13.590  INFO  tests.TestBase - End of method -->loginTestWithWrongPassword
11:37:21.861  INFO  manager.AppManager - Start in browser CHROME
11:37:29.415  INFO  tests.TestBase - Start method -->loginTestBase
11:37:29.416  INFO  tests.TestBase - ==================================================================
11:37:29.417  INFO  manager.MyListener - Start find element by -->By.xpath: //button[text()='Sign Out']
11:37:39.490  INFO  manager.MyListener - The element -->By.xpath: //button[text()='Sign Out']was found
11:37:39.491  INFO  manager.MyListener - Start find element by -->By.xpath: //a[.='LOGIN']
11:37:39.509  INFO  manager.MyListener - The element -->By.xpath: //a[.='LOGIN']was found
11:37:39.583  INFO  manager.MyListener - Start find element by -->By.xpath: //input[1]
11:37:39.604  INFO  manager.MyListener - The element -->By.xpath: //input[1]was found
11:37:39.733  INFO  manager.MyListener - Start find element by -->By.xpath: //input[2]
11:37:39.761  INFO  manager.MyListener - The element -->By.xpath: //input[2]was found
11:37:39.867  INFO  manager.MyListener - Start find element by -->By.xpath: //button[1]
11:37:39.883  INFO  manager.MyListener - The element -->By.xpath: //button[1]was found
11:37:39.925  INFO  manager.MyListener - Start find element by -->By.xpath: //button[text()='Sign Out']
11:37:41.053  INFO  manager.MyListener - The element -->By.xpath: //button[text()='Sign Out']was found
11:37:41.057  INFO  tests.TestBase - End of method -->loginTestBase
